{
  "stats": {
    "suites": 1,
    "tests": 28,
    "passes": 28,
    "pending": 0,
    "failures": 0,
    "start": "2017-11-24T06:08:57.736Z",
    "end": "2017-11-24T06:08:57.755Z",
    "duration": 19,
    "testsRegistered": 28,
    "passPercent": 100,
    "pendingPercent": 0,
    "other": 0,
    "hasOther": false,
    "skipped": 0,
    "hasSkipped": false,
    "passPercentClass": "success",
    "pendingPercentClass": "danger"
  },
  "suites": {
    "title": "",
    "suites": [
      {
        "title": "常规测试",
        "suites": [],
        "tests": [
          {
            "title": "2017/11/1的第1天应该是2017/11/2",
            "fullTitle": "常规测试 2017/11/1的第1天应该是2017/11/2",
            "timedOut": false,
            "duration": 2,
            "state": "passed",
            "speed": "fast",
            "pass": true,
            "fail": false,
            "pending": false,
            "code": "__cov_UJz7PfT_rMTJlTCgpG7q8g.f['2']++;__cov_UJz7PfT_rMTJlTCgpG7q8g.s['15']++;expect(nextNDays(y,m,d,v[1])).to.be.equal(v[2]);",
            "err": {},
            "isRoot": false,
            "uuid": "4b8be8ca-9814-402c-8bec-f63d36310439",
            "parentUUID": "6fd7a821-45d0-404a-bd81-99fe35c2e61f",
            "isHook": false,
            "skipped": false
          },
          {
            "title": "2017/11/1的第2天应该是2017/11/3",
            "fullTitle": "常规测试 2017/11/1的第2天应该是2017/11/3",
            "timedOut": false,
            "duration": 1,
            "state": "passed",
            "speed": "fast",
            "pass": true,
            "fail": false,
            "pending": false,
            "code": "__cov_UJz7PfT_rMTJlTCgpG7q8g.f['2']++;__cov_UJz7PfT_rMTJlTCgpG7q8g.s['15']++;expect(nextNDays(y,m,d,v[1])).to.be.equal(v[2]);",
            "err": {},
            "isRoot": false,
            "uuid": "9e1b788c-8fbc-4bf6-a515-2c1e2b6f1f18",
            "parentUUID": "6fd7a821-45d0-404a-bd81-99fe35c2e61f",
            "isHook": false,
            "skipped": false
          },
          {
            "title": "2017/11/1的第3天应该是2017/11/4",
            "fullTitle": "常规测试 2017/11/1的第3天应该是2017/11/4",
            "timedOut": false,
            "duration": 0,
            "state": "passed",
            "speed": "fast",
            "pass": true,
            "fail": false,
            "pending": false,
            "code": "__cov_UJz7PfT_rMTJlTCgpG7q8g.f['2']++;__cov_UJz7PfT_rMTJlTCgpG7q8g.s['15']++;expect(nextNDays(y,m,d,v[1])).to.be.equal(v[2]);",
            "err": {},
            "isRoot": false,
            "uuid": "842fdc3d-2c61-4a26-8c9c-4fc785f9e3c4",
            "parentUUID": "6fd7a821-45d0-404a-bd81-99fe35c2e61f",
            "isHook": false,
            "skipped": false
          },
          {
            "title": "2017/11/1的第4天应该是2017/11/5",
            "fullTitle": "常规测试 2017/11/1的第4天应该是2017/11/5",
            "timedOut": false,
            "duration": 0,
            "state": "passed",
            "speed": "fast",
            "pass": true,
            "fail": false,
            "pending": false,
            "code": "__cov_UJz7PfT_rMTJlTCgpG7q8g.f['2']++;__cov_UJz7PfT_rMTJlTCgpG7q8g.s['15']++;expect(nextNDays(y,m,d,v[1])).to.be.equal(v[2]);",
            "err": {},
            "isRoot": false,
            "uuid": "d1a4c8ab-0e17-4c63-b284-657c79ab29ab",
            "parentUUID": "6fd7a821-45d0-404a-bd81-99fe35c2e61f",
            "isHook": false,
            "skipped": false
          },
          {
            "title": "2017/11/1的第5天应该是2017/11/6",
            "fullTitle": "常规测试 2017/11/1的第5天应该是2017/11/6",
            "timedOut": false,
            "duration": 0,
            "state": "passed",
            "speed": "fast",
            "pass": true,
            "fail": false,
            "pending": false,
            "code": "__cov_UJz7PfT_rMTJlTCgpG7q8g.f['2']++;__cov_UJz7PfT_rMTJlTCgpG7q8g.s['15']++;expect(nextNDays(y,m,d,v[1])).to.be.equal(v[2]);",
            "err": {},
            "isRoot": false,
            "uuid": "b861cf36-ff4a-4fb1-80a4-c2307f815bb0",
            "parentUUID": "6fd7a821-45d0-404a-bd81-99fe35c2e61f",
            "isHook": false,
            "skipped": false
          },
          {
            "title": "2017/11/1的第6天应该是2017/11/7",
            "fullTitle": "常规测试 2017/11/1的第6天应该是2017/11/7",
            "timedOut": false,
            "duration": 1,
            "state": "passed",
            "speed": "fast",
            "pass": true,
            "fail": false,
            "pending": false,
            "code": "__cov_UJz7PfT_rMTJlTCgpG7q8g.f['2']++;__cov_UJz7PfT_rMTJlTCgpG7q8g.s['15']++;expect(nextNDays(y,m,d,v[1])).to.be.equal(v[2]);",
            "err": {},
            "isRoot": false,
            "uuid": "43bf1018-4640-4fc9-8abd-5b464265deea",
            "parentUUID": "6fd7a821-45d0-404a-bd81-99fe35c2e61f",
            "isHook": false,
            "skipped": false
          },
          {
            "title": "2017/11/1的第7天应该是2017/11/8",
            "fullTitle": "常规测试 2017/11/1的第7天应该是2017/11/8",
            "timedOut": false,
            "duration": 0,
            "state": "passed",
            "speed": "fast",
            "pass": true,
            "fail": false,
            "pending": false,
            "code": "__cov_UJz7PfT_rMTJlTCgpG7q8g.f['2']++;__cov_UJz7PfT_rMTJlTCgpG7q8g.s['15']++;expect(nextNDays(y,m,d,v[1])).to.be.equal(v[2]);",
            "err": {},
            "isRoot": false,
            "uuid": "50c7f64a-beca-493d-9ac1-bd221f7b7c4c",
            "parentUUID": "6fd7a821-45d0-404a-bd81-99fe35c2e61f",
            "isHook": false,
            "skipped": false
          },
          {
            "title": "2017/11/1的第30天应该是2017/12/1",
            "fullTitle": "常规测试 2017/11/1的第30天应该是2017/12/1",
            "timedOut": false,
            "duration": 0,
            "state": "passed",
            "speed": "fast",
            "pass": true,
            "fail": false,
            "pending": false,
            "code": "__cov_UJz7PfT_rMTJlTCgpG7q8g.f['2']++;__cov_UJz7PfT_rMTJlTCgpG7q8g.s['15']++;expect(nextNDays(y,m,d,v[1])).to.be.equal(v[2]);",
            "err": {},
            "isRoot": false,
            "uuid": "82658c6d-d2ee-4594-b57f-04597db48b03",
            "parentUUID": "6fd7a821-45d0-404a-bd81-99fe35c2e61f",
            "isHook": false,
            "skipped": false
          },
          {
            "title": "2017/11/1的第365天应该是2018/11/1",
            "fullTitle": "常规测试 2017/11/1的第365天应该是2018/11/1",
            "timedOut": false,
            "duration": 0,
            "state": "passed",
            "speed": "fast",
            "pass": true,
            "fail": false,
            "pending": false,
            "code": "__cov_UJz7PfT_rMTJlTCgpG7q8g.f['2']++;__cov_UJz7PfT_rMTJlTCgpG7q8g.s['15']++;expect(nextNDays(y,m,d,v[1])).to.be.equal(v[2]);",
            "err": {},
            "isRoot": false,
            "uuid": "8871cceb-0582-4362-b7ed-b66c45cb8ff9",
            "parentUUID": "6fd7a821-45d0-404a-bd81-99fe35c2e61f",
            "isHook": false,
            "skipped": false
          },
          {
            "title": "2017/11/1的第731天应该是2019/11/2",
            "fullTitle": "常规测试 2017/11/1的第731天应该是2019/11/2",
            "timedOut": false,
            "duration": 1,
            "state": "passed",
            "speed": "fast",
            "pass": true,
            "fail": false,
            "pending": false,
            "code": "__cov_UJz7PfT_rMTJlTCgpG7q8g.f['2']++;__cov_UJz7PfT_rMTJlTCgpG7q8g.s['15']++;expect(nextNDays(y,m,d,v[1])).to.be.equal(v[2]);",
            "err": {},
            "isRoot": false,
            "uuid": "bf2d4089-bb86-414c-8a76-bfb6c03f04e8",
            "parentUUID": "6fd7a821-45d0-404a-bd81-99fe35c2e61f",
            "isHook": false,
            "skipped": false
          },
          {
            "title": "2017/11/1的第-1天应该是2017/10/31",
            "fullTitle": "常规测试 2017/11/1的第-1天应该是2017/10/31",
            "timedOut": false,
            "duration": 0,
            "state": "passed",
            "speed": "fast",
            "pass": true,
            "fail": false,
            "pending": false,
            "code": "__cov_UJz7PfT_rMTJlTCgpG7q8g.f['2']++;__cov_UJz7PfT_rMTJlTCgpG7q8g.s['15']++;expect(nextNDays(y,m,d,v[1])).to.be.equal(v[2]);",
            "err": {},
            "isRoot": false,
            "uuid": "4044f276-92e7-45e2-93a2-1bbd898a751c",
            "parentUUID": "6fd7a821-45d0-404a-bd81-99fe35c2e61f",
            "isHook": false,
            "skipped": false
          },
          {
            "title": "2017/11/1的第-2天应该是2017/10/30",
            "fullTitle": "常规测试 2017/11/1的第-2天应该是2017/10/30",
            "timedOut": false,
            "duration": 0,
            "state": "passed",
            "speed": "fast",
            "pass": true,
            "fail": false,
            "pending": false,
            "code": "__cov_UJz7PfT_rMTJlTCgpG7q8g.f['2']++;__cov_UJz7PfT_rMTJlTCgpG7q8g.s['15']++;expect(nextNDays(y,m,d,v[1])).to.be.equal(v[2]);",
            "err": {},
            "isRoot": false,
            "uuid": "3987dab3-8a9b-429a-82f5-a7024f1c7984",
            "parentUUID": "6fd7a821-45d0-404a-bd81-99fe35c2e61f",
            "isHook": false,
            "skipped": false
          },
          {
            "title": "2017/11/1的第-3天应该是2017/10/29",
            "fullTitle": "常规测试 2017/11/1的第-3天应该是2017/10/29",
            "timedOut": false,
            "duration": 0,
            "state": "passed",
            "speed": "fast",
            "pass": true,
            "fail": false,
            "pending": false,
            "code": "__cov_UJz7PfT_rMTJlTCgpG7q8g.f['2']++;__cov_UJz7PfT_rMTJlTCgpG7q8g.s['15']++;expect(nextNDays(y,m,d,v[1])).to.be.equal(v[2]);",
            "err": {},
            "isRoot": false,
            "uuid": "43c05578-df2a-475d-8f20-b39a81dcc5d6",
            "parentUUID": "6fd7a821-45d0-404a-bd81-99fe35c2e61f",
            "isHook": false,
            "skipped": false
          },
          {
            "title": "2017/11/1的第-4天应该是2017/10/28",
            "fullTitle": "常规测试 2017/11/1的第-4天应该是2017/10/28",
            "timedOut": false,
            "duration": 0,
            "state": "passed",
            "speed": "fast",
            "pass": true,
            "fail": false,
            "pending": false,
            "code": "__cov_UJz7PfT_rMTJlTCgpG7q8g.f['2']++;__cov_UJz7PfT_rMTJlTCgpG7q8g.s['15']++;expect(nextNDays(y,m,d,v[1])).to.be.equal(v[2]);",
            "err": {},
            "isRoot": false,
            "uuid": "4980eac6-26ac-4500-9038-ed3b18df2ef4",
            "parentUUID": "6fd7a821-45d0-404a-bd81-99fe35c2e61f",
            "isHook": false,
            "skipped": false
          },
          {
            "title": "2017/11/1的第-5天应该是2017/10/27",
            "fullTitle": "常规测试 2017/11/1的第-5天应该是2017/10/27",
            "timedOut": false,
            "duration": 1,
            "state": "passed",
            "speed": "fast",
            "pass": true,
            "fail": false,
            "pending": false,
            "code": "__cov_UJz7PfT_rMTJlTCgpG7q8g.f['2']++;__cov_UJz7PfT_rMTJlTCgpG7q8g.s['15']++;expect(nextNDays(y,m,d,v[1])).to.be.equal(v[2]);",
            "err": {},
            "isRoot": false,
            "uuid": "993d29cb-031a-416f-b1cd-bcd21b0bebd5",
            "parentUUID": "6fd7a821-45d0-404a-bd81-99fe35c2e61f",
            "isHook": false,
            "skipped": false
          },
          {
            "title": "2017/11/1的第-6天应该是2017/10/26",
            "fullTitle": "常规测试 2017/11/1的第-6天应该是2017/10/26",
            "timedOut": false,
            "duration": 0,
            "state": "passed",
            "speed": "fast",
            "pass": true,
            "fail": false,
            "pending": false,
            "code": "__cov_UJz7PfT_rMTJlTCgpG7q8g.f['2']++;__cov_UJz7PfT_rMTJlTCgpG7q8g.s['15']++;expect(nextNDays(y,m,d,v[1])).to.be.equal(v[2]);",
            "err": {},
            "isRoot": false,
            "uuid": "318a488f-00a9-4182-842f-8687a1d855d1",
            "parentUUID": "6fd7a821-45d0-404a-bd81-99fe35c2e61f",
            "isHook": false,
            "skipped": false
          },
          {
            "title": "2017/11/1的第-7天应该是2017/10/25",
            "fullTitle": "常规测试 2017/11/1的第-7天应该是2017/10/25",
            "timedOut": false,
            "duration": 0,
            "state": "passed",
            "speed": "fast",
            "pass": true,
            "fail": false,
            "pending": false,
            "code": "__cov_UJz7PfT_rMTJlTCgpG7q8g.f['2']++;__cov_UJz7PfT_rMTJlTCgpG7q8g.s['15']++;expect(nextNDays(y,m,d,v[1])).to.be.equal(v[2]);",
            "err": {},
            "isRoot": false,
            "uuid": "a3a82c4d-b691-4a23-a485-ec8f08c7a33d",
            "parentUUID": "6fd7a821-45d0-404a-bd81-99fe35c2e61f",
            "isHook": false,
            "skipped": false
          },
          {
            "title": "2017/11/1的第-30天应该是2017/10/2",
            "fullTitle": "常规测试 2017/11/1的第-30天应该是2017/10/2",
            "timedOut": false,
            "duration": 0,
            "state": "passed",
            "speed": "fast",
            "pass": true,
            "fail": false,
            "pending": false,
            "code": "__cov_UJz7PfT_rMTJlTCgpG7q8g.f['2']++;__cov_UJz7PfT_rMTJlTCgpG7q8g.s['15']++;expect(nextNDays(y,m,d,v[1])).to.be.equal(v[2]);",
            "err": {},
            "isRoot": false,
            "uuid": "2149dc7f-a9ec-4c9f-b613-7d430824694a",
            "parentUUID": "6fd7a821-45d0-404a-bd81-99fe35c2e61f",
            "isHook": false,
            "skipped": false
          },
          {
            "title": "2017/11/1的第-365天应该是2016/11/1",
            "fullTitle": "常规测试 2017/11/1的第-365天应该是2016/11/1",
            "timedOut": false,
            "duration": 0,
            "state": "passed",
            "speed": "fast",
            "pass": true,
            "fail": false,
            "pending": false,
            "code": "__cov_UJz7PfT_rMTJlTCgpG7q8g.f['2']++;__cov_UJz7PfT_rMTJlTCgpG7q8g.s['15']++;expect(nextNDays(y,m,d,v[1])).to.be.equal(v[2]);",
            "err": {},
            "isRoot": false,
            "uuid": "bb2211ea-bc53-460c-99b8-95e8639726b0",
            "parentUUID": "6fd7a821-45d0-404a-bd81-99fe35c2e61f",
            "isHook": false,
            "skipped": false
          },
          {
            "title": "2017/11/1的第-730天应该是2015/11/2",
            "fullTitle": "常规测试 2017/11/1的第-730天应该是2015/11/2",
            "timedOut": false,
            "duration": 0,
            "state": "passed",
            "speed": "fast",
            "pass": true,
            "fail": false,
            "pending": false,
            "code": "__cov_UJz7PfT_rMTJlTCgpG7q8g.f['2']++;__cov_UJz7PfT_rMTJlTCgpG7q8g.s['15']++;expect(nextNDays(y,m,d,v[1])).to.be.equal(v[2]);",
            "err": {},
            "isRoot": false,
            "uuid": "f9b4f1c1-3d69-48aa-a46b-65a62c847b47",
            "parentUUID": "6fd7a821-45d0-404a-bd81-99fe35c2e61f",
            "isHook": false,
            "skipped": false
          },
          {
            "title": "2017/11/1的第1000天应该是2020/7/28",
            "fullTitle": "常规测试 2017/11/1的第1000天应该是2020/7/28",
            "timedOut": false,
            "duration": 0,
            "state": "passed",
            "speed": "fast",
            "pass": true,
            "fail": false,
            "pending": false,
            "code": "__cov_UJz7PfT_rMTJlTCgpG7q8g.f['2']++;__cov_UJz7PfT_rMTJlTCgpG7q8g.s['15']++;expect(nextNDays(y,m,d,v[1])).to.be.equal(v[2]);",
            "err": {},
            "isRoot": false,
            "uuid": "7f1c3f59-7a6c-477b-9e12-6b5f6dc27adf",
            "parentUUID": "6fd7a821-45d0-404a-bd81-99fe35c2e61f",
            "isHook": false,
            "skipped": false
          },
          {
            "title": "2017/11/1的第-1000天应该是2015/2/5",
            "fullTitle": "常规测试 2017/11/1的第-1000天应该是2015/2/5",
            "timedOut": false,
            "duration": 0,
            "state": "passed",
            "speed": "fast",
            "pass": true,
            "fail": false,
            "pending": false,
            "code": "__cov_UJz7PfT_rMTJlTCgpG7q8g.f['2']++;__cov_UJz7PfT_rMTJlTCgpG7q8g.s['15']++;expect(nextNDays(y,m,d,v[1])).to.be.equal(v[2]);",
            "err": {},
            "isRoot": false,
            "uuid": "50b99256-66b0-4dc0-8edb-4166f7e96398",
            "parentUUID": "6fd7a821-45d0-404a-bd81-99fe35c2e61f",
            "isHook": false,
            "skipped": false
          },
          {
            "title": "2017/11/1的第2000天应该是2023/4/24",
            "fullTitle": "常规测试 2017/11/1的第2000天应该是2023/4/24",
            "timedOut": false,
            "duration": 1,
            "state": "passed",
            "speed": "fast",
            "pass": true,
            "fail": false,
            "pending": false,
            "code": "__cov_UJz7PfT_rMTJlTCgpG7q8g.f['2']++;__cov_UJz7PfT_rMTJlTCgpG7q8g.s['15']++;expect(nextNDays(y,m,d,v[1])).to.be.equal(v[2]);",
            "err": {},
            "isRoot": false,
            "uuid": "fb7532c1-8efb-42ea-8a60-e5f8fe9e5c0f",
            "parentUUID": "6fd7a821-45d0-404a-bd81-99fe35c2e61f",
            "isHook": false,
            "skipped": false
          },
          {
            "title": "2017/11/1的第-2000天应该是2012/5/11",
            "fullTitle": "常规测试 2017/11/1的第-2000天应该是2012/5/11",
            "timedOut": false,
            "duration": 0,
            "state": "passed",
            "speed": "fast",
            "pass": true,
            "fail": false,
            "pending": false,
            "code": "__cov_UJz7PfT_rMTJlTCgpG7q8g.f['2']++;__cov_UJz7PfT_rMTJlTCgpG7q8g.s['15']++;expect(nextNDays(y,m,d,v[1])).to.be.equal(v[2]);",
            "err": {},
            "isRoot": false,
            "uuid": "586e9c05-6e12-4ee5-ae16-0aa6605040bd",
            "parentUUID": "6fd7a821-45d0-404a-bd81-99fe35c2e61f",
            "isHook": false,
            "skipped": false
          },
          {
            "title": "2017/11/1的第3000天应该是2026/1/18",
            "fullTitle": "常规测试 2017/11/1的第3000天应该是2026/1/18",
            "timedOut": false,
            "duration": 1,
            "state": "passed",
            "speed": "fast",
            "pass": true,
            "fail": false,
            "pending": false,
            "code": "__cov_UJz7PfT_rMTJlTCgpG7q8g.f['2']++;__cov_UJz7PfT_rMTJlTCgpG7q8g.s['15']++;expect(nextNDays(y,m,d,v[1])).to.be.equal(v[2]);",
            "err": {},
            "isRoot": false,
            "uuid": "d5409a6a-8337-470a-afe1-4a6f82f9d9e6",
            "parentUUID": "6fd7a821-45d0-404a-bd81-99fe35c2e61f",
            "isHook": false,
            "skipped": false
          },
          {
            "title": "2017/11/1的第-3000天应该是2009/8/15",
            "fullTitle": "常规测试 2017/11/1的第-3000天应该是2009/8/15",
            "timedOut": false,
            "duration": 1,
            "state": "passed",
            "speed": "fast",
            "pass": true,
            "fail": false,
            "pending": false,
            "code": "__cov_UJz7PfT_rMTJlTCgpG7q8g.f['2']++;__cov_UJz7PfT_rMTJlTCgpG7q8g.s['15']++;expect(nextNDays(y,m,d,v[1])).to.be.equal(v[2]);",
            "err": {},
            "isRoot": false,
            "uuid": "26f15681-d1c1-400e-afd0-fe6dadb43945",
            "parentUUID": "6fd7a821-45d0-404a-bd81-99fe35c2e61f",
            "isHook": false,
            "skipped": false
          },
          {
            "title": "2017/11/1的第5000天应该是2031/7/11",
            "fullTitle": "常规测试 2017/11/1的第5000天应该是2031/7/11",
            "timedOut": false,
            "duration": 1,
            "state": "passed",
            "speed": "fast",
            "pass": true,
            "fail": false,
            "pending": false,
            "code": "__cov_UJz7PfT_rMTJlTCgpG7q8g.f['2']++;__cov_UJz7PfT_rMTJlTCgpG7q8g.s['15']++;expect(nextNDays(y,m,d,v[1])).to.be.equal(v[2]);",
            "err": {},
            "isRoot": false,
            "uuid": "556ad2be-2a18-42ea-bd03-0b19e9e1825d",
            "parentUUID": "6fd7a821-45d0-404a-bd81-99fe35c2e61f",
            "isHook": false,
            "skipped": false
          },
          {
            "title": "2017/11/1的第-5000天应该是2004/2/23",
            "fullTitle": "常规测试 2017/11/1的第-5000天应该是2004/2/23",
            "timedOut": false,
            "duration": 2,
            "state": "passed",
            "speed": "fast",
            "pass": true,
            "fail": false,
            "pending": false,
            "code": "__cov_UJz7PfT_rMTJlTCgpG7q8g.f['2']++;__cov_UJz7PfT_rMTJlTCgpG7q8g.s['15']++;expect(nextNDays(y,m,d,v[1])).to.be.equal(v[2]);",
            "err": {},
            "isRoot": false,
            "uuid": "8749f237-5bd0-407b-8349-f0c8e3e1468a",
            "parentUUID": "6fd7a821-45d0-404a-bd81-99fe35c2e61f",
            "isHook": false,
            "skipped": false
          }
        ],
        "pending": [],
        "root": false,
        "_timeout": 2000,
        "file": "/NextNDays.test.js",
        "uuid": "6fd7a821-45d0-404a-bd81-99fe35c2e61f",
        "beforeHooks": [],
        "afterHooks": [],
        "fullFile": "/Users/hekunyu/Code/homework/hekunyu/NextNDays.test.js",
        "passes": [
          {
            "title": "2017/11/1的第1天应该是2017/11/2",
            "fullTitle": "常规测试 2017/11/1的第1天应该是2017/11/2",
            "timedOut": false,
            "duration": 2,
            "state": "passed",
            "speed": "fast",
            "pass": true,
            "fail": false,
            "pending": false,
            "code": "__cov_UJz7PfT_rMTJlTCgpG7q8g.f['2']++;__cov_UJz7PfT_rMTJlTCgpG7q8g.s['15']++;expect(nextNDays(y,m,d,v[1])).to.be.equal(v[2]);",
            "err": {},
            "isRoot": false,
            "uuid": "4b8be8ca-9814-402c-8bec-f63d36310439",
            "parentUUID": "6fd7a821-45d0-404a-bd81-99fe35c2e61f",
            "isHook": false,
            "skipped": false
          },
          {
            "title": "2017/11/1的第2天应该是2017/11/3",
            "fullTitle": "常规测试 2017/11/1的第2天应该是2017/11/3",
            "timedOut": false,
            "duration": 1,
            "state": "passed",
            "speed": "fast",
            "pass": true,
            "fail": false,
            "pending": false,
            "code": "__cov_UJz7PfT_rMTJlTCgpG7q8g.f['2']++;__cov_UJz7PfT_rMTJlTCgpG7q8g.s['15']++;expect(nextNDays(y,m,d,v[1])).to.be.equal(v[2]);",
            "err": {},
            "isRoot": false,
            "uuid": "9e1b788c-8fbc-4bf6-a515-2c1e2b6f1f18",
            "parentUUID": "6fd7a821-45d0-404a-bd81-99fe35c2e61f",
            "isHook": false,
            "skipped": false
          },
          {
            "title": "2017/11/1的第3天应该是2017/11/4",
            "fullTitle": "常规测试 2017/11/1的第3天应该是2017/11/4",
            "timedOut": false,
            "duration": 0,
            "state": "passed",
            "speed": "fast",
            "pass": true,
            "fail": false,
            "pending": false,
            "code": "__cov_UJz7PfT_rMTJlTCgpG7q8g.f['2']++;__cov_UJz7PfT_rMTJlTCgpG7q8g.s['15']++;expect(nextNDays(y,m,d,v[1])).to.be.equal(v[2]);",
            "err": {},
            "isRoot": false,
            "uuid": "842fdc3d-2c61-4a26-8c9c-4fc785f9e3c4",
            "parentUUID": "6fd7a821-45d0-404a-bd81-99fe35c2e61f",
            "isHook": false,
            "skipped": false
          },
          {
            "title": "2017/11/1的第4天应该是2017/11/5",
            "fullTitle": "常规测试 2017/11/1的第4天应该是2017/11/5",
            "timedOut": false,
            "duration": 0,
            "state": "passed",
            "speed": "fast",
            "pass": true,
            "fail": false,
            "pending": false,
            "code": "__cov_UJz7PfT_rMTJlTCgpG7q8g.f['2']++;__cov_UJz7PfT_rMTJlTCgpG7q8g.s['15']++;expect(nextNDays(y,m,d,v[1])).to.be.equal(v[2]);",
            "err": {},
            "isRoot": false,
            "uuid": "d1a4c8ab-0e17-4c63-b284-657c79ab29ab",
            "parentUUID": "6fd7a821-45d0-404a-bd81-99fe35c2e61f",
            "isHook": false,
            "skipped": false
          },
          {
            "title": "2017/11/1的第5天应该是2017/11/6",
            "fullTitle": "常规测试 2017/11/1的第5天应该是2017/11/6",
            "timedOut": false,
            "duration": 0,
            "state": "passed",
            "speed": "fast",
            "pass": true,
            "fail": false,
            "pending": false,
            "code": "__cov_UJz7PfT_rMTJlTCgpG7q8g.f['2']++;__cov_UJz7PfT_rMTJlTCgpG7q8g.s['15']++;expect(nextNDays(y,m,d,v[1])).to.be.equal(v[2]);",
            "err": {},
            "isRoot": false,
            "uuid": "b861cf36-ff4a-4fb1-80a4-c2307f815bb0",
            "parentUUID": "6fd7a821-45d0-404a-bd81-99fe35c2e61f",
            "isHook": false,
            "skipped": false
          },
          {
            "title": "2017/11/1的第6天应该是2017/11/7",
            "fullTitle": "常规测试 2017/11/1的第6天应该是2017/11/7",
            "timedOut": false,
            "duration": 1,
            "state": "passed",
            "speed": "fast",
            "pass": true,
            "fail": false,
            "pending": false,
            "code": "__cov_UJz7PfT_rMTJlTCgpG7q8g.f['2']++;__cov_UJz7PfT_rMTJlTCgpG7q8g.s['15']++;expect(nextNDays(y,m,d,v[1])).to.be.equal(v[2]);",
            "err": {},
            "isRoot": false,
            "uuid": "43bf1018-4640-4fc9-8abd-5b464265deea",
            "parentUUID": "6fd7a821-45d0-404a-bd81-99fe35c2e61f",
            "isHook": false,
            "skipped": false
          },
          {
            "title": "2017/11/1的第7天应该是2017/11/8",
            "fullTitle": "常规测试 2017/11/1的第7天应该是2017/11/8",
            "timedOut": false,
            "duration": 0,
            "state": "passed",
            "speed": "fast",
            "pass": true,
            "fail": false,
            "pending": false,
            "code": "__cov_UJz7PfT_rMTJlTCgpG7q8g.f['2']++;__cov_UJz7PfT_rMTJlTCgpG7q8g.s['15']++;expect(nextNDays(y,m,d,v[1])).to.be.equal(v[2]);",
            "err": {},
            "isRoot": false,
            "uuid": "50c7f64a-beca-493d-9ac1-bd221f7b7c4c",
            "parentUUID": "6fd7a821-45d0-404a-bd81-99fe35c2e61f",
            "isHook": false,
            "skipped": false
          },
          {
            "title": "2017/11/1的第30天应该是2017/12/1",
            "fullTitle": "常规测试 2017/11/1的第30天应该是2017/12/1",
            "timedOut": false,
            "duration": 0,
            "state": "passed",
            "speed": "fast",
            "pass": true,
            "fail": false,
            "pending": false,
            "code": "__cov_UJz7PfT_rMTJlTCgpG7q8g.f['2']++;__cov_UJz7PfT_rMTJlTCgpG7q8g.s['15']++;expect(nextNDays(y,m,d,v[1])).to.be.equal(v[2]);",
            "err": {},
            "isRoot": false,
            "uuid": "82658c6d-d2ee-4594-b57f-04597db48b03",
            "parentUUID": "6fd7a821-45d0-404a-bd81-99fe35c2e61f",
            "isHook": false,
            "skipped": false
          },
          {
            "title": "2017/11/1的第365天应该是2018/11/1",
            "fullTitle": "常规测试 2017/11/1的第365天应该是2018/11/1",
            "timedOut": false,
            "duration": 0,
            "state": "passed",
            "speed": "fast",
            "pass": true,
            "fail": false,
            "pending": false,
            "code": "__cov_UJz7PfT_rMTJlTCgpG7q8g.f['2']++;__cov_UJz7PfT_rMTJlTCgpG7q8g.s['15']++;expect(nextNDays(y,m,d,v[1])).to.be.equal(v[2]);",
            "err": {},
            "isRoot": false,
            "uuid": "8871cceb-0582-4362-b7ed-b66c45cb8ff9",
            "parentUUID": "6fd7a821-45d0-404a-bd81-99fe35c2e61f",
            "isHook": false,
            "skipped": false
          },
          {
            "title": "2017/11/1的第731天应该是2019/11/2",
            "fullTitle": "常规测试 2017/11/1的第731天应该是2019/11/2",
            "timedOut": false,
            "duration": 1,
            "state": "passed",
            "speed": "fast",
            "pass": true,
            "fail": false,
            "pending": false,
            "code": "__cov_UJz7PfT_rMTJlTCgpG7q8g.f['2']++;__cov_UJz7PfT_rMTJlTCgpG7q8g.s['15']++;expect(nextNDays(y,m,d,v[1])).to.be.equal(v[2]);",
            "err": {},
            "isRoot": false,
            "uuid": "bf2d4089-bb86-414c-8a76-bfb6c03f04e8",
            "parentUUID": "6fd7a821-45d0-404a-bd81-99fe35c2e61f",
            "isHook": false,
            "skipped": false
          },
          {
            "title": "2017/11/1的第-1天应该是2017/10/31",
            "fullTitle": "常规测试 2017/11/1的第-1天应该是2017/10/31",
            "timedOut": false,
            "duration": 0,
            "state": "passed",
            "speed": "fast",
            "pass": true,
            "fail": false,
            "pending": false,
            "code": "__cov_UJz7PfT_rMTJlTCgpG7q8g.f['2']++;__cov_UJz7PfT_rMTJlTCgpG7q8g.s['15']++;expect(nextNDays(y,m,d,v[1])).to.be.equal(v[2]);",
            "err": {},
            "isRoot": false,
            "uuid": "4044f276-92e7-45e2-93a2-1bbd898a751c",
            "parentUUID": "6fd7a821-45d0-404a-bd81-99fe35c2e61f",
            "isHook": false,
            "skipped": false
          },
          {
            "title": "2017/11/1的第-2天应该是2017/10/30",
            "fullTitle": "常规测试 2017/11/1的第-2天应该是2017/10/30",
            "timedOut": false,
            "duration": 0,
            "state": "passed",
            "speed": "fast",
            "pass": true,
            "fail": false,
            "pending": false,
            "code": "__cov_UJz7PfT_rMTJlTCgpG7q8g.f['2']++;__cov_UJz7PfT_rMTJlTCgpG7q8g.s['15']++;expect(nextNDays(y,m,d,v[1])).to.be.equal(v[2]);",
            "err": {},
            "isRoot": false,
            "uuid": "3987dab3-8a9b-429a-82f5-a7024f1c7984",
            "parentUUID": "6fd7a821-45d0-404a-bd81-99fe35c2e61f",
            "isHook": false,
            "skipped": false
          },
          {
            "title": "2017/11/1的第-3天应该是2017/10/29",
            "fullTitle": "常规测试 2017/11/1的第-3天应该是2017/10/29",
            "timedOut": false,
            "duration": 0,
            "state": "passed",
            "speed": "fast",
            "pass": true,
            "fail": false,
            "pending": false,
            "code": "__cov_UJz7PfT_rMTJlTCgpG7q8g.f['2']++;__cov_UJz7PfT_rMTJlTCgpG7q8g.s['15']++;expect(nextNDays(y,m,d,v[1])).to.be.equal(v[2]);",
            "err": {},
            "isRoot": false,
            "uuid": "43c05578-df2a-475d-8f20-b39a81dcc5d6",
            "parentUUID": "6fd7a821-45d0-404a-bd81-99fe35c2e61f",
            "isHook": false,
            "skipped": false
          },
          {
            "title": "2017/11/1的第-4天应该是2017/10/28",
            "fullTitle": "常规测试 2017/11/1的第-4天应该是2017/10/28",
            "timedOut": false,
            "duration": 0,
            "state": "passed",
            "speed": "fast",
            "pass": true,
            "fail": false,
            "pending": false,
            "code": "__cov_UJz7PfT_rMTJlTCgpG7q8g.f['2']++;__cov_UJz7PfT_rMTJlTCgpG7q8g.s['15']++;expect(nextNDays(y,m,d,v[1])).to.be.equal(v[2]);",
            "err": {},
            "isRoot": false,
            "uuid": "4980eac6-26ac-4500-9038-ed3b18df2ef4",
            "parentUUID": "6fd7a821-45d0-404a-bd81-99fe35c2e61f",
            "isHook": false,
            "skipped": false
          },
          {
            "title": "2017/11/1的第-5天应该是2017/10/27",
            "fullTitle": "常规测试 2017/11/1的第-5天应该是2017/10/27",
            "timedOut": false,
            "duration": 1,
            "state": "passed",
            "speed": "fast",
            "pass": true,
            "fail": false,
            "pending": false,
            "code": "__cov_UJz7PfT_rMTJlTCgpG7q8g.f['2']++;__cov_UJz7PfT_rMTJlTCgpG7q8g.s['15']++;expect(nextNDays(y,m,d,v[1])).to.be.equal(v[2]);",
            "err": {},
            "isRoot": false,
            "uuid": "993d29cb-031a-416f-b1cd-bcd21b0bebd5",
            "parentUUID": "6fd7a821-45d0-404a-bd81-99fe35c2e61f",
            "isHook": false,
            "skipped": false
          },
          {
            "title": "2017/11/1的第-6天应该是2017/10/26",
            "fullTitle": "常规测试 2017/11/1的第-6天应该是2017/10/26",
            "timedOut": false,
            "duration": 0,
            "state": "passed",
            "speed": "fast",
            "pass": true,
            "fail": false,
            "pending": false,
            "code": "__cov_UJz7PfT_rMTJlTCgpG7q8g.f['2']++;__cov_UJz7PfT_rMTJlTCgpG7q8g.s['15']++;expect(nextNDays(y,m,d,v[1])).to.be.equal(v[2]);",
            "err": {},
            "isRoot": false,
            "uuid": "318a488f-00a9-4182-842f-8687a1d855d1",
            "parentUUID": "6fd7a821-45d0-404a-bd81-99fe35c2e61f",
            "isHook": false,
            "skipped": false
          },
          {
            "title": "2017/11/1的第-7天应该是2017/10/25",
            "fullTitle": "常规测试 2017/11/1的第-7天应该是2017/10/25",
            "timedOut": false,
            "duration": 0,
            "state": "passed",
            "speed": "fast",
            "pass": true,
            "fail": false,
            "pending": false,
            "code": "__cov_UJz7PfT_rMTJlTCgpG7q8g.f['2']++;__cov_UJz7PfT_rMTJlTCgpG7q8g.s['15']++;expect(nextNDays(y,m,d,v[1])).to.be.equal(v[2]);",
            "err": {},
            "isRoot": false,
            "uuid": "a3a82c4d-b691-4a23-a485-ec8f08c7a33d",
            "parentUUID": "6fd7a821-45d0-404a-bd81-99fe35c2e61f",
            "isHook": false,
            "skipped": false
          },
          {
            "title": "2017/11/1的第-30天应该是2017/10/2",
            "fullTitle": "常规测试 2017/11/1的第-30天应该是2017/10/2",
            "timedOut": false,
            "duration": 0,
            "state": "passed",
            "speed": "fast",
            "pass": true,
            "fail": false,
            "pending": false,
            "code": "__cov_UJz7PfT_rMTJlTCgpG7q8g.f['2']++;__cov_UJz7PfT_rMTJlTCgpG7q8g.s['15']++;expect(nextNDays(y,m,d,v[1])).to.be.equal(v[2]);",
            "err": {},
            "isRoot": false,
            "uuid": "2149dc7f-a9ec-4c9f-b613-7d430824694a",
            "parentUUID": "6fd7a821-45d0-404a-bd81-99fe35c2e61f",
            "isHook": false,
            "skipped": false
          },
          {
            "title": "2017/11/1的第-365天应该是2016/11/1",
            "fullTitle": "常规测试 2017/11/1的第-365天应该是2016/11/1",
            "timedOut": false,
            "duration": 0,
            "state": "passed",
            "speed": "fast",
            "pass": true,
            "fail": false,
            "pending": false,
            "code": "__cov_UJz7PfT_rMTJlTCgpG7q8g.f['2']++;__cov_UJz7PfT_rMTJlTCgpG7q8g.s['15']++;expect(nextNDays(y,m,d,v[1])).to.be.equal(v[2]);",
            "err": {},
            "isRoot": false,
            "uuid": "bb2211ea-bc53-460c-99b8-95e8639726b0",
            "parentUUID": "6fd7a821-45d0-404a-bd81-99fe35c2e61f",
            "isHook": false,
            "skipped": false
          },
          {
            "title": "2017/11/1的第-730天应该是2015/11/2",
            "fullTitle": "常规测试 2017/11/1的第-730天应该是2015/11/2",
            "timedOut": false,
            "duration": 0,
            "state": "passed",
            "speed": "fast",
            "pass": true,
            "fail": false,
            "pending": false,
            "code": "__cov_UJz7PfT_rMTJlTCgpG7q8g.f['2']++;__cov_UJz7PfT_rMTJlTCgpG7q8g.s['15']++;expect(nextNDays(y,m,d,v[1])).to.be.equal(v[2]);",
            "err": {},
            "isRoot": false,
            "uuid": "f9b4f1c1-3d69-48aa-a46b-65a62c847b47",
            "parentUUID": "6fd7a821-45d0-404a-bd81-99fe35c2e61f",
            "isHook": false,
            "skipped": false
          },
          {
            "title": "2017/11/1的第1000天应该是2020/7/28",
            "fullTitle": "常规测试 2017/11/1的第1000天应该是2020/7/28",
            "timedOut": false,
            "duration": 0,
            "state": "passed",
            "speed": "fast",
            "pass": true,
            "fail": false,
            "pending": false,
            "code": "__cov_UJz7PfT_rMTJlTCgpG7q8g.f['2']++;__cov_UJz7PfT_rMTJlTCgpG7q8g.s['15']++;expect(nextNDays(y,m,d,v[1])).to.be.equal(v[2]);",
            "err": {},
            "isRoot": false,
            "uuid": "7f1c3f59-7a6c-477b-9e12-6b5f6dc27adf",
            "parentUUID": "6fd7a821-45d0-404a-bd81-99fe35c2e61f",
            "isHook": false,
            "skipped": false
          },
          {
            "title": "2017/11/1的第-1000天应该是2015/2/5",
            "fullTitle": "常规测试 2017/11/1的第-1000天应该是2015/2/5",
            "timedOut": false,
            "duration": 0,
            "state": "passed",
            "speed": "fast",
            "pass": true,
            "fail": false,
            "pending": false,
            "code": "__cov_UJz7PfT_rMTJlTCgpG7q8g.f['2']++;__cov_UJz7PfT_rMTJlTCgpG7q8g.s['15']++;expect(nextNDays(y,m,d,v[1])).to.be.equal(v[2]);",
            "err": {},
            "isRoot": false,
            "uuid": "50b99256-66b0-4dc0-8edb-4166f7e96398",
            "parentUUID": "6fd7a821-45d0-404a-bd81-99fe35c2e61f",
            "isHook": false,
            "skipped": false
          },
          {
            "title": "2017/11/1的第2000天应该是2023/4/24",
            "fullTitle": "常规测试 2017/11/1的第2000天应该是2023/4/24",
            "timedOut": false,
            "duration": 1,
            "state": "passed",
            "speed": "fast",
            "pass": true,
            "fail": false,
            "pending": false,
            "code": "__cov_UJz7PfT_rMTJlTCgpG7q8g.f['2']++;__cov_UJz7PfT_rMTJlTCgpG7q8g.s['15']++;expect(nextNDays(y,m,d,v[1])).to.be.equal(v[2]);",
            "err": {},
            "isRoot": false,
            "uuid": "fb7532c1-8efb-42ea-8a60-e5f8fe9e5c0f",
            "parentUUID": "6fd7a821-45d0-404a-bd81-99fe35c2e61f",
            "isHook": false,
            "skipped": false
          },
          {
            "title": "2017/11/1的第-2000天应该是2012/5/11",
            "fullTitle": "常规测试 2017/11/1的第-2000天应该是2012/5/11",
            "timedOut": false,
            "duration": 0,
            "state": "passed",
            "speed": "fast",
            "pass": true,
            "fail": false,
            "pending": false,
            "code": "__cov_UJz7PfT_rMTJlTCgpG7q8g.f['2']++;__cov_UJz7PfT_rMTJlTCgpG7q8g.s['15']++;expect(nextNDays(y,m,d,v[1])).to.be.equal(v[2]);",
            "err": {},
            "isRoot": false,
            "uuid": "586e9c05-6e12-4ee5-ae16-0aa6605040bd",
            "parentUUID": "6fd7a821-45d0-404a-bd81-99fe35c2e61f",
            "isHook": false,
            "skipped": false
          },
          {
            "title": "2017/11/1的第3000天应该是2026/1/18",
            "fullTitle": "常规测试 2017/11/1的第3000天应该是2026/1/18",
            "timedOut": false,
            "duration": 1,
            "state": "passed",
            "speed": "fast",
            "pass": true,
            "fail": false,
            "pending": false,
            "code": "__cov_UJz7PfT_rMTJlTCgpG7q8g.f['2']++;__cov_UJz7PfT_rMTJlTCgpG7q8g.s['15']++;expect(nextNDays(y,m,d,v[1])).to.be.equal(v[2]);",
            "err": {},
            "isRoot": false,
            "uuid": "d5409a6a-8337-470a-afe1-4a6f82f9d9e6",
            "parentUUID": "6fd7a821-45d0-404a-bd81-99fe35c2e61f",
            "isHook": false,
            "skipped": false
          },
          {
            "title": "2017/11/1的第-3000天应该是2009/8/15",
            "fullTitle": "常规测试 2017/11/1的第-3000天应该是2009/8/15",
            "timedOut": false,
            "duration": 1,
            "state": "passed",
            "speed": "fast",
            "pass": true,
            "fail": false,
            "pending": false,
            "code": "__cov_UJz7PfT_rMTJlTCgpG7q8g.f['2']++;__cov_UJz7PfT_rMTJlTCgpG7q8g.s['15']++;expect(nextNDays(y,m,d,v[1])).to.be.equal(v[2]);",
            "err": {},
            "isRoot": false,
            "uuid": "26f15681-d1c1-400e-afd0-fe6dadb43945",
            "parentUUID": "6fd7a821-45d0-404a-bd81-99fe35c2e61f",
            "isHook": false,
            "skipped": false
          },
          {
            "title": "2017/11/1的第5000天应该是2031/7/11",
            "fullTitle": "常规测试 2017/11/1的第5000天应该是2031/7/11",
            "timedOut": false,
            "duration": 1,
            "state": "passed",
            "speed": "fast",
            "pass": true,
            "fail": false,
            "pending": false,
            "code": "__cov_UJz7PfT_rMTJlTCgpG7q8g.f['2']++;__cov_UJz7PfT_rMTJlTCgpG7q8g.s['15']++;expect(nextNDays(y,m,d,v[1])).to.be.equal(v[2]);",
            "err": {},
            "isRoot": false,
            "uuid": "556ad2be-2a18-42ea-bd03-0b19e9e1825d",
            "parentUUID": "6fd7a821-45d0-404a-bd81-99fe35c2e61f",
            "isHook": false,
            "skipped": false
          },
          {
            "title": "2017/11/1的第-5000天应该是2004/2/23",
            "fullTitle": "常规测试 2017/11/1的第-5000天应该是2004/2/23",
            "timedOut": false,
            "duration": 2,
            "state": "passed",
            "speed": "fast",
            "pass": true,
            "fail": false,
            "pending": false,
            "code": "__cov_UJz7PfT_rMTJlTCgpG7q8g.f['2']++;__cov_UJz7PfT_rMTJlTCgpG7q8g.s['15']++;expect(nextNDays(y,m,d,v[1])).to.be.equal(v[2]);",
            "err": {},
            "isRoot": false,
            "uuid": "8749f237-5bd0-407b-8349-f0c8e3e1468a",
            "parentUUID": "6fd7a821-45d0-404a-bd81-99fe35c2e61f",
            "isHook": false,
            "skipped": false
          }
        ],
        "failures": [],
        "skipped": [],
        "hasBeforeHooks": false,
        "hasAfterHooks": false,
        "hasTests": true,
        "hasSuites": false,
        "totalTests": 28,
        "totalPasses": 28,
        "totalFailures": 0,
        "totalPending": 0,
        "totalSkipped": 0,
        "hasPasses": true,
        "hasFailures": false,
        "hasPending": false,
        "hasSkipped": false,
        "duration": 12,
        "rootEmpty": false
      }
    ],
    "tests": [],
    "pending": [],
    "root": true,
    "_timeout": 2000,
    "uuid": "8142f448-49cb-4881-b133-a712a347e2cc",
    "beforeHooks": [],
    "afterHooks": [],
    "fullFile": "",
    "file": "",
    "passes": [],
    "failures": [],
    "skipped": [],
    "hasBeforeHooks": false,
    "hasAfterHooks": false,
    "hasTests": false,
    "hasSuites": true,
    "totalTests": 0,
    "totalPasses": 0,
    "totalFailures": 0,
    "totalPending": 0,
    "totalSkipped": 0,
    "hasPasses": false,
    "hasFailures": false,
    "hasPending": false,
    "hasSkipped": false,
    "duration": 0,
    "rootEmpty": true
  },
  "allTests": [
    {
      "title": "2017/11/1的第1天应该是2017/11/2",
      "fullTitle": "常规测试 2017/11/1的第1天应该是2017/11/2",
      "timedOut": false,
      "duration": 2,
      "state": "passed",
      "speed": "fast",
      "pass": true,
      "fail": false,
      "pending": false,
      "code": "__cov_UJz7PfT_rMTJlTCgpG7q8g.f['2']++;__cov_UJz7PfT_rMTJlTCgpG7q8g.s['15']++;expect(nextNDays(y,m,d,v[1])).to.be.equal(v[2]);",
      "err": {},
      "isRoot": false,
      "uuid": "4b8be8ca-9814-402c-8bec-f63d36310439",
      "parentUUID": "6fd7a821-45d0-404a-bd81-99fe35c2e61f",
      "isHook": false,
      "skipped": false
    },
    {
      "title": "2017/11/1的第2天应该是2017/11/3",
      "fullTitle": "常规测试 2017/11/1的第2天应该是2017/11/3",
      "timedOut": false,
      "duration": 1,
      "state": "passed",
      "speed": "fast",
      "pass": true,
      "fail": false,
      "pending": false,
      "code": "__cov_UJz7PfT_rMTJlTCgpG7q8g.f['2']++;__cov_UJz7PfT_rMTJlTCgpG7q8g.s['15']++;expect(nextNDays(y,m,d,v[1])).to.be.equal(v[2]);",
      "err": {},
      "isRoot": false,
      "uuid": "9e1b788c-8fbc-4bf6-a515-2c1e2b6f1f18",
      "parentUUID": "6fd7a821-45d0-404a-bd81-99fe35c2e61f",
      "isHook": false,
      "skipped": false
    },
    {
      "title": "2017/11/1的第3天应该是2017/11/4",
      "fullTitle": "常规测试 2017/11/1的第3天应该是2017/11/4",
      "timedOut": false,
      "duration": 0,
      "state": "passed",
      "speed": "fast",
      "pass": true,
      "fail": false,
      "pending": false,
      "code": "__cov_UJz7PfT_rMTJlTCgpG7q8g.f['2']++;__cov_UJz7PfT_rMTJlTCgpG7q8g.s['15']++;expect(nextNDays(y,m,d,v[1])).to.be.equal(v[2]);",
      "err": {},
      "isRoot": false,
      "uuid": "842fdc3d-2c61-4a26-8c9c-4fc785f9e3c4",
      "parentUUID": "6fd7a821-45d0-404a-bd81-99fe35c2e61f",
      "isHook": false,
      "skipped": false
    },
    {
      "title": "2017/11/1的第4天应该是2017/11/5",
      "fullTitle": "常规测试 2017/11/1的第4天应该是2017/11/5",
      "timedOut": false,
      "duration": 0,
      "state": "passed",
      "speed": "fast",
      "pass": true,
      "fail": false,
      "pending": false,
      "code": "__cov_UJz7PfT_rMTJlTCgpG7q8g.f['2']++;__cov_UJz7PfT_rMTJlTCgpG7q8g.s['15']++;expect(nextNDays(y,m,d,v[1])).to.be.equal(v[2]);",
      "err": {},
      "isRoot": false,
      "uuid": "d1a4c8ab-0e17-4c63-b284-657c79ab29ab",
      "parentUUID": "6fd7a821-45d0-404a-bd81-99fe35c2e61f",
      "isHook": false,
      "skipped": false
    },
    {
      "title": "2017/11/1的第5天应该是2017/11/6",
      "fullTitle": "常规测试 2017/11/1的第5天应该是2017/11/6",
      "timedOut": false,
      "duration": 0,
      "state": "passed",
      "speed": "fast",
      "pass": true,
      "fail": false,
      "pending": false,
      "code": "__cov_UJz7PfT_rMTJlTCgpG7q8g.f['2']++;__cov_UJz7PfT_rMTJlTCgpG7q8g.s['15']++;expect(nextNDays(y,m,d,v[1])).to.be.equal(v[2]);",
      "err": {},
      "isRoot": false,
      "uuid": "b861cf36-ff4a-4fb1-80a4-c2307f815bb0",
      "parentUUID": "6fd7a821-45d0-404a-bd81-99fe35c2e61f",
      "isHook": false,
      "skipped": false
    },
    {
      "title": "2017/11/1的第6天应该是2017/11/7",
      "fullTitle": "常规测试 2017/11/1的第6天应该是2017/11/7",
      "timedOut": false,
      "duration": 1,
      "state": "passed",
      "speed": "fast",
      "pass": true,
      "fail": false,
      "pending": false,
      "code": "__cov_UJz7PfT_rMTJlTCgpG7q8g.f['2']++;__cov_UJz7PfT_rMTJlTCgpG7q8g.s['15']++;expect(nextNDays(y,m,d,v[1])).to.be.equal(v[2]);",
      "err": {},
      "isRoot": false,
      "uuid": "43bf1018-4640-4fc9-8abd-5b464265deea",
      "parentUUID": "6fd7a821-45d0-404a-bd81-99fe35c2e61f",
      "isHook": false,
      "skipped": false
    },
    {
      "title": "2017/11/1的第7天应该是2017/11/8",
      "fullTitle": "常规测试 2017/11/1的第7天应该是2017/11/8",
      "timedOut": false,
      "duration": 0,
      "state": "passed",
      "speed": "fast",
      "pass": true,
      "fail": false,
      "pending": false,
      "code": "__cov_UJz7PfT_rMTJlTCgpG7q8g.f['2']++;__cov_UJz7PfT_rMTJlTCgpG7q8g.s['15']++;expect(nextNDays(y,m,d,v[1])).to.be.equal(v[2]);",
      "err": {},
      "isRoot": false,
      "uuid": "50c7f64a-beca-493d-9ac1-bd221f7b7c4c",
      "parentUUID": "6fd7a821-45d0-404a-bd81-99fe35c2e61f",
      "isHook": false,
      "skipped": false
    },
    {
      "title": "2017/11/1的第30天应该是2017/12/1",
      "fullTitle": "常规测试 2017/11/1的第30天应该是2017/12/1",
      "timedOut": false,
      "duration": 0,
      "state": "passed",
      "speed": "fast",
      "pass": true,
      "fail": false,
      "pending": false,
      "code": "__cov_UJz7PfT_rMTJlTCgpG7q8g.f['2']++;__cov_UJz7PfT_rMTJlTCgpG7q8g.s['15']++;expect(nextNDays(y,m,d,v[1])).to.be.equal(v[2]);",
      "err": {},
      "isRoot": false,
      "uuid": "82658c6d-d2ee-4594-b57f-04597db48b03",
      "parentUUID": "6fd7a821-45d0-404a-bd81-99fe35c2e61f",
      "isHook": false,
      "skipped": false
    },
    {
      "title": "2017/11/1的第365天应该是2018/11/1",
      "fullTitle": "常规测试 2017/11/1的第365天应该是2018/11/1",
      "timedOut": false,
      "duration": 0,
      "state": "passed",
      "speed": "fast",
      "pass": true,
      "fail": false,
      "pending": false,
      "code": "__cov_UJz7PfT_rMTJlTCgpG7q8g.f['2']++;__cov_UJz7PfT_rMTJlTCgpG7q8g.s['15']++;expect(nextNDays(y,m,d,v[1])).to.be.equal(v[2]);",
      "err": {},
      "isRoot": false,
      "uuid": "8871cceb-0582-4362-b7ed-b66c45cb8ff9",
      "parentUUID": "6fd7a821-45d0-404a-bd81-99fe35c2e61f",
      "isHook": false,
      "skipped": false
    },
    {
      "title": "2017/11/1的第731天应该是2019/11/2",
      "fullTitle": "常规测试 2017/11/1的第731天应该是2019/11/2",
      "timedOut": false,
      "duration": 1,
      "state": "passed",
      "speed": "fast",
      "pass": true,
      "fail": false,
      "pending": false,
      "code": "__cov_UJz7PfT_rMTJlTCgpG7q8g.f['2']++;__cov_UJz7PfT_rMTJlTCgpG7q8g.s['15']++;expect(nextNDays(y,m,d,v[1])).to.be.equal(v[2]);",
      "err": {},
      "isRoot": false,
      "uuid": "bf2d4089-bb86-414c-8a76-bfb6c03f04e8",
      "parentUUID": "6fd7a821-45d0-404a-bd81-99fe35c2e61f",
      "isHook": false,
      "skipped": false
    },
    {
      "title": "2017/11/1的第-1天应该是2017/10/31",
      "fullTitle": "常规测试 2017/11/1的第-1天应该是2017/10/31",
      "timedOut": false,
      "duration": 0,
      "state": "passed",
      "speed": "fast",
      "pass": true,
      "fail": false,
      "pending": false,
      "code": "__cov_UJz7PfT_rMTJlTCgpG7q8g.f['2']++;__cov_UJz7PfT_rMTJlTCgpG7q8g.s['15']++;expect(nextNDays(y,m,d,v[1])).to.be.equal(v[2]);",
      "err": {},
      "isRoot": false,
      "uuid": "4044f276-92e7-45e2-93a2-1bbd898a751c",
      "parentUUID": "6fd7a821-45d0-404a-bd81-99fe35c2e61f",
      "isHook": false,
      "skipped": false
    },
    {
      "title": "2017/11/1的第-2天应该是2017/10/30",
      "fullTitle": "常规测试 2017/11/1的第-2天应该是2017/10/30",
      "timedOut": false,
      "duration": 0,
      "state": "passed",
      "speed": "fast",
      "pass": true,
      "fail": false,
      "pending": false,
      "code": "__cov_UJz7PfT_rMTJlTCgpG7q8g.f['2']++;__cov_UJz7PfT_rMTJlTCgpG7q8g.s['15']++;expect(nextNDays(y,m,d,v[1])).to.be.equal(v[2]);",
      "err": {},
      "isRoot": false,
      "uuid": "3987dab3-8a9b-429a-82f5-a7024f1c7984",
      "parentUUID": "6fd7a821-45d0-404a-bd81-99fe35c2e61f",
      "isHook": false,
      "skipped": false
    },
    {
      "title": "2017/11/1的第-3天应该是2017/10/29",
      "fullTitle": "常规测试 2017/11/1的第-3天应该是2017/10/29",
      "timedOut": false,
      "duration": 0,
      "state": "passed",
      "speed": "fast",
      "pass": true,
      "fail": false,
      "pending": false,
      "code": "__cov_UJz7PfT_rMTJlTCgpG7q8g.f['2']++;__cov_UJz7PfT_rMTJlTCgpG7q8g.s['15']++;expect(nextNDays(y,m,d,v[1])).to.be.equal(v[2]);",
      "err": {},
      "isRoot": false,
      "uuid": "43c05578-df2a-475d-8f20-b39a81dcc5d6",
      "parentUUID": "6fd7a821-45d0-404a-bd81-99fe35c2e61f",
      "isHook": false,
      "skipped": false
    },
    {
      "title": "2017/11/1的第-4天应该是2017/10/28",
      "fullTitle": "常规测试 2017/11/1的第-4天应该是2017/10/28",
      "timedOut": false,
      "duration": 0,
      "state": "passed",
      "speed": "fast",
      "pass": true,
      "fail": false,
      "pending": false,
      "code": "__cov_UJz7PfT_rMTJlTCgpG7q8g.f['2']++;__cov_UJz7PfT_rMTJlTCgpG7q8g.s['15']++;expect(nextNDays(y,m,d,v[1])).to.be.equal(v[2]);",
      "err": {},
      "isRoot": false,
      "uuid": "4980eac6-26ac-4500-9038-ed3b18df2ef4",
      "parentUUID": "6fd7a821-45d0-404a-bd81-99fe35c2e61f",
      "isHook": false,
      "skipped": false
    },
    {
      "title": "2017/11/1的第-5天应该是2017/10/27",
      "fullTitle": "常规测试 2017/11/1的第-5天应该是2017/10/27",
      "timedOut": false,
      "duration": 1,
      "state": "passed",
      "speed": "fast",
      "pass": true,
      "fail": false,
      "pending": false,
      "code": "__cov_UJz7PfT_rMTJlTCgpG7q8g.f['2']++;__cov_UJz7PfT_rMTJlTCgpG7q8g.s['15']++;expect(nextNDays(y,m,d,v[1])).to.be.equal(v[2]);",
      "err": {},
      "isRoot": false,
      "uuid": "993d29cb-031a-416f-b1cd-bcd21b0bebd5",
      "parentUUID": "6fd7a821-45d0-404a-bd81-99fe35c2e61f",
      "isHook": false,
      "skipped": false
    },
    {
      "title": "2017/11/1的第-6天应该是2017/10/26",
      "fullTitle": "常规测试 2017/11/1的第-6天应该是2017/10/26",
      "timedOut": false,
      "duration": 0,
      "state": "passed",
      "speed": "fast",
      "pass": true,
      "fail": false,
      "pending": false,
      "code": "__cov_UJz7PfT_rMTJlTCgpG7q8g.f['2']++;__cov_UJz7PfT_rMTJlTCgpG7q8g.s['15']++;expect(nextNDays(y,m,d,v[1])).to.be.equal(v[2]);",
      "err": {},
      "isRoot": false,
      "uuid": "318a488f-00a9-4182-842f-8687a1d855d1",
      "parentUUID": "6fd7a821-45d0-404a-bd81-99fe35c2e61f",
      "isHook": false,
      "skipped": false
    },
    {
      "title": "2017/11/1的第-7天应该是2017/10/25",
      "fullTitle": "常规测试 2017/11/1的第-7天应该是2017/10/25",
      "timedOut": false,
      "duration": 0,
      "state": "passed",
      "speed": "fast",
      "pass": true,
      "fail": false,
      "pending": false,
      "code": "__cov_UJz7PfT_rMTJlTCgpG7q8g.f['2']++;__cov_UJz7PfT_rMTJlTCgpG7q8g.s['15']++;expect(nextNDays(y,m,d,v[1])).to.be.equal(v[2]);",
      "err": {},
      "isRoot": false,
      "uuid": "a3a82c4d-b691-4a23-a485-ec8f08c7a33d",
      "parentUUID": "6fd7a821-45d0-404a-bd81-99fe35c2e61f",
      "isHook": false,
      "skipped": false
    },
    {
      "title": "2017/11/1的第-30天应该是2017/10/2",
      "fullTitle": "常规测试 2017/11/1的第-30天应该是2017/10/2",
      "timedOut": false,
      "duration": 0,
      "state": "passed",
      "speed": "fast",
      "pass": true,
      "fail": false,
      "pending": false,
      "code": "__cov_UJz7PfT_rMTJlTCgpG7q8g.f['2']++;__cov_UJz7PfT_rMTJlTCgpG7q8g.s['15']++;expect(nextNDays(y,m,d,v[1])).to.be.equal(v[2]);",
      "err": {},
      "isRoot": false,
      "uuid": "2149dc7f-a9ec-4c9f-b613-7d430824694a",
      "parentUUID": "6fd7a821-45d0-404a-bd81-99fe35c2e61f",
      "isHook": false,
      "skipped": false
    },
    {
      "title": "2017/11/1的第-365天应该是2016/11/1",
      "fullTitle": "常规测试 2017/11/1的第-365天应该是2016/11/1",
      "timedOut": false,
      "duration": 0,
      "state": "passed",
      "speed": "fast",
      "pass": true,
      "fail": false,
      "pending": false,
      "code": "__cov_UJz7PfT_rMTJlTCgpG7q8g.f['2']++;__cov_UJz7PfT_rMTJlTCgpG7q8g.s['15']++;expect(nextNDays(y,m,d,v[1])).to.be.equal(v[2]);",
      "err": {},
      "isRoot": false,
      "uuid": "bb2211ea-bc53-460c-99b8-95e8639726b0",
      "parentUUID": "6fd7a821-45d0-404a-bd81-99fe35c2e61f",
      "isHook": false,
      "skipped": false
    },
    {
      "title": "2017/11/1的第-730天应该是2015/11/2",
      "fullTitle": "常规测试 2017/11/1的第-730天应该是2015/11/2",
      "timedOut": false,
      "duration": 0,
      "state": "passed",
      "speed": "fast",
      "pass": true,
      "fail": false,
      "pending": false,
      "code": "__cov_UJz7PfT_rMTJlTCgpG7q8g.f['2']++;__cov_UJz7PfT_rMTJlTCgpG7q8g.s['15']++;expect(nextNDays(y,m,d,v[1])).to.be.equal(v[2]);",
      "err": {},
      "isRoot": false,
      "uuid": "f9b4f1c1-3d69-48aa-a46b-65a62c847b47",
      "parentUUID": "6fd7a821-45d0-404a-bd81-99fe35c2e61f",
      "isHook": false,
      "skipped": false
    },
    {
      "title": "2017/11/1的第1000天应该是2020/7/28",
      "fullTitle": "常规测试 2017/11/1的第1000天应该是2020/7/28",
      "timedOut": false,
      "duration": 0,
      "state": "passed",
      "speed": "fast",
      "pass": true,
      "fail": false,
      "pending": false,
      "code": "__cov_UJz7PfT_rMTJlTCgpG7q8g.f['2']++;__cov_UJz7PfT_rMTJlTCgpG7q8g.s['15']++;expect(nextNDays(y,m,d,v[1])).to.be.equal(v[2]);",
      "err": {},
      "isRoot": false,
      "uuid": "7f1c3f59-7a6c-477b-9e12-6b5f6dc27adf",
      "parentUUID": "6fd7a821-45d0-404a-bd81-99fe35c2e61f",
      "isHook": false,
      "skipped": false
    },
    {
      "title": "2017/11/1的第-1000天应该是2015/2/5",
      "fullTitle": "常规测试 2017/11/1的第-1000天应该是2015/2/5",
      "timedOut": false,
      "duration": 0,
      "state": "passed",
      "speed": "fast",
      "pass": true,
      "fail": false,
      "pending": false,
      "code": "__cov_UJz7PfT_rMTJlTCgpG7q8g.f['2']++;__cov_UJz7PfT_rMTJlTCgpG7q8g.s['15']++;expect(nextNDays(y,m,d,v[1])).to.be.equal(v[2]);",
      "err": {},
      "isRoot": false,
      "uuid": "50b99256-66b0-4dc0-8edb-4166f7e96398",
      "parentUUID": "6fd7a821-45d0-404a-bd81-99fe35c2e61f",
      "isHook": false,
      "skipped": false
    },
    {
      "title": "2017/11/1的第2000天应该是2023/4/24",
      "fullTitle": "常规测试 2017/11/1的第2000天应该是2023/4/24",
      "timedOut": false,
      "duration": 1,
      "state": "passed",
      "speed": "fast",
      "pass": true,
      "fail": false,
      "pending": false,
      "code": "__cov_UJz7PfT_rMTJlTCgpG7q8g.f['2']++;__cov_UJz7PfT_rMTJlTCgpG7q8g.s['15']++;expect(nextNDays(y,m,d,v[1])).to.be.equal(v[2]);",
      "err": {},
      "isRoot": false,
      "uuid": "fb7532c1-8efb-42ea-8a60-e5f8fe9e5c0f",
      "parentUUID": "6fd7a821-45d0-404a-bd81-99fe35c2e61f",
      "isHook": false,
      "skipped": false
    },
    {
      "title": "2017/11/1的第-2000天应该是2012/5/11",
      "fullTitle": "常规测试 2017/11/1的第-2000天应该是2012/5/11",
      "timedOut": false,
      "duration": 0,
      "state": "passed",
      "speed": "fast",
      "pass": true,
      "fail": false,
      "pending": false,
      "code": "__cov_UJz7PfT_rMTJlTCgpG7q8g.f['2']++;__cov_UJz7PfT_rMTJlTCgpG7q8g.s['15']++;expect(nextNDays(y,m,d,v[1])).to.be.equal(v[2]);",
      "err": {},
      "isRoot": false,
      "uuid": "586e9c05-6e12-4ee5-ae16-0aa6605040bd",
      "parentUUID": "6fd7a821-45d0-404a-bd81-99fe35c2e61f",
      "isHook": false,
      "skipped": false
    },
    {
      "title": "2017/11/1的第3000天应该是2026/1/18",
      "fullTitle": "常规测试 2017/11/1的第3000天应该是2026/1/18",
      "timedOut": false,
      "duration": 1,
      "state": "passed",
      "speed": "fast",
      "pass": true,
      "fail": false,
      "pending": false,
      "code": "__cov_UJz7PfT_rMTJlTCgpG7q8g.f['2']++;__cov_UJz7PfT_rMTJlTCgpG7q8g.s['15']++;expect(nextNDays(y,m,d,v[1])).to.be.equal(v[2]);",
      "err": {},
      "isRoot": false,
      "uuid": "d5409a6a-8337-470a-afe1-4a6f82f9d9e6",
      "parentUUID": "6fd7a821-45d0-404a-bd81-99fe35c2e61f",
      "isHook": false,
      "skipped": false
    },
    {
      "title": "2017/11/1的第-3000天应该是2009/8/15",
      "fullTitle": "常规测试 2017/11/1的第-3000天应该是2009/8/15",
      "timedOut": false,
      "duration": 1,
      "state": "passed",
      "speed": "fast",
      "pass": true,
      "fail": false,
      "pending": false,
      "code": "__cov_UJz7PfT_rMTJlTCgpG7q8g.f['2']++;__cov_UJz7PfT_rMTJlTCgpG7q8g.s['15']++;expect(nextNDays(y,m,d,v[1])).to.be.equal(v[2]);",
      "err": {},
      "isRoot": false,
      "uuid": "26f15681-d1c1-400e-afd0-fe6dadb43945",
      "parentUUID": "6fd7a821-45d0-404a-bd81-99fe35c2e61f",
      "isHook": false,
      "skipped": false
    },
    {
      "title": "2017/11/1的第5000天应该是2031/7/11",
      "fullTitle": "常规测试 2017/11/1的第5000天应该是2031/7/11",
      "timedOut": false,
      "duration": 1,
      "state": "passed",
      "speed": "fast",
      "pass": true,
      "fail": false,
      "pending": false,
      "code": "__cov_UJz7PfT_rMTJlTCgpG7q8g.f['2']++;__cov_UJz7PfT_rMTJlTCgpG7q8g.s['15']++;expect(nextNDays(y,m,d,v[1])).to.be.equal(v[2]);",
      "err": {},
      "isRoot": false,
      "uuid": "556ad2be-2a18-42ea-bd03-0b19e9e1825d",
      "parentUUID": "6fd7a821-45d0-404a-bd81-99fe35c2e61f",
      "isHook": false,
      "skipped": false
    },
    {
      "title": "2017/11/1的第-5000天应该是2004/2/23",
      "fullTitle": "常规测试 2017/11/1的第-5000天应该是2004/2/23",
      "timedOut": false,
      "duration": 2,
      "state": "passed",
      "speed": "fast",
      "pass": true,
      "fail": false,
      "pending": false,
      "code": "__cov_UJz7PfT_rMTJlTCgpG7q8g.f['2']++;__cov_UJz7PfT_rMTJlTCgpG7q8g.s['15']++;expect(nextNDays(y,m,d,v[1])).to.be.equal(v[2]);",
      "err": {},
      "isRoot": false,
      "uuid": "8749f237-5bd0-407b-8349-f0c8e3e1468a",
      "parentUUID": "6fd7a821-45d0-404a-bd81-99fe35c2e61f",
      "isHook": false,
      "skipped": false
    }
  ],
  "allPending": [],
  "allPasses": [
    {
      "title": "2017/11/1的第1天应该是2017/11/2",
      "fullTitle": "常规测试 2017/11/1的第1天应该是2017/11/2",
      "timedOut": false,
      "duration": 2,
      "state": "passed",
      "speed": "fast",
      "pass": true,
      "fail": false,
      "pending": false,
      "code": "__cov_UJz7PfT_rMTJlTCgpG7q8g.f['2']++;__cov_UJz7PfT_rMTJlTCgpG7q8g.s['15']++;expect(nextNDays(y,m,d,v[1])).to.be.equal(v[2]);",
      "err": {},
      "isRoot": false,
      "uuid": "4b8be8ca-9814-402c-8bec-f63d36310439",
      "parentUUID": "6fd7a821-45d0-404a-bd81-99fe35c2e61f",
      "isHook": false,
      "skipped": false
    },
    {
      "title": "2017/11/1的第2天应该是2017/11/3",
      "fullTitle": "常规测试 2017/11/1的第2天应该是2017/11/3",
      "timedOut": false,
      "duration": 1,
      "state": "passed",
      "speed": "fast",
      "pass": true,
      "fail": false,
      "pending": false,
      "code": "__cov_UJz7PfT_rMTJlTCgpG7q8g.f['2']++;__cov_UJz7PfT_rMTJlTCgpG7q8g.s['15']++;expect(nextNDays(y,m,d,v[1])).to.be.equal(v[2]);",
      "err": {},
      "isRoot": false,
      "uuid": "9e1b788c-8fbc-4bf6-a515-2c1e2b6f1f18",
      "parentUUID": "6fd7a821-45d0-404a-bd81-99fe35c2e61f",
      "isHook": false,
      "skipped": false
    },
    {
      "title": "2017/11/1的第3天应该是2017/11/4",
      "fullTitle": "常规测试 2017/11/1的第3天应该是2017/11/4",
      "timedOut": false,
      "duration": 0,
      "state": "passed",
      "speed": "fast",
      "pass": true,
      "fail": false,
      "pending": false,
      "code": "__cov_UJz7PfT_rMTJlTCgpG7q8g.f['2']++;__cov_UJz7PfT_rMTJlTCgpG7q8g.s['15']++;expect(nextNDays(y,m,d,v[1])).to.be.equal(v[2]);",
      "err": {},
      "isRoot": false,
      "uuid": "842fdc3d-2c61-4a26-8c9c-4fc785f9e3c4",
      "parentUUID": "6fd7a821-45d0-404a-bd81-99fe35c2e61f",
      "isHook": false,
      "skipped": false
    },
    {
      "title": "2017/11/1的第4天应该是2017/11/5",
      "fullTitle": "常规测试 2017/11/1的第4天应该是2017/11/5",
      "timedOut": false,
      "duration": 0,
      "state": "passed",
      "speed": "fast",
      "pass": true,
      "fail": false,
      "pending": false,
      "code": "__cov_UJz7PfT_rMTJlTCgpG7q8g.f['2']++;__cov_UJz7PfT_rMTJlTCgpG7q8g.s['15']++;expect(nextNDays(y,m,d,v[1])).to.be.equal(v[2]);",
      "err": {},
      "isRoot": false,
      "uuid": "d1a4c8ab-0e17-4c63-b284-657c79ab29ab",
      "parentUUID": "6fd7a821-45d0-404a-bd81-99fe35c2e61f",
      "isHook": false,
      "skipped": false
    },
    {
      "title": "2017/11/1的第5天应该是2017/11/6",
      "fullTitle": "常规测试 2017/11/1的第5天应该是2017/11/6",
      "timedOut": false,
      "duration": 0,
      "state": "passed",
      "speed": "fast",
      "pass": true,
      "fail": false,
      "pending": false,
      "code": "__cov_UJz7PfT_rMTJlTCgpG7q8g.f['2']++;__cov_UJz7PfT_rMTJlTCgpG7q8g.s['15']++;expect(nextNDays(y,m,d,v[1])).to.be.equal(v[2]);",
      "err": {},
      "isRoot": false,
      "uuid": "b861cf36-ff4a-4fb1-80a4-c2307f815bb0",
      "parentUUID": "6fd7a821-45d0-404a-bd81-99fe35c2e61f",
      "isHook": false,
      "skipped": false
    },
    {
      "title": "2017/11/1的第6天应该是2017/11/7",
      "fullTitle": "常规测试 2017/11/1的第6天应该是2017/11/7",
      "timedOut": false,
      "duration": 1,
      "state": "passed",
      "speed": "fast",
      "pass": true,
      "fail": false,
      "pending": false,
      "code": "__cov_UJz7PfT_rMTJlTCgpG7q8g.f['2']++;__cov_UJz7PfT_rMTJlTCgpG7q8g.s['15']++;expect(nextNDays(y,m,d,v[1])).to.be.equal(v[2]);",
      "err": {},
      "isRoot": false,
      "uuid": "43bf1018-4640-4fc9-8abd-5b464265deea",
      "parentUUID": "6fd7a821-45d0-404a-bd81-99fe35c2e61f",
      "isHook": false,
      "skipped": false
    },
    {
      "title": "2017/11/1的第7天应该是2017/11/8",
      "fullTitle": "常规测试 2017/11/1的第7天应该是2017/11/8",
      "timedOut": false,
      "duration": 0,
      "state": "passed",
      "speed": "fast",
      "pass": true,
      "fail": false,
      "pending": false,
      "code": "__cov_UJz7PfT_rMTJlTCgpG7q8g.f['2']++;__cov_UJz7PfT_rMTJlTCgpG7q8g.s['15']++;expect(nextNDays(y,m,d,v[1])).to.be.equal(v[2]);",
      "err": {},
      "isRoot": false,
      "uuid": "50c7f64a-beca-493d-9ac1-bd221f7b7c4c",
      "parentUUID": "6fd7a821-45d0-404a-bd81-99fe35c2e61f",
      "isHook": false,
      "skipped": false
    },
    {
      "title": "2017/11/1的第30天应该是2017/12/1",
      "fullTitle": "常规测试 2017/11/1的第30天应该是2017/12/1",
      "timedOut": false,
      "duration": 0,
      "state": "passed",
      "speed": "fast",
      "pass": true,
      "fail": false,
      "pending": false,
      "code": "__cov_UJz7PfT_rMTJlTCgpG7q8g.f['2']++;__cov_UJz7PfT_rMTJlTCgpG7q8g.s['15']++;expect(nextNDays(y,m,d,v[1])).to.be.equal(v[2]);",
      "err": {},
      "isRoot": false,
      "uuid": "82658c6d-d2ee-4594-b57f-04597db48b03",
      "parentUUID": "6fd7a821-45d0-404a-bd81-99fe35c2e61f",
      "isHook": false,
      "skipped": false
    },
    {
      "title": "2017/11/1的第365天应该是2018/11/1",
      "fullTitle": "常规测试 2017/11/1的第365天应该是2018/11/1",
      "timedOut": false,
      "duration": 0,
      "state": "passed",
      "speed": "fast",
      "pass": true,
      "fail": false,
      "pending": false,
      "code": "__cov_UJz7PfT_rMTJlTCgpG7q8g.f['2']++;__cov_UJz7PfT_rMTJlTCgpG7q8g.s['15']++;expect(nextNDays(y,m,d,v[1])).to.be.equal(v[2]);",
      "err": {},
      "isRoot": false,
      "uuid": "8871cceb-0582-4362-b7ed-b66c45cb8ff9",
      "parentUUID": "6fd7a821-45d0-404a-bd81-99fe35c2e61f",
      "isHook": false,
      "skipped": false
    },
    {
      "title": "2017/11/1的第731天应该是2019/11/2",
      "fullTitle": "常规测试 2017/11/1的第731天应该是2019/11/2",
      "timedOut": false,
      "duration": 1,
      "state": "passed",
      "speed": "fast",
      "pass": true,
      "fail": false,
      "pending": false,
      "code": "__cov_UJz7PfT_rMTJlTCgpG7q8g.f['2']++;__cov_UJz7PfT_rMTJlTCgpG7q8g.s['15']++;expect(nextNDays(y,m,d,v[1])).to.be.equal(v[2]);",
      "err": {},
      "isRoot": false,
      "uuid": "bf2d4089-bb86-414c-8a76-bfb6c03f04e8",
      "parentUUID": "6fd7a821-45d0-404a-bd81-99fe35c2e61f",
      "isHook": false,
      "skipped": false
    },
    {
      "title": "2017/11/1的第-1天应该是2017/10/31",
      "fullTitle": "常规测试 2017/11/1的第-1天应该是2017/10/31",
      "timedOut": false,
      "duration": 0,
      "state": "passed",
      "speed": "fast",
      "pass": true,
      "fail": false,
      "pending": false,
      "code": "__cov_UJz7PfT_rMTJlTCgpG7q8g.f['2']++;__cov_UJz7PfT_rMTJlTCgpG7q8g.s['15']++;expect(nextNDays(y,m,d,v[1])).to.be.equal(v[2]);",
      "err": {},
      "isRoot": false,
      "uuid": "4044f276-92e7-45e2-93a2-1bbd898a751c",
      "parentUUID": "6fd7a821-45d0-404a-bd81-99fe35c2e61f",
      "isHook": false,
      "skipped": false
    },
    {
      "title": "2017/11/1的第-2天应该是2017/10/30",
      "fullTitle": "常规测试 2017/11/1的第-2天应该是2017/10/30",
      "timedOut": false,
      "duration": 0,
      "state": "passed",
      "speed": "fast",
      "pass": true,
      "fail": false,
      "pending": false,
      "code": "__cov_UJz7PfT_rMTJlTCgpG7q8g.f['2']++;__cov_UJz7PfT_rMTJlTCgpG7q8g.s['15']++;expect(nextNDays(y,m,d,v[1])).to.be.equal(v[2]);",
      "err": {},
      "isRoot": false,
      "uuid": "3987dab3-8a9b-429a-82f5-a7024f1c7984",
      "parentUUID": "6fd7a821-45d0-404a-bd81-99fe35c2e61f",
      "isHook": false,
      "skipped": false
    },
    {
      "title": "2017/11/1的第-3天应该是2017/10/29",
      "fullTitle": "常规测试 2017/11/1的第-3天应该是2017/10/29",
      "timedOut": false,
      "duration": 0,
      "state": "passed",
      "speed": "fast",
      "pass": true,
      "fail": false,
      "pending": false,
      "code": "__cov_UJz7PfT_rMTJlTCgpG7q8g.f['2']++;__cov_UJz7PfT_rMTJlTCgpG7q8g.s['15']++;expect(nextNDays(y,m,d,v[1])).to.be.equal(v[2]);",
      "err": {},
      "isRoot": false,
      "uuid": "43c05578-df2a-475d-8f20-b39a81dcc5d6",
      "parentUUID": "6fd7a821-45d0-404a-bd81-99fe35c2e61f",
      "isHook": false,
      "skipped": false
    },
    {
      "title": "2017/11/1的第-4天应该是2017/10/28",
      "fullTitle": "常规测试 2017/11/1的第-4天应该是2017/10/28",
      "timedOut": false,
      "duration": 0,
      "state": "passed",
      "speed": "fast",
      "pass": true,
      "fail": false,
      "pending": false,
      "code": "__cov_UJz7PfT_rMTJlTCgpG7q8g.f['2']++;__cov_UJz7PfT_rMTJlTCgpG7q8g.s['15']++;expect(nextNDays(y,m,d,v[1])).to.be.equal(v[2]);",
      "err": {},
      "isRoot": false,
      "uuid": "4980eac6-26ac-4500-9038-ed3b18df2ef4",
      "parentUUID": "6fd7a821-45d0-404a-bd81-99fe35c2e61f",
      "isHook": false,
      "skipped": false
    },
    {
      "title": "2017/11/1的第-5天应该是2017/10/27",
      "fullTitle": "常规测试 2017/11/1的第-5天应该是2017/10/27",
      "timedOut": false,
      "duration": 1,
      "state": "passed",
      "speed": "fast",
      "pass": true,
      "fail": false,
      "pending": false,
      "code": "__cov_UJz7PfT_rMTJlTCgpG7q8g.f['2']++;__cov_UJz7PfT_rMTJlTCgpG7q8g.s['15']++;expect(nextNDays(y,m,d,v[1])).to.be.equal(v[2]);",
      "err": {},
      "isRoot": false,
      "uuid": "993d29cb-031a-416f-b1cd-bcd21b0bebd5",
      "parentUUID": "6fd7a821-45d0-404a-bd81-99fe35c2e61f",
      "isHook": false,
      "skipped": false
    },
    {
      "title": "2017/11/1的第-6天应该是2017/10/26",
      "fullTitle": "常规测试 2017/11/1的第-6天应该是2017/10/26",
      "timedOut": false,
      "duration": 0,
      "state": "passed",
      "speed": "fast",
      "pass": true,
      "fail": false,
      "pending": false,
      "code": "__cov_UJz7PfT_rMTJlTCgpG7q8g.f['2']++;__cov_UJz7PfT_rMTJlTCgpG7q8g.s['15']++;expect(nextNDays(y,m,d,v[1])).to.be.equal(v[2]);",
      "err": {},
      "isRoot": false,
      "uuid": "318a488f-00a9-4182-842f-8687a1d855d1",
      "parentUUID": "6fd7a821-45d0-404a-bd81-99fe35c2e61f",
      "isHook": false,
      "skipped": false
    },
    {
      "title": "2017/11/1的第-7天应该是2017/10/25",
      "fullTitle": "常规测试 2017/11/1的第-7天应该是2017/10/25",
      "timedOut": false,
      "duration": 0,
      "state": "passed",
      "speed": "fast",
      "pass": true,
      "fail": false,
      "pending": false,
      "code": "__cov_UJz7PfT_rMTJlTCgpG7q8g.f['2']++;__cov_UJz7PfT_rMTJlTCgpG7q8g.s['15']++;expect(nextNDays(y,m,d,v[1])).to.be.equal(v[2]);",
      "err": {},
      "isRoot": false,
      "uuid": "a3a82c4d-b691-4a23-a485-ec8f08c7a33d",
      "parentUUID": "6fd7a821-45d0-404a-bd81-99fe35c2e61f",
      "isHook": false,
      "skipped": false
    },
    {
      "title": "2017/11/1的第-30天应该是2017/10/2",
      "fullTitle": "常规测试 2017/11/1的第-30天应该是2017/10/2",
      "timedOut": false,
      "duration": 0,
      "state": "passed",
      "speed": "fast",
      "pass": true,
      "fail": false,
      "pending": false,
      "code": "__cov_UJz7PfT_rMTJlTCgpG7q8g.f['2']++;__cov_UJz7PfT_rMTJlTCgpG7q8g.s['15']++;expect(nextNDays(y,m,d,v[1])).to.be.equal(v[2]);",
      "err": {},
      "isRoot": false,
      "uuid": "2149dc7f-a9ec-4c9f-b613-7d430824694a",
      "parentUUID": "6fd7a821-45d0-404a-bd81-99fe35c2e61f",
      "isHook": false,
      "skipped": false
    },
    {
      "title": "2017/11/1的第-365天应该是2016/11/1",
      "fullTitle": "常规测试 2017/11/1的第-365天应该是2016/11/1",
      "timedOut": false,
      "duration": 0,
      "state": "passed",
      "speed": "fast",
      "pass": true,
      "fail": false,
      "pending": false,
      "code": "__cov_UJz7PfT_rMTJlTCgpG7q8g.f['2']++;__cov_UJz7PfT_rMTJlTCgpG7q8g.s['15']++;expect(nextNDays(y,m,d,v[1])).to.be.equal(v[2]);",
      "err": {},
      "isRoot": false,
      "uuid": "bb2211ea-bc53-460c-99b8-95e8639726b0",
      "parentUUID": "6fd7a821-45d0-404a-bd81-99fe35c2e61f",
      "isHook": false,
      "skipped": false
    },
    {
      "title": "2017/11/1的第-730天应该是2015/11/2",
      "fullTitle": "常规测试 2017/11/1的第-730天应该是2015/11/2",
      "timedOut": false,
      "duration": 0,
      "state": "passed",
      "speed": "fast",
      "pass": true,
      "fail": false,
      "pending": false,
      "code": "__cov_UJz7PfT_rMTJlTCgpG7q8g.f['2']++;__cov_UJz7PfT_rMTJlTCgpG7q8g.s['15']++;expect(nextNDays(y,m,d,v[1])).to.be.equal(v[2]);",
      "err": {},
      "isRoot": false,
      "uuid": "f9b4f1c1-3d69-48aa-a46b-65a62c847b47",
      "parentUUID": "6fd7a821-45d0-404a-bd81-99fe35c2e61f",
      "isHook": false,
      "skipped": false
    },
    {
      "title": "2017/11/1的第1000天应该是2020/7/28",
      "fullTitle": "常规测试 2017/11/1的第1000天应该是2020/7/28",
      "timedOut": false,
      "duration": 0,
      "state": "passed",
      "speed": "fast",
      "pass": true,
      "fail": false,
      "pending": false,
      "code": "__cov_UJz7PfT_rMTJlTCgpG7q8g.f['2']++;__cov_UJz7PfT_rMTJlTCgpG7q8g.s['15']++;expect(nextNDays(y,m,d,v[1])).to.be.equal(v[2]);",
      "err": {},
      "isRoot": false,
      "uuid": "7f1c3f59-7a6c-477b-9e12-6b5f6dc27adf",
      "parentUUID": "6fd7a821-45d0-404a-bd81-99fe35c2e61f",
      "isHook": false,
      "skipped": false
    },
    {
      "title": "2017/11/1的第-1000天应该是2015/2/5",
      "fullTitle": "常规测试 2017/11/1的第-1000天应该是2015/2/5",
      "timedOut": false,
      "duration": 0,
      "state": "passed",
      "speed": "fast",
      "pass": true,
      "fail": false,
      "pending": false,
      "code": "__cov_UJz7PfT_rMTJlTCgpG7q8g.f['2']++;__cov_UJz7PfT_rMTJlTCgpG7q8g.s['15']++;expect(nextNDays(y,m,d,v[1])).to.be.equal(v[2]);",
      "err": {},
      "isRoot": false,
      "uuid": "50b99256-66b0-4dc0-8edb-4166f7e96398",
      "parentUUID": "6fd7a821-45d0-404a-bd81-99fe35c2e61f",
      "isHook": false,
      "skipped": false
    },
    {
      "title": "2017/11/1的第2000天应该是2023/4/24",
      "fullTitle": "常规测试 2017/11/1的第2000天应该是2023/4/24",
      "timedOut": false,
      "duration": 1,
      "state": "passed",
      "speed": "fast",
      "pass": true,
      "fail": false,
      "pending": false,
      "code": "__cov_UJz7PfT_rMTJlTCgpG7q8g.f['2']++;__cov_UJz7PfT_rMTJlTCgpG7q8g.s['15']++;expect(nextNDays(y,m,d,v[1])).to.be.equal(v[2]);",
      "err": {},
      "isRoot": false,
      "uuid": "fb7532c1-8efb-42ea-8a60-e5f8fe9e5c0f",
      "parentUUID": "6fd7a821-45d0-404a-bd81-99fe35c2e61f",
      "isHook": false,
      "skipped": false
    },
    {
      "title": "2017/11/1的第-2000天应该是2012/5/11",
      "fullTitle": "常规测试 2017/11/1的第-2000天应该是2012/5/11",
      "timedOut": false,
      "duration": 0,
      "state": "passed",
      "speed": "fast",
      "pass": true,
      "fail": false,
      "pending": false,
      "code": "__cov_UJz7PfT_rMTJlTCgpG7q8g.f['2']++;__cov_UJz7PfT_rMTJlTCgpG7q8g.s['15']++;expect(nextNDays(y,m,d,v[1])).to.be.equal(v[2]);",
      "err": {},
      "isRoot": false,
      "uuid": "586e9c05-6e12-4ee5-ae16-0aa6605040bd",
      "parentUUID": "6fd7a821-45d0-404a-bd81-99fe35c2e61f",
      "isHook": false,
      "skipped": false
    },
    {
      "title": "2017/11/1的第3000天应该是2026/1/18",
      "fullTitle": "常规测试 2017/11/1的第3000天应该是2026/1/18",
      "timedOut": false,
      "duration": 1,
      "state": "passed",
      "speed": "fast",
      "pass": true,
      "fail": false,
      "pending": false,
      "code": "__cov_UJz7PfT_rMTJlTCgpG7q8g.f['2']++;__cov_UJz7PfT_rMTJlTCgpG7q8g.s['15']++;expect(nextNDays(y,m,d,v[1])).to.be.equal(v[2]);",
      "err": {},
      "isRoot": false,
      "uuid": "d5409a6a-8337-470a-afe1-4a6f82f9d9e6",
      "parentUUID": "6fd7a821-45d0-404a-bd81-99fe35c2e61f",
      "isHook": false,
      "skipped": false
    },
    {
      "title": "2017/11/1的第-3000天应该是2009/8/15",
      "fullTitle": "常规测试 2017/11/1的第-3000天应该是2009/8/15",
      "timedOut": false,
      "duration": 1,
      "state": "passed",
      "speed": "fast",
      "pass": true,
      "fail": false,
      "pending": false,
      "code": "__cov_UJz7PfT_rMTJlTCgpG7q8g.f['2']++;__cov_UJz7PfT_rMTJlTCgpG7q8g.s['15']++;expect(nextNDays(y,m,d,v[1])).to.be.equal(v[2]);",
      "err": {},
      "isRoot": false,
      "uuid": "26f15681-d1c1-400e-afd0-fe6dadb43945",
      "parentUUID": "6fd7a821-45d0-404a-bd81-99fe35c2e61f",
      "isHook": false,
      "skipped": false
    },
    {
      "title": "2017/11/1的第5000天应该是2031/7/11",
      "fullTitle": "常规测试 2017/11/1的第5000天应该是2031/7/11",
      "timedOut": false,
      "duration": 1,
      "state": "passed",
      "speed": "fast",
      "pass": true,
      "fail": false,
      "pending": false,
      "code": "__cov_UJz7PfT_rMTJlTCgpG7q8g.f['2']++;__cov_UJz7PfT_rMTJlTCgpG7q8g.s['15']++;expect(nextNDays(y,m,d,v[1])).to.be.equal(v[2]);",
      "err": {},
      "isRoot": false,
      "uuid": "556ad2be-2a18-42ea-bd03-0b19e9e1825d",
      "parentUUID": "6fd7a821-45d0-404a-bd81-99fe35c2e61f",
      "isHook": false,
      "skipped": false
    },
    {
      "title": "2017/11/1的第-5000天应该是2004/2/23",
      "fullTitle": "常规测试 2017/11/1的第-5000天应该是2004/2/23",
      "timedOut": false,
      "duration": 2,
      "state": "passed",
      "speed": "fast",
      "pass": true,
      "fail": false,
      "pending": false,
      "code": "__cov_UJz7PfT_rMTJlTCgpG7q8g.f['2']++;__cov_UJz7PfT_rMTJlTCgpG7q8g.s['15']++;expect(nextNDays(y,m,d,v[1])).to.be.equal(v[2]);",
      "err": {},
      "isRoot": false,
      "uuid": "8749f237-5bd0-407b-8349-f0c8e3e1468a",
      "parentUUID": "6fd7a821-45d0-404a-bd81-99fe35c2e61f",
      "isHook": false,
      "skipped": false
    }
  ],
  "allFailures": [],
  "copyrightYear": 2017
}