{
  "stats": {
    "suites": 1,
    "tests": 28,
    "passes": 28,
    "pending": 0,
    "failures": 0,
    "start": "2017-11-29T12:05:59.394Z",
    "end": "2017-11-29T12:05:59.409Z",
    "duration": 15,
    "testsRegistered": 28,
    "passPercent": 100,
    "pendingPercent": 0,
    "other": 0,
    "hasOther": false,
    "skipped": 0,
    "hasSkipped": false,
    "passPercentClass": "success",
    "pendingPercentClass": "danger"
  },
  "suites": {
    "title": "",
    "suites": [
      {
        "title": "常规测试",
        "suites": [],
        "tests": [
          {
            "title": "2017/11/1的第1天应该是2017/11/2",
            "fullTitle": "常规测试 2017/11/1的第1天应该是2017/11/2",
            "timedOut": false,
            "duration": 2,
            "state": "passed",
            "speed": "fast",
            "pass": true,
            "fail": false,
            "pending": false,
            "code": "__cov_UJz7PfT_rMTJlTCgpG7q8g.f['2']++;__cov_UJz7PfT_rMTJlTCgpG7q8g.s['15']++;expect(nextNDays(y,m,d,v[1])).to.be.equal(v[2]);",
            "err": {},
            "isRoot": false,
            "uuid": "20e3fc89-7638-4d34-900c-4c240f2decbc",
            "parentUUID": "530c6178-69bb-4dd2-9e10-7c998afbb95d",
            "isHook": false,
            "skipped": false
          },
          {
            "title": "2017/11/1的第2天应该是2017/11/3",
            "fullTitle": "常规测试 2017/11/1的第2天应该是2017/11/3",
            "timedOut": false,
            "duration": 0,
            "state": "passed",
            "speed": "fast",
            "pass": true,
            "fail": false,
            "pending": false,
            "code": "__cov_UJz7PfT_rMTJlTCgpG7q8g.f['2']++;__cov_UJz7PfT_rMTJlTCgpG7q8g.s['15']++;expect(nextNDays(y,m,d,v[1])).to.be.equal(v[2]);",
            "err": {},
            "isRoot": false,
            "uuid": "3ba85865-467b-4b99-881e-a2e6e2b2afcb",
            "parentUUID": "530c6178-69bb-4dd2-9e10-7c998afbb95d",
            "isHook": false,
            "skipped": false
          },
          {
            "title": "2017/11/1的第3天应该是2017/11/4",
            "fullTitle": "常规测试 2017/11/1的第3天应该是2017/11/4",
            "timedOut": false,
            "duration": 0,
            "state": "passed",
            "speed": "fast",
            "pass": true,
            "fail": false,
            "pending": false,
            "code": "__cov_UJz7PfT_rMTJlTCgpG7q8g.f['2']++;__cov_UJz7PfT_rMTJlTCgpG7q8g.s['15']++;expect(nextNDays(y,m,d,v[1])).to.be.equal(v[2]);",
            "err": {},
            "isRoot": false,
            "uuid": "ec880e86-26f5-4333-976f-7394025c09c5",
            "parentUUID": "530c6178-69bb-4dd2-9e10-7c998afbb95d",
            "isHook": false,
            "skipped": false
          },
          {
            "title": "2017/11/1的第4天应该是2017/11/5",
            "fullTitle": "常规测试 2017/11/1的第4天应该是2017/11/5",
            "timedOut": false,
            "duration": 0,
            "state": "passed",
            "speed": "fast",
            "pass": true,
            "fail": false,
            "pending": false,
            "code": "__cov_UJz7PfT_rMTJlTCgpG7q8g.f['2']++;__cov_UJz7PfT_rMTJlTCgpG7q8g.s['15']++;expect(nextNDays(y,m,d,v[1])).to.be.equal(v[2]);",
            "err": {},
            "isRoot": false,
            "uuid": "61031ec3-f408-4927-b33a-b4ba3040dcad",
            "parentUUID": "530c6178-69bb-4dd2-9e10-7c998afbb95d",
            "isHook": false,
            "skipped": false
          },
          {
            "title": "2017/11/1的第5天应该是2017/11/6",
            "fullTitle": "常规测试 2017/11/1的第5天应该是2017/11/6",
            "timedOut": false,
            "duration": 1,
            "state": "passed",
            "speed": "fast",
            "pass": true,
            "fail": false,
            "pending": false,
            "code": "__cov_UJz7PfT_rMTJlTCgpG7q8g.f['2']++;__cov_UJz7PfT_rMTJlTCgpG7q8g.s['15']++;expect(nextNDays(y,m,d,v[1])).to.be.equal(v[2]);",
            "err": {},
            "isRoot": false,
            "uuid": "f9ad0c0e-9495-43e1-a53d-d607e8aedbbd",
            "parentUUID": "530c6178-69bb-4dd2-9e10-7c998afbb95d",
            "isHook": false,
            "skipped": false
          },
          {
            "title": "2017/11/1的第6天应该是2017/11/7",
            "fullTitle": "常规测试 2017/11/1的第6天应该是2017/11/7",
            "timedOut": false,
            "duration": 0,
            "state": "passed",
            "speed": "fast",
            "pass": true,
            "fail": false,
            "pending": false,
            "code": "__cov_UJz7PfT_rMTJlTCgpG7q8g.f['2']++;__cov_UJz7PfT_rMTJlTCgpG7q8g.s['15']++;expect(nextNDays(y,m,d,v[1])).to.be.equal(v[2]);",
            "err": {},
            "isRoot": false,
            "uuid": "48f74316-5dff-4906-9507-db8bb3010151",
            "parentUUID": "530c6178-69bb-4dd2-9e10-7c998afbb95d",
            "isHook": false,
            "skipped": false
          },
          {
            "title": "2017/11/1的第7天应该是2017/11/8",
            "fullTitle": "常规测试 2017/11/1的第7天应该是2017/11/8",
            "timedOut": false,
            "duration": 0,
            "state": "passed",
            "speed": "fast",
            "pass": true,
            "fail": false,
            "pending": false,
            "code": "__cov_UJz7PfT_rMTJlTCgpG7q8g.f['2']++;__cov_UJz7PfT_rMTJlTCgpG7q8g.s['15']++;expect(nextNDays(y,m,d,v[1])).to.be.equal(v[2]);",
            "err": {},
            "isRoot": false,
            "uuid": "112aafe8-a6f6-47fa-9230-05ab8daaa640",
            "parentUUID": "530c6178-69bb-4dd2-9e10-7c998afbb95d",
            "isHook": false,
            "skipped": false
          },
          {
            "title": "2017/11/1的第30天应该是2017/12/1",
            "fullTitle": "常规测试 2017/11/1的第30天应该是2017/12/1",
            "timedOut": false,
            "duration": 0,
            "state": "passed",
            "speed": "fast",
            "pass": true,
            "fail": false,
            "pending": false,
            "code": "__cov_UJz7PfT_rMTJlTCgpG7q8g.f['2']++;__cov_UJz7PfT_rMTJlTCgpG7q8g.s['15']++;expect(nextNDays(y,m,d,v[1])).to.be.equal(v[2]);",
            "err": {},
            "isRoot": false,
            "uuid": "8ffb1caf-9cbe-40eb-b813-a897dba5846c",
            "parentUUID": "530c6178-69bb-4dd2-9e10-7c998afbb95d",
            "isHook": false,
            "skipped": false
          },
          {
            "title": "2017/11/1的第365天应该是2018/11/1",
            "fullTitle": "常规测试 2017/11/1的第365天应该是2018/11/1",
            "timedOut": false,
            "duration": 0,
            "state": "passed",
            "speed": "fast",
            "pass": true,
            "fail": false,
            "pending": false,
            "code": "__cov_UJz7PfT_rMTJlTCgpG7q8g.f['2']++;__cov_UJz7PfT_rMTJlTCgpG7q8g.s['15']++;expect(nextNDays(y,m,d,v[1])).to.be.equal(v[2]);",
            "err": {},
            "isRoot": false,
            "uuid": "37ab106d-3e82-4402-ad90-4de247df0bc5",
            "parentUUID": "530c6178-69bb-4dd2-9e10-7c998afbb95d",
            "isHook": false,
            "skipped": false
          },
          {
            "title": "2017/11/1的第731天应该是2019/11/2",
            "fullTitle": "常规测试 2017/11/1的第731天应该是2019/11/2",
            "timedOut": false,
            "duration": 0,
            "state": "passed",
            "speed": "fast",
            "pass": true,
            "fail": false,
            "pending": false,
            "code": "__cov_UJz7PfT_rMTJlTCgpG7q8g.f['2']++;__cov_UJz7PfT_rMTJlTCgpG7q8g.s['15']++;expect(nextNDays(y,m,d,v[1])).to.be.equal(v[2]);",
            "err": {},
            "isRoot": false,
            "uuid": "0fbb0d60-f978-4bc4-af60-d6c1e1c4b562",
            "parentUUID": "530c6178-69bb-4dd2-9e10-7c998afbb95d",
            "isHook": false,
            "skipped": false
          },
          {
            "title": "2017/11/1的第-1天应该是2017/10/31",
            "fullTitle": "常规测试 2017/11/1的第-1天应该是2017/10/31",
            "timedOut": false,
            "duration": 0,
            "state": "passed",
            "speed": "fast",
            "pass": true,
            "fail": false,
            "pending": false,
            "code": "__cov_UJz7PfT_rMTJlTCgpG7q8g.f['2']++;__cov_UJz7PfT_rMTJlTCgpG7q8g.s['15']++;expect(nextNDays(y,m,d,v[1])).to.be.equal(v[2]);",
            "err": {},
            "isRoot": false,
            "uuid": "4f7ec1a3-915b-4078-a2d0-ceb07b444bdb",
            "parentUUID": "530c6178-69bb-4dd2-9e10-7c998afbb95d",
            "isHook": false,
            "skipped": false
          },
          {
            "title": "2017/11/1的第-2天应该是2017/10/30",
            "fullTitle": "常规测试 2017/11/1的第-2天应该是2017/10/30",
            "timedOut": false,
            "duration": 0,
            "state": "passed",
            "speed": "fast",
            "pass": true,
            "fail": false,
            "pending": false,
            "code": "__cov_UJz7PfT_rMTJlTCgpG7q8g.f['2']++;__cov_UJz7PfT_rMTJlTCgpG7q8g.s['15']++;expect(nextNDays(y,m,d,v[1])).to.be.equal(v[2]);",
            "err": {},
            "isRoot": false,
            "uuid": "87963899-efb4-4ffb-a545-ac8ac7fcd2cd",
            "parentUUID": "530c6178-69bb-4dd2-9e10-7c998afbb95d",
            "isHook": false,
            "skipped": false
          },
          {
            "title": "2017/11/1的第-3天应该是2017/10/29",
            "fullTitle": "常规测试 2017/11/1的第-3天应该是2017/10/29",
            "timedOut": false,
            "duration": 0,
            "state": "passed",
            "speed": "fast",
            "pass": true,
            "fail": false,
            "pending": false,
            "code": "__cov_UJz7PfT_rMTJlTCgpG7q8g.f['2']++;__cov_UJz7PfT_rMTJlTCgpG7q8g.s['15']++;expect(nextNDays(y,m,d,v[1])).to.be.equal(v[2]);",
            "err": {},
            "isRoot": false,
            "uuid": "a2366623-58f0-4586-a371-489c17b3596c",
            "parentUUID": "530c6178-69bb-4dd2-9e10-7c998afbb95d",
            "isHook": false,
            "skipped": false
          },
          {
            "title": "2017/11/1的第-4天应该是2017/10/28",
            "fullTitle": "常规测试 2017/11/1的第-4天应该是2017/10/28",
            "timedOut": false,
            "duration": 0,
            "state": "passed",
            "speed": "fast",
            "pass": true,
            "fail": false,
            "pending": false,
            "code": "__cov_UJz7PfT_rMTJlTCgpG7q8g.f['2']++;__cov_UJz7PfT_rMTJlTCgpG7q8g.s['15']++;expect(nextNDays(y,m,d,v[1])).to.be.equal(v[2]);",
            "err": {},
            "isRoot": false,
            "uuid": "a35bc310-7488-4ead-bb2e-04f3b92a4adb",
            "parentUUID": "530c6178-69bb-4dd2-9e10-7c998afbb95d",
            "isHook": false,
            "skipped": false
          },
          {
            "title": "2017/11/1的第-5天应该是2017/10/27",
            "fullTitle": "常规测试 2017/11/1的第-5天应该是2017/10/27",
            "timedOut": false,
            "duration": 0,
            "state": "passed",
            "speed": "fast",
            "pass": true,
            "fail": false,
            "pending": false,
            "code": "__cov_UJz7PfT_rMTJlTCgpG7q8g.f['2']++;__cov_UJz7PfT_rMTJlTCgpG7q8g.s['15']++;expect(nextNDays(y,m,d,v[1])).to.be.equal(v[2]);",
            "err": {},
            "isRoot": false,
            "uuid": "b78da5fc-81f3-4005-9d68-4a57ee38ad89",
            "parentUUID": "530c6178-69bb-4dd2-9e10-7c998afbb95d",
            "isHook": false,
            "skipped": false
          },
          {
            "title": "2017/11/1的第-6天应该是2017/10/26",
            "fullTitle": "常规测试 2017/11/1的第-6天应该是2017/10/26",
            "timedOut": false,
            "duration": 0,
            "state": "passed",
            "speed": "fast",
            "pass": true,
            "fail": false,
            "pending": false,
            "code": "__cov_UJz7PfT_rMTJlTCgpG7q8g.f['2']++;__cov_UJz7PfT_rMTJlTCgpG7q8g.s['15']++;expect(nextNDays(y,m,d,v[1])).to.be.equal(v[2]);",
            "err": {},
            "isRoot": false,
            "uuid": "dcd22160-ade7-4dde-a5a7-72671e14f4a1",
            "parentUUID": "530c6178-69bb-4dd2-9e10-7c998afbb95d",
            "isHook": false,
            "skipped": false
          },
          {
            "title": "2017/11/1的第-7天应该是2017/10/25",
            "fullTitle": "常规测试 2017/11/1的第-7天应该是2017/10/25",
            "timedOut": false,
            "duration": 0,
            "state": "passed",
            "speed": "fast",
            "pass": true,
            "fail": false,
            "pending": false,
            "code": "__cov_UJz7PfT_rMTJlTCgpG7q8g.f['2']++;__cov_UJz7PfT_rMTJlTCgpG7q8g.s['15']++;expect(nextNDays(y,m,d,v[1])).to.be.equal(v[2]);",
            "err": {},
            "isRoot": false,
            "uuid": "811c02d4-68b0-446c-abfa-f18fb57c2a3f",
            "parentUUID": "530c6178-69bb-4dd2-9e10-7c998afbb95d",
            "isHook": false,
            "skipped": false
          },
          {
            "title": "2017/11/1的第-30天应该是2017/10/2",
            "fullTitle": "常规测试 2017/11/1的第-30天应该是2017/10/2",
            "timedOut": false,
            "duration": 0,
            "state": "passed",
            "speed": "fast",
            "pass": true,
            "fail": false,
            "pending": false,
            "code": "__cov_UJz7PfT_rMTJlTCgpG7q8g.f['2']++;__cov_UJz7PfT_rMTJlTCgpG7q8g.s['15']++;expect(nextNDays(y,m,d,v[1])).to.be.equal(v[2]);",
            "err": {},
            "isRoot": false,
            "uuid": "070aa4ff-5020-404f-a649-811726349715",
            "parentUUID": "530c6178-69bb-4dd2-9e10-7c998afbb95d",
            "isHook": false,
            "skipped": false
          },
          {
            "title": "2017/11/1的第-365天应该是2016/11/1",
            "fullTitle": "常规测试 2017/11/1的第-365天应该是2016/11/1",
            "timedOut": false,
            "duration": 0,
            "state": "passed",
            "speed": "fast",
            "pass": true,
            "fail": false,
            "pending": false,
            "code": "__cov_UJz7PfT_rMTJlTCgpG7q8g.f['2']++;__cov_UJz7PfT_rMTJlTCgpG7q8g.s['15']++;expect(nextNDays(y,m,d,v[1])).to.be.equal(v[2]);",
            "err": {},
            "isRoot": false,
            "uuid": "c609b86d-ef1f-41a6-bd52-5be5d3f537ea",
            "parentUUID": "530c6178-69bb-4dd2-9e10-7c998afbb95d",
            "isHook": false,
            "skipped": false
          },
          {
            "title": "2017/11/1的第-730天应该是2015/11/2",
            "fullTitle": "常规测试 2017/11/1的第-730天应该是2015/11/2",
            "timedOut": false,
            "duration": 0,
            "state": "passed",
            "speed": "fast",
            "pass": true,
            "fail": false,
            "pending": false,
            "code": "__cov_UJz7PfT_rMTJlTCgpG7q8g.f['2']++;__cov_UJz7PfT_rMTJlTCgpG7q8g.s['15']++;expect(nextNDays(y,m,d,v[1])).to.be.equal(v[2]);",
            "err": {},
            "isRoot": false,
            "uuid": "a85c8743-ad07-4646-9381-8eeb073fca4c",
            "parentUUID": "530c6178-69bb-4dd2-9e10-7c998afbb95d",
            "isHook": false,
            "skipped": false
          },
          {
            "title": "2017/11/1的第1000天应该是2020/7/28",
            "fullTitle": "常规测试 2017/11/1的第1000天应该是2020/7/28",
            "timedOut": false,
            "duration": 0,
            "state": "passed",
            "speed": "fast",
            "pass": true,
            "fail": false,
            "pending": false,
            "code": "__cov_UJz7PfT_rMTJlTCgpG7q8g.f['2']++;__cov_UJz7PfT_rMTJlTCgpG7q8g.s['15']++;expect(nextNDays(y,m,d,v[1])).to.be.equal(v[2]);",
            "err": {},
            "isRoot": false,
            "uuid": "b0a84a05-96c7-420c-986e-ae34b74a6dbb",
            "parentUUID": "530c6178-69bb-4dd2-9e10-7c998afbb95d",
            "isHook": false,
            "skipped": false
          },
          {
            "title": "2017/11/1的第-1000天应该是2015/2/5",
            "fullTitle": "常规测试 2017/11/1的第-1000天应该是2015/2/5",
            "timedOut": false,
            "duration": 0,
            "state": "passed",
            "speed": "fast",
            "pass": true,
            "fail": false,
            "pending": false,
            "code": "__cov_UJz7PfT_rMTJlTCgpG7q8g.f['2']++;__cov_UJz7PfT_rMTJlTCgpG7q8g.s['15']++;expect(nextNDays(y,m,d,v[1])).to.be.equal(v[2]);",
            "err": {},
            "isRoot": false,
            "uuid": "bcc45393-6eb8-4cc8-8164-73b65f336f50",
            "parentUUID": "530c6178-69bb-4dd2-9e10-7c998afbb95d",
            "isHook": false,
            "skipped": false
          },
          {
            "title": "2017/11/1的第2000天应该是2023/4/24",
            "fullTitle": "常规测试 2017/11/1的第2000天应该是2023/4/24",
            "timedOut": false,
            "duration": 0,
            "state": "passed",
            "speed": "fast",
            "pass": true,
            "fail": false,
            "pending": false,
            "code": "__cov_UJz7PfT_rMTJlTCgpG7q8g.f['2']++;__cov_UJz7PfT_rMTJlTCgpG7q8g.s['15']++;expect(nextNDays(y,m,d,v[1])).to.be.equal(v[2]);",
            "err": {},
            "isRoot": false,
            "uuid": "0b5e9303-b002-471f-91bd-bfed1f8a6d52",
            "parentUUID": "530c6178-69bb-4dd2-9e10-7c998afbb95d",
            "isHook": false,
            "skipped": false
          },
          {
            "title": "2017/11/1的第-2000天应该是2012/5/11",
            "fullTitle": "常规测试 2017/11/1的第-2000天应该是2012/5/11",
            "timedOut": false,
            "duration": 0,
            "state": "passed",
            "speed": "fast",
            "pass": true,
            "fail": false,
            "pending": false,
            "code": "__cov_UJz7PfT_rMTJlTCgpG7q8g.f['2']++;__cov_UJz7PfT_rMTJlTCgpG7q8g.s['15']++;expect(nextNDays(y,m,d,v[1])).to.be.equal(v[2]);",
            "err": {},
            "isRoot": false,
            "uuid": "f7f0be1d-5354-4bca-9367-cf398d8c8cc5",
            "parentUUID": "530c6178-69bb-4dd2-9e10-7c998afbb95d",
            "isHook": false,
            "skipped": false
          },
          {
            "title": "2017/11/1的第3000天应该是2026/1/18",
            "fullTitle": "常规测试 2017/11/1的第3000天应该是2026/1/18",
            "timedOut": false,
            "duration": 0,
            "state": "passed",
            "speed": "fast",
            "pass": true,
            "fail": false,
            "pending": false,
            "code": "__cov_UJz7PfT_rMTJlTCgpG7q8g.f['2']++;__cov_UJz7PfT_rMTJlTCgpG7q8g.s['15']++;expect(nextNDays(y,m,d,v[1])).to.be.equal(v[2]);",
            "err": {},
            "isRoot": false,
            "uuid": "1f6fa221-6e99-4144-89d7-043375cb3deb",
            "parentUUID": "530c6178-69bb-4dd2-9e10-7c998afbb95d",
            "isHook": false,
            "skipped": false
          },
          {
            "title": "2017/11/1的第-3000天应该是2009/8/15",
            "fullTitle": "常规测试 2017/11/1的第-3000天应该是2009/8/15",
            "timedOut": false,
            "duration": 0,
            "state": "passed",
            "speed": "fast",
            "pass": true,
            "fail": false,
            "pending": false,
            "code": "__cov_UJz7PfT_rMTJlTCgpG7q8g.f['2']++;__cov_UJz7PfT_rMTJlTCgpG7q8g.s['15']++;expect(nextNDays(y,m,d,v[1])).to.be.equal(v[2]);",
            "err": {},
            "isRoot": false,
            "uuid": "8529991c-8dd1-4163-8d28-a93d79ae5075",
            "parentUUID": "530c6178-69bb-4dd2-9e10-7c998afbb95d",
            "isHook": false,
            "skipped": false
          },
          {
            "title": "2017/11/1的第5000天应该是2031/7/11",
            "fullTitle": "常规测试 2017/11/1的第5000天应该是2031/7/11",
            "timedOut": false,
            "duration": 0,
            "state": "passed",
            "speed": "fast",
            "pass": true,
            "fail": false,
            "pending": false,
            "code": "__cov_UJz7PfT_rMTJlTCgpG7q8g.f['2']++;__cov_UJz7PfT_rMTJlTCgpG7q8g.s['15']++;expect(nextNDays(y,m,d,v[1])).to.be.equal(v[2]);",
            "err": {},
            "isRoot": false,
            "uuid": "3beebc0f-7806-4921-9bc3-66d483f1a0d5",
            "parentUUID": "530c6178-69bb-4dd2-9e10-7c998afbb95d",
            "isHook": false,
            "skipped": false
          },
          {
            "title": "2017/11/1的第-5000天应该是2004/2/23",
            "fullTitle": "常规测试 2017/11/1的第-5000天应该是2004/2/23",
            "timedOut": false,
            "duration": 0,
            "state": "passed",
            "speed": "fast",
            "pass": true,
            "fail": false,
            "pending": false,
            "code": "__cov_UJz7PfT_rMTJlTCgpG7q8g.f['2']++;__cov_UJz7PfT_rMTJlTCgpG7q8g.s['15']++;expect(nextNDays(y,m,d,v[1])).to.be.equal(v[2]);",
            "err": {},
            "isRoot": false,
            "uuid": "980f2cdb-4059-41d0-8477-80b5f8ed42ff",
            "parentUUID": "530c6178-69bb-4dd2-9e10-7c998afbb95d",
            "isHook": false,
            "skipped": false
          }
        ],
        "pending": [],
        "root": false,
        "_timeout": 2000,
        "file": "/NextNDays.test.js",
        "uuid": "530c6178-69bb-4dd2-9e10-7c998afbb95d",
        "beforeHooks": [],
        "afterHooks": [],
        "fullFile": "/Users/hekunyu/Code/homework/hekunyu/NextNDays.test.js",
        "passes": [
          {
            "title": "2017/11/1的第1天应该是2017/11/2",
            "fullTitle": "常规测试 2017/11/1的第1天应该是2017/11/2",
            "timedOut": false,
            "duration": 2,
            "state": "passed",
            "speed": "fast",
            "pass": true,
            "fail": false,
            "pending": false,
            "code": "__cov_UJz7PfT_rMTJlTCgpG7q8g.f['2']++;__cov_UJz7PfT_rMTJlTCgpG7q8g.s['15']++;expect(nextNDays(y,m,d,v[1])).to.be.equal(v[2]);",
            "err": {},
            "isRoot": false,
            "uuid": "20e3fc89-7638-4d34-900c-4c240f2decbc",
            "parentUUID": "530c6178-69bb-4dd2-9e10-7c998afbb95d",
            "isHook": false,
            "skipped": false
          },
          {
            "title": "2017/11/1的第2天应该是2017/11/3",
            "fullTitle": "常规测试 2017/11/1的第2天应该是2017/11/3",
            "timedOut": false,
            "duration": 0,
            "state": "passed",
            "speed": "fast",
            "pass": true,
            "fail": false,
            "pending": false,
            "code": "__cov_UJz7PfT_rMTJlTCgpG7q8g.f['2']++;__cov_UJz7PfT_rMTJlTCgpG7q8g.s['15']++;expect(nextNDays(y,m,d,v[1])).to.be.equal(v[2]);",
            "err": {},
            "isRoot": false,
            "uuid": "3ba85865-467b-4b99-881e-a2e6e2b2afcb",
            "parentUUID": "530c6178-69bb-4dd2-9e10-7c998afbb95d",
            "isHook": false,
            "skipped": false
          },
          {
            "title": "2017/11/1的第3天应该是2017/11/4",
            "fullTitle": "常规测试 2017/11/1的第3天应该是2017/11/4",
            "timedOut": false,
            "duration": 0,
            "state": "passed",
            "speed": "fast",
            "pass": true,
            "fail": false,
            "pending": false,
            "code": "__cov_UJz7PfT_rMTJlTCgpG7q8g.f['2']++;__cov_UJz7PfT_rMTJlTCgpG7q8g.s['15']++;expect(nextNDays(y,m,d,v[1])).to.be.equal(v[2]);",
            "err": {},
            "isRoot": false,
            "uuid": "ec880e86-26f5-4333-976f-7394025c09c5",
            "parentUUID": "530c6178-69bb-4dd2-9e10-7c998afbb95d",
            "isHook": false,
            "skipped": false
          },
          {
            "title": "2017/11/1的第4天应该是2017/11/5",
            "fullTitle": "常规测试 2017/11/1的第4天应该是2017/11/5",
            "timedOut": false,
            "duration": 0,
            "state": "passed",
            "speed": "fast",
            "pass": true,
            "fail": false,
            "pending": false,
            "code": "__cov_UJz7PfT_rMTJlTCgpG7q8g.f['2']++;__cov_UJz7PfT_rMTJlTCgpG7q8g.s['15']++;expect(nextNDays(y,m,d,v[1])).to.be.equal(v[2]);",
            "err": {},
            "isRoot": false,
            "uuid": "61031ec3-f408-4927-b33a-b4ba3040dcad",
            "parentUUID": "530c6178-69bb-4dd2-9e10-7c998afbb95d",
            "isHook": false,
            "skipped": false
          },
          {
            "title": "2017/11/1的第5天应该是2017/11/6",
            "fullTitle": "常规测试 2017/11/1的第5天应该是2017/11/6",
            "timedOut": false,
            "duration": 1,
            "state": "passed",
            "speed": "fast",
            "pass": true,
            "fail": false,
            "pending": false,
            "code": "__cov_UJz7PfT_rMTJlTCgpG7q8g.f['2']++;__cov_UJz7PfT_rMTJlTCgpG7q8g.s['15']++;expect(nextNDays(y,m,d,v[1])).to.be.equal(v[2]);",
            "err": {},
            "isRoot": false,
            "uuid": "f9ad0c0e-9495-43e1-a53d-d607e8aedbbd",
            "parentUUID": "530c6178-69bb-4dd2-9e10-7c998afbb95d",
            "isHook": false,
            "skipped": false
          },
          {
            "title": "2017/11/1的第6天应该是2017/11/7",
            "fullTitle": "常规测试 2017/11/1的第6天应该是2017/11/7",
            "timedOut": false,
            "duration": 0,
            "state": "passed",
            "speed": "fast",
            "pass": true,
            "fail": false,
            "pending": false,
            "code": "__cov_UJz7PfT_rMTJlTCgpG7q8g.f['2']++;__cov_UJz7PfT_rMTJlTCgpG7q8g.s['15']++;expect(nextNDays(y,m,d,v[1])).to.be.equal(v[2]);",
            "err": {},
            "isRoot": false,
            "uuid": "48f74316-5dff-4906-9507-db8bb3010151",
            "parentUUID": "530c6178-69bb-4dd2-9e10-7c998afbb95d",
            "isHook": false,
            "skipped": false
          },
          {
            "title": "2017/11/1的第7天应该是2017/11/8",
            "fullTitle": "常规测试 2017/11/1的第7天应该是2017/11/8",
            "timedOut": false,
            "duration": 0,
            "state": "passed",
            "speed": "fast",
            "pass": true,
            "fail": false,
            "pending": false,
            "code": "__cov_UJz7PfT_rMTJlTCgpG7q8g.f['2']++;__cov_UJz7PfT_rMTJlTCgpG7q8g.s['15']++;expect(nextNDays(y,m,d,v[1])).to.be.equal(v[2]);",
            "err": {},
            "isRoot": false,
            "uuid": "112aafe8-a6f6-47fa-9230-05ab8daaa640",
            "parentUUID": "530c6178-69bb-4dd2-9e10-7c998afbb95d",
            "isHook": false,
            "skipped": false
          },
          {
            "title": "2017/11/1的第30天应该是2017/12/1",
            "fullTitle": "常规测试 2017/11/1的第30天应该是2017/12/1",
            "timedOut": false,
            "duration": 0,
            "state": "passed",
            "speed": "fast",
            "pass": true,
            "fail": false,
            "pending": false,
            "code": "__cov_UJz7PfT_rMTJlTCgpG7q8g.f['2']++;__cov_UJz7PfT_rMTJlTCgpG7q8g.s['15']++;expect(nextNDays(y,m,d,v[1])).to.be.equal(v[2]);",
            "err": {},
            "isRoot": false,
            "uuid": "8ffb1caf-9cbe-40eb-b813-a897dba5846c",
            "parentUUID": "530c6178-69bb-4dd2-9e10-7c998afbb95d",
            "isHook": false,
            "skipped": false
          },
          {
            "title": "2017/11/1的第365天应该是2018/11/1",
            "fullTitle": "常规测试 2017/11/1的第365天应该是2018/11/1",
            "timedOut": false,
            "duration": 0,
            "state": "passed",
            "speed": "fast",
            "pass": true,
            "fail": false,
            "pending": false,
            "code": "__cov_UJz7PfT_rMTJlTCgpG7q8g.f['2']++;__cov_UJz7PfT_rMTJlTCgpG7q8g.s['15']++;expect(nextNDays(y,m,d,v[1])).to.be.equal(v[2]);",
            "err": {},
            "isRoot": false,
            "uuid": "37ab106d-3e82-4402-ad90-4de247df0bc5",
            "parentUUID": "530c6178-69bb-4dd2-9e10-7c998afbb95d",
            "isHook": false,
            "skipped": false
          },
          {
            "title": "2017/11/1的第731天应该是2019/11/2",
            "fullTitle": "常规测试 2017/11/1的第731天应该是2019/11/2",
            "timedOut": false,
            "duration": 0,
            "state": "passed",
            "speed": "fast",
            "pass": true,
            "fail": false,
            "pending": false,
            "code": "__cov_UJz7PfT_rMTJlTCgpG7q8g.f['2']++;__cov_UJz7PfT_rMTJlTCgpG7q8g.s['15']++;expect(nextNDays(y,m,d,v[1])).to.be.equal(v[2]);",
            "err": {},
            "isRoot": false,
            "uuid": "0fbb0d60-f978-4bc4-af60-d6c1e1c4b562",
            "parentUUID": "530c6178-69bb-4dd2-9e10-7c998afbb95d",
            "isHook": false,
            "skipped": false
          },
          {
            "title": "2017/11/1的第-1天应该是2017/10/31",
            "fullTitle": "常规测试 2017/11/1的第-1天应该是2017/10/31",
            "timedOut": false,
            "duration": 0,
            "state": "passed",
            "speed": "fast",
            "pass": true,
            "fail": false,
            "pending": false,
            "code": "__cov_UJz7PfT_rMTJlTCgpG7q8g.f['2']++;__cov_UJz7PfT_rMTJlTCgpG7q8g.s['15']++;expect(nextNDays(y,m,d,v[1])).to.be.equal(v[2]);",
            "err": {},
            "isRoot": false,
            "uuid": "4f7ec1a3-915b-4078-a2d0-ceb07b444bdb",
            "parentUUID": "530c6178-69bb-4dd2-9e10-7c998afbb95d",
            "isHook": false,
            "skipped": false
          },
          {
            "title": "2017/11/1的第-2天应该是2017/10/30",
            "fullTitle": "常规测试 2017/11/1的第-2天应该是2017/10/30",
            "timedOut": false,
            "duration": 0,
            "state": "passed",
            "speed": "fast",
            "pass": true,
            "fail": false,
            "pending": false,
            "code": "__cov_UJz7PfT_rMTJlTCgpG7q8g.f['2']++;__cov_UJz7PfT_rMTJlTCgpG7q8g.s['15']++;expect(nextNDays(y,m,d,v[1])).to.be.equal(v[2]);",
            "err": {},
            "isRoot": false,
            "uuid": "87963899-efb4-4ffb-a545-ac8ac7fcd2cd",
            "parentUUID": "530c6178-69bb-4dd2-9e10-7c998afbb95d",
            "isHook": false,
            "skipped": false
          },
          {
            "title": "2017/11/1的第-3天应该是2017/10/29",
            "fullTitle": "常规测试 2017/11/1的第-3天应该是2017/10/29",
            "timedOut": false,
            "duration": 0,
            "state": "passed",
            "speed": "fast",
            "pass": true,
            "fail": false,
            "pending": false,
            "code": "__cov_UJz7PfT_rMTJlTCgpG7q8g.f['2']++;__cov_UJz7PfT_rMTJlTCgpG7q8g.s['15']++;expect(nextNDays(y,m,d,v[1])).to.be.equal(v[2]);",
            "err": {},
            "isRoot": false,
            "uuid": "a2366623-58f0-4586-a371-489c17b3596c",
            "parentUUID": "530c6178-69bb-4dd2-9e10-7c998afbb95d",
            "isHook": false,
            "skipped": false
          },
          {
            "title": "2017/11/1的第-4天应该是2017/10/28",
            "fullTitle": "常规测试 2017/11/1的第-4天应该是2017/10/28",
            "timedOut": false,
            "duration": 0,
            "state": "passed",
            "speed": "fast",
            "pass": true,
            "fail": false,
            "pending": false,
            "code": "__cov_UJz7PfT_rMTJlTCgpG7q8g.f['2']++;__cov_UJz7PfT_rMTJlTCgpG7q8g.s['15']++;expect(nextNDays(y,m,d,v[1])).to.be.equal(v[2]);",
            "err": {},
            "isRoot": false,
            "uuid": "a35bc310-7488-4ead-bb2e-04f3b92a4adb",
            "parentUUID": "530c6178-69bb-4dd2-9e10-7c998afbb95d",
            "isHook": false,
            "skipped": false
          },
          {
            "title": "2017/11/1的第-5天应该是2017/10/27",
            "fullTitle": "常规测试 2017/11/1的第-5天应该是2017/10/27",
            "timedOut": false,
            "duration": 0,
            "state": "passed",
            "speed": "fast",
            "pass": true,
            "fail": false,
            "pending": false,
            "code": "__cov_UJz7PfT_rMTJlTCgpG7q8g.f['2']++;__cov_UJz7PfT_rMTJlTCgpG7q8g.s['15']++;expect(nextNDays(y,m,d,v[1])).to.be.equal(v[2]);",
            "err": {},
            "isRoot": false,
            "uuid": "b78da5fc-81f3-4005-9d68-4a57ee38ad89",
            "parentUUID": "530c6178-69bb-4dd2-9e10-7c998afbb95d",
            "isHook": false,
            "skipped": false
          },
          {
            "title": "2017/11/1的第-6天应该是2017/10/26",
            "fullTitle": "常规测试 2017/11/1的第-6天应该是2017/10/26",
            "timedOut": false,
            "duration": 0,
            "state": "passed",
            "speed": "fast",
            "pass": true,
            "fail": false,
            "pending": false,
            "code": "__cov_UJz7PfT_rMTJlTCgpG7q8g.f['2']++;__cov_UJz7PfT_rMTJlTCgpG7q8g.s['15']++;expect(nextNDays(y,m,d,v[1])).to.be.equal(v[2]);",
            "err": {},
            "isRoot": false,
            "uuid": "dcd22160-ade7-4dde-a5a7-72671e14f4a1",
            "parentUUID": "530c6178-69bb-4dd2-9e10-7c998afbb95d",
            "isHook": false,
            "skipped": false
          },
          {
            "title": "2017/11/1的第-7天应该是2017/10/25",
            "fullTitle": "常规测试 2017/11/1的第-7天应该是2017/10/25",
            "timedOut": false,
            "duration": 0,
            "state": "passed",
            "speed": "fast",
            "pass": true,
            "fail": false,
            "pending": false,
            "code": "__cov_UJz7PfT_rMTJlTCgpG7q8g.f['2']++;__cov_UJz7PfT_rMTJlTCgpG7q8g.s['15']++;expect(nextNDays(y,m,d,v[1])).to.be.equal(v[2]);",
            "err": {},
            "isRoot": false,
            "uuid": "811c02d4-68b0-446c-abfa-f18fb57c2a3f",
            "parentUUID": "530c6178-69bb-4dd2-9e10-7c998afbb95d",
            "isHook": false,
            "skipped": false
          },
          {
            "title": "2017/11/1的第-30天应该是2017/10/2",
            "fullTitle": "常规测试 2017/11/1的第-30天应该是2017/10/2",
            "timedOut": false,
            "duration": 0,
            "state": "passed",
            "speed": "fast",
            "pass": true,
            "fail": false,
            "pending": false,
            "code": "__cov_UJz7PfT_rMTJlTCgpG7q8g.f['2']++;__cov_UJz7PfT_rMTJlTCgpG7q8g.s['15']++;expect(nextNDays(y,m,d,v[1])).to.be.equal(v[2]);",
            "err": {},
            "isRoot": false,
            "uuid": "070aa4ff-5020-404f-a649-811726349715",
            "parentUUID": "530c6178-69bb-4dd2-9e10-7c998afbb95d",
            "isHook": false,
            "skipped": false
          },
          {
            "title": "2017/11/1的第-365天应该是2016/11/1",
            "fullTitle": "常规测试 2017/11/1的第-365天应该是2016/11/1",
            "timedOut": false,
            "duration": 0,
            "state": "passed",
            "speed": "fast",
            "pass": true,
            "fail": false,
            "pending": false,
            "code": "__cov_UJz7PfT_rMTJlTCgpG7q8g.f['2']++;__cov_UJz7PfT_rMTJlTCgpG7q8g.s['15']++;expect(nextNDays(y,m,d,v[1])).to.be.equal(v[2]);",
            "err": {},
            "isRoot": false,
            "uuid": "c609b86d-ef1f-41a6-bd52-5be5d3f537ea",
            "parentUUID": "530c6178-69bb-4dd2-9e10-7c998afbb95d",
            "isHook": false,
            "skipped": false
          },
          {
            "title": "2017/11/1的第-730天应该是2015/11/2",
            "fullTitle": "常规测试 2017/11/1的第-730天应该是2015/11/2",
            "timedOut": false,
            "duration": 0,
            "state": "passed",
            "speed": "fast",
            "pass": true,
            "fail": false,
            "pending": false,
            "code": "__cov_UJz7PfT_rMTJlTCgpG7q8g.f['2']++;__cov_UJz7PfT_rMTJlTCgpG7q8g.s['15']++;expect(nextNDays(y,m,d,v[1])).to.be.equal(v[2]);",
            "err": {},
            "isRoot": false,
            "uuid": "a85c8743-ad07-4646-9381-8eeb073fca4c",
            "parentUUID": "530c6178-69bb-4dd2-9e10-7c998afbb95d",
            "isHook": false,
            "skipped": false
          },
          {
            "title": "2017/11/1的第1000天应该是2020/7/28",
            "fullTitle": "常规测试 2017/11/1的第1000天应该是2020/7/28",
            "timedOut": false,
            "duration": 0,
            "state": "passed",
            "speed": "fast",
            "pass": true,
            "fail": false,
            "pending": false,
            "code": "__cov_UJz7PfT_rMTJlTCgpG7q8g.f['2']++;__cov_UJz7PfT_rMTJlTCgpG7q8g.s['15']++;expect(nextNDays(y,m,d,v[1])).to.be.equal(v[2]);",
            "err": {},
            "isRoot": false,
            "uuid": "b0a84a05-96c7-420c-986e-ae34b74a6dbb",
            "parentUUID": "530c6178-69bb-4dd2-9e10-7c998afbb95d",
            "isHook": false,
            "skipped": false
          },
          {
            "title": "2017/11/1的第-1000天应该是2015/2/5",
            "fullTitle": "常规测试 2017/11/1的第-1000天应该是2015/2/5",
            "timedOut": false,
            "duration": 0,
            "state": "passed",
            "speed": "fast",
            "pass": true,
            "fail": false,
            "pending": false,
            "code": "__cov_UJz7PfT_rMTJlTCgpG7q8g.f['2']++;__cov_UJz7PfT_rMTJlTCgpG7q8g.s['15']++;expect(nextNDays(y,m,d,v[1])).to.be.equal(v[2]);",
            "err": {},
            "isRoot": false,
            "uuid": "bcc45393-6eb8-4cc8-8164-73b65f336f50",
            "parentUUID": "530c6178-69bb-4dd2-9e10-7c998afbb95d",
            "isHook": false,
            "skipped": false
          },
          {
            "title": "2017/11/1的第2000天应该是2023/4/24",
            "fullTitle": "常规测试 2017/11/1的第2000天应该是2023/4/24",
            "timedOut": false,
            "duration": 0,
            "state": "passed",
            "speed": "fast",
            "pass": true,
            "fail": false,
            "pending": false,
            "code": "__cov_UJz7PfT_rMTJlTCgpG7q8g.f['2']++;__cov_UJz7PfT_rMTJlTCgpG7q8g.s['15']++;expect(nextNDays(y,m,d,v[1])).to.be.equal(v[2]);",
            "err": {},
            "isRoot": false,
            "uuid": "0b5e9303-b002-471f-91bd-bfed1f8a6d52",
            "parentUUID": "530c6178-69bb-4dd2-9e10-7c998afbb95d",
            "isHook": false,
            "skipped": false
          },
          {
            "title": "2017/11/1的第-2000天应该是2012/5/11",
            "fullTitle": "常规测试 2017/11/1的第-2000天应该是2012/5/11",
            "timedOut": false,
            "duration": 0,
            "state": "passed",
            "speed": "fast",
            "pass": true,
            "fail": false,
            "pending": false,
            "code": "__cov_UJz7PfT_rMTJlTCgpG7q8g.f['2']++;__cov_UJz7PfT_rMTJlTCgpG7q8g.s['15']++;expect(nextNDays(y,m,d,v[1])).to.be.equal(v[2]);",
            "err": {},
            "isRoot": false,
            "uuid": "f7f0be1d-5354-4bca-9367-cf398d8c8cc5",
            "parentUUID": "530c6178-69bb-4dd2-9e10-7c998afbb95d",
            "isHook": false,
            "skipped": false
          },
          {
            "title": "2017/11/1的第3000天应该是2026/1/18",
            "fullTitle": "常规测试 2017/11/1的第3000天应该是2026/1/18",
            "timedOut": false,
            "duration": 0,
            "state": "passed",
            "speed": "fast",
            "pass": true,
            "fail": false,
            "pending": false,
            "code": "__cov_UJz7PfT_rMTJlTCgpG7q8g.f['2']++;__cov_UJz7PfT_rMTJlTCgpG7q8g.s['15']++;expect(nextNDays(y,m,d,v[1])).to.be.equal(v[2]);",
            "err": {},
            "isRoot": false,
            "uuid": "1f6fa221-6e99-4144-89d7-043375cb3deb",
            "parentUUID": "530c6178-69bb-4dd2-9e10-7c998afbb95d",
            "isHook": false,
            "skipped": false
          },
          {
            "title": "2017/11/1的第-3000天应该是2009/8/15",
            "fullTitle": "常规测试 2017/11/1的第-3000天应该是2009/8/15",
            "timedOut": false,
            "duration": 0,
            "state": "passed",
            "speed": "fast",
            "pass": true,
            "fail": false,
            "pending": false,
            "code": "__cov_UJz7PfT_rMTJlTCgpG7q8g.f['2']++;__cov_UJz7PfT_rMTJlTCgpG7q8g.s['15']++;expect(nextNDays(y,m,d,v[1])).to.be.equal(v[2]);",
            "err": {},
            "isRoot": false,
            "uuid": "8529991c-8dd1-4163-8d28-a93d79ae5075",
            "parentUUID": "530c6178-69bb-4dd2-9e10-7c998afbb95d",
            "isHook": false,
            "skipped": false
          },
          {
            "title": "2017/11/1的第5000天应该是2031/7/11",
            "fullTitle": "常规测试 2017/11/1的第5000天应该是2031/7/11",
            "timedOut": false,
            "duration": 0,
            "state": "passed",
            "speed": "fast",
            "pass": true,
            "fail": false,
            "pending": false,
            "code": "__cov_UJz7PfT_rMTJlTCgpG7q8g.f['2']++;__cov_UJz7PfT_rMTJlTCgpG7q8g.s['15']++;expect(nextNDays(y,m,d,v[1])).to.be.equal(v[2]);",
            "err": {},
            "isRoot": false,
            "uuid": "3beebc0f-7806-4921-9bc3-66d483f1a0d5",
            "parentUUID": "530c6178-69bb-4dd2-9e10-7c998afbb95d",
            "isHook": false,
            "skipped": false
          },
          {
            "title": "2017/11/1的第-5000天应该是2004/2/23",
            "fullTitle": "常规测试 2017/11/1的第-5000天应该是2004/2/23",
            "timedOut": false,
            "duration": 0,
            "state": "passed",
            "speed": "fast",
            "pass": true,
            "fail": false,
            "pending": false,
            "code": "__cov_UJz7PfT_rMTJlTCgpG7q8g.f['2']++;__cov_UJz7PfT_rMTJlTCgpG7q8g.s['15']++;expect(nextNDays(y,m,d,v[1])).to.be.equal(v[2]);",
            "err": {},
            "isRoot": false,
            "uuid": "980f2cdb-4059-41d0-8477-80b5f8ed42ff",
            "parentUUID": "530c6178-69bb-4dd2-9e10-7c998afbb95d",
            "isHook": false,
            "skipped": false
          }
        ],
        "failures": [],
        "skipped": [],
        "hasBeforeHooks": false,
        "hasAfterHooks": false,
        "hasTests": true,
        "hasSuites": false,
        "totalTests": 28,
        "totalPasses": 28,
        "totalFailures": 0,
        "totalPending": 0,
        "totalSkipped": 0,
        "hasPasses": true,
        "hasFailures": false,
        "hasPending": false,
        "hasSkipped": false,
        "duration": 3,
        "rootEmpty": false
      }
    ],
    "tests": [],
    "pending": [],
    "root": true,
    "_timeout": 2000,
    "uuid": "977a35a9-1450-4c48-8f0a-01a149133c2f",
    "beforeHooks": [],
    "afterHooks": [],
    "fullFile": "",
    "file": "",
    "passes": [],
    "failures": [],
    "skipped": [],
    "hasBeforeHooks": false,
    "hasAfterHooks": false,
    "hasTests": false,
    "hasSuites": true,
    "totalTests": 0,
    "totalPasses": 0,
    "totalFailures": 0,
    "totalPending": 0,
    "totalSkipped": 0,
    "hasPasses": false,
    "hasFailures": false,
    "hasPending": false,
    "hasSkipped": false,
    "duration": 0,
    "rootEmpty": true
  },
  "allTests": [
    {
      "title": "2017/11/1的第1天应该是2017/11/2",
      "fullTitle": "常规测试 2017/11/1的第1天应该是2017/11/2",
      "timedOut": false,
      "duration": 2,
      "state": "passed",
      "speed": "fast",
      "pass": true,
      "fail": false,
      "pending": false,
      "code": "__cov_UJz7PfT_rMTJlTCgpG7q8g.f['2']++;__cov_UJz7PfT_rMTJlTCgpG7q8g.s['15']++;expect(nextNDays(y,m,d,v[1])).to.be.equal(v[2]);",
      "err": {},
      "isRoot": false,
      "uuid": "20e3fc89-7638-4d34-900c-4c240f2decbc",
      "parentUUID": "530c6178-69bb-4dd2-9e10-7c998afbb95d",
      "isHook": false,
      "skipped": false
    },
    {
      "title": "2017/11/1的第2天应该是2017/11/3",
      "fullTitle": "常规测试 2017/11/1的第2天应该是2017/11/3",
      "timedOut": false,
      "duration": 0,
      "state": "passed",
      "speed": "fast",
      "pass": true,
      "fail": false,
      "pending": false,
      "code": "__cov_UJz7PfT_rMTJlTCgpG7q8g.f['2']++;__cov_UJz7PfT_rMTJlTCgpG7q8g.s['15']++;expect(nextNDays(y,m,d,v[1])).to.be.equal(v[2]);",
      "err": {},
      "isRoot": false,
      "uuid": "3ba85865-467b-4b99-881e-a2e6e2b2afcb",
      "parentUUID": "530c6178-69bb-4dd2-9e10-7c998afbb95d",
      "isHook": false,
      "skipped": false
    },
    {
      "title": "2017/11/1的第3天应该是2017/11/4",
      "fullTitle": "常规测试 2017/11/1的第3天应该是2017/11/4",
      "timedOut": false,
      "duration": 0,
      "state": "passed",
      "speed": "fast",
      "pass": true,
      "fail": false,
      "pending": false,
      "code": "__cov_UJz7PfT_rMTJlTCgpG7q8g.f['2']++;__cov_UJz7PfT_rMTJlTCgpG7q8g.s['15']++;expect(nextNDays(y,m,d,v[1])).to.be.equal(v[2]);",
      "err": {},
      "isRoot": false,
      "uuid": "ec880e86-26f5-4333-976f-7394025c09c5",
      "parentUUID": "530c6178-69bb-4dd2-9e10-7c998afbb95d",
      "isHook": false,
      "skipped": false
    },
    {
      "title": "2017/11/1的第4天应该是2017/11/5",
      "fullTitle": "常规测试 2017/11/1的第4天应该是2017/11/5",
      "timedOut": false,
      "duration": 0,
      "state": "passed",
      "speed": "fast",
      "pass": true,
      "fail": false,
      "pending": false,
      "code": "__cov_UJz7PfT_rMTJlTCgpG7q8g.f['2']++;__cov_UJz7PfT_rMTJlTCgpG7q8g.s['15']++;expect(nextNDays(y,m,d,v[1])).to.be.equal(v[2]);",
      "err": {},
      "isRoot": false,
      "uuid": "61031ec3-f408-4927-b33a-b4ba3040dcad",
      "parentUUID": "530c6178-69bb-4dd2-9e10-7c998afbb95d",
      "isHook": false,
      "skipped": false
    },
    {
      "title": "2017/11/1的第5天应该是2017/11/6",
      "fullTitle": "常规测试 2017/11/1的第5天应该是2017/11/6",
      "timedOut": false,
      "duration": 1,
      "state": "passed",
      "speed": "fast",
      "pass": true,
      "fail": false,
      "pending": false,
      "code": "__cov_UJz7PfT_rMTJlTCgpG7q8g.f['2']++;__cov_UJz7PfT_rMTJlTCgpG7q8g.s['15']++;expect(nextNDays(y,m,d,v[1])).to.be.equal(v[2]);",
      "err": {},
      "isRoot": false,
      "uuid": "f9ad0c0e-9495-43e1-a53d-d607e8aedbbd",
      "parentUUID": "530c6178-69bb-4dd2-9e10-7c998afbb95d",
      "isHook": false,
      "skipped": false
    },
    {
      "title": "2017/11/1的第6天应该是2017/11/7",
      "fullTitle": "常规测试 2017/11/1的第6天应该是2017/11/7",
      "timedOut": false,
      "duration": 0,
      "state": "passed",
      "speed": "fast",
      "pass": true,
      "fail": false,
      "pending": false,
      "code": "__cov_UJz7PfT_rMTJlTCgpG7q8g.f['2']++;__cov_UJz7PfT_rMTJlTCgpG7q8g.s['15']++;expect(nextNDays(y,m,d,v[1])).to.be.equal(v[2]);",
      "err": {},
      "isRoot": false,
      "uuid": "48f74316-5dff-4906-9507-db8bb3010151",
      "parentUUID": "530c6178-69bb-4dd2-9e10-7c998afbb95d",
      "isHook": false,
      "skipped": false
    },
    {
      "title": "2017/11/1的第7天应该是2017/11/8",
      "fullTitle": "常规测试 2017/11/1的第7天应该是2017/11/8",
      "timedOut": false,
      "duration": 0,
      "state": "passed",
      "speed": "fast",
      "pass": true,
      "fail": false,
      "pending": false,
      "code": "__cov_UJz7PfT_rMTJlTCgpG7q8g.f['2']++;__cov_UJz7PfT_rMTJlTCgpG7q8g.s['15']++;expect(nextNDays(y,m,d,v[1])).to.be.equal(v[2]);",
      "err": {},
      "isRoot": false,
      "uuid": "112aafe8-a6f6-47fa-9230-05ab8daaa640",
      "parentUUID": "530c6178-69bb-4dd2-9e10-7c998afbb95d",
      "isHook": false,
      "skipped": false
    },
    {
      "title": "2017/11/1的第30天应该是2017/12/1",
      "fullTitle": "常规测试 2017/11/1的第30天应该是2017/12/1",
      "timedOut": false,
      "duration": 0,
      "state": "passed",
      "speed": "fast",
      "pass": true,
      "fail": false,
      "pending": false,
      "code": "__cov_UJz7PfT_rMTJlTCgpG7q8g.f['2']++;__cov_UJz7PfT_rMTJlTCgpG7q8g.s['15']++;expect(nextNDays(y,m,d,v[1])).to.be.equal(v[2]);",
      "err": {},
      "isRoot": false,
      "uuid": "8ffb1caf-9cbe-40eb-b813-a897dba5846c",
      "parentUUID": "530c6178-69bb-4dd2-9e10-7c998afbb95d",
      "isHook": false,
      "skipped": false
    },
    {
      "title": "2017/11/1的第365天应该是2018/11/1",
      "fullTitle": "常规测试 2017/11/1的第365天应该是2018/11/1",
      "timedOut": false,
      "duration": 0,
      "state": "passed",
      "speed": "fast",
      "pass": true,
      "fail": false,
      "pending": false,
      "code": "__cov_UJz7PfT_rMTJlTCgpG7q8g.f['2']++;__cov_UJz7PfT_rMTJlTCgpG7q8g.s['15']++;expect(nextNDays(y,m,d,v[1])).to.be.equal(v[2]);",
      "err": {},
      "isRoot": false,
      "uuid": "37ab106d-3e82-4402-ad90-4de247df0bc5",
      "parentUUID": "530c6178-69bb-4dd2-9e10-7c998afbb95d",
      "isHook": false,
      "skipped": false
    },
    {
      "title": "2017/11/1的第731天应该是2019/11/2",
      "fullTitle": "常规测试 2017/11/1的第731天应该是2019/11/2",
      "timedOut": false,
      "duration": 0,
      "state": "passed",
      "speed": "fast",
      "pass": true,
      "fail": false,
      "pending": false,
      "code": "__cov_UJz7PfT_rMTJlTCgpG7q8g.f['2']++;__cov_UJz7PfT_rMTJlTCgpG7q8g.s['15']++;expect(nextNDays(y,m,d,v[1])).to.be.equal(v[2]);",
      "err": {},
      "isRoot": false,
      "uuid": "0fbb0d60-f978-4bc4-af60-d6c1e1c4b562",
      "parentUUID": "530c6178-69bb-4dd2-9e10-7c998afbb95d",
      "isHook": false,
      "skipped": false
    },
    {
      "title": "2017/11/1的第-1天应该是2017/10/31",
      "fullTitle": "常规测试 2017/11/1的第-1天应该是2017/10/31",
      "timedOut": false,
      "duration": 0,
      "state": "passed",
      "speed": "fast",
      "pass": true,
      "fail": false,
      "pending": false,
      "code": "__cov_UJz7PfT_rMTJlTCgpG7q8g.f['2']++;__cov_UJz7PfT_rMTJlTCgpG7q8g.s['15']++;expect(nextNDays(y,m,d,v[1])).to.be.equal(v[2]);",
      "err": {},
      "isRoot": false,
      "uuid": "4f7ec1a3-915b-4078-a2d0-ceb07b444bdb",
      "parentUUID": "530c6178-69bb-4dd2-9e10-7c998afbb95d",
      "isHook": false,
      "skipped": false
    },
    {
      "title": "2017/11/1的第-2天应该是2017/10/30",
      "fullTitle": "常规测试 2017/11/1的第-2天应该是2017/10/30",
      "timedOut": false,
      "duration": 0,
      "state": "passed",
      "speed": "fast",
      "pass": true,
      "fail": false,
      "pending": false,
      "code": "__cov_UJz7PfT_rMTJlTCgpG7q8g.f['2']++;__cov_UJz7PfT_rMTJlTCgpG7q8g.s['15']++;expect(nextNDays(y,m,d,v[1])).to.be.equal(v[2]);",
      "err": {},
      "isRoot": false,
      "uuid": "87963899-efb4-4ffb-a545-ac8ac7fcd2cd",
      "parentUUID": "530c6178-69bb-4dd2-9e10-7c998afbb95d",
      "isHook": false,
      "skipped": false
    },
    {
      "title": "2017/11/1的第-3天应该是2017/10/29",
      "fullTitle": "常规测试 2017/11/1的第-3天应该是2017/10/29",
      "timedOut": false,
      "duration": 0,
      "state": "passed",
      "speed": "fast",
      "pass": true,
      "fail": false,
      "pending": false,
      "code": "__cov_UJz7PfT_rMTJlTCgpG7q8g.f['2']++;__cov_UJz7PfT_rMTJlTCgpG7q8g.s['15']++;expect(nextNDays(y,m,d,v[1])).to.be.equal(v[2]);",
      "err": {},
      "isRoot": false,
      "uuid": "a2366623-58f0-4586-a371-489c17b3596c",
      "parentUUID": "530c6178-69bb-4dd2-9e10-7c998afbb95d",
      "isHook": false,
      "skipped": false
    },
    {
      "title": "2017/11/1的第-4天应该是2017/10/28",
      "fullTitle": "常规测试 2017/11/1的第-4天应该是2017/10/28",
      "timedOut": false,
      "duration": 0,
      "state": "passed",
      "speed": "fast",
      "pass": true,
      "fail": false,
      "pending": false,
      "code": "__cov_UJz7PfT_rMTJlTCgpG7q8g.f['2']++;__cov_UJz7PfT_rMTJlTCgpG7q8g.s['15']++;expect(nextNDays(y,m,d,v[1])).to.be.equal(v[2]);",
      "err": {},
      "isRoot": false,
      "uuid": "a35bc310-7488-4ead-bb2e-04f3b92a4adb",
      "parentUUID": "530c6178-69bb-4dd2-9e10-7c998afbb95d",
      "isHook": false,
      "skipped": false
    },
    {
      "title": "2017/11/1的第-5天应该是2017/10/27",
      "fullTitle": "常规测试 2017/11/1的第-5天应该是2017/10/27",
      "timedOut": false,
      "duration": 0,
      "state": "passed",
      "speed": "fast",
      "pass": true,
      "fail": false,
      "pending": false,
      "code": "__cov_UJz7PfT_rMTJlTCgpG7q8g.f['2']++;__cov_UJz7PfT_rMTJlTCgpG7q8g.s['15']++;expect(nextNDays(y,m,d,v[1])).to.be.equal(v[2]);",
      "err": {},
      "isRoot": false,
      "uuid": "b78da5fc-81f3-4005-9d68-4a57ee38ad89",
      "parentUUID": "530c6178-69bb-4dd2-9e10-7c998afbb95d",
      "isHook": false,
      "skipped": false
    },
    {
      "title": "2017/11/1的第-6天应该是2017/10/26",
      "fullTitle": "常规测试 2017/11/1的第-6天应该是2017/10/26",
      "timedOut": false,
      "duration": 0,
      "state": "passed",
      "speed": "fast",
      "pass": true,
      "fail": false,
      "pending": false,
      "code": "__cov_UJz7PfT_rMTJlTCgpG7q8g.f['2']++;__cov_UJz7PfT_rMTJlTCgpG7q8g.s['15']++;expect(nextNDays(y,m,d,v[1])).to.be.equal(v[2]);",
      "err": {},
      "isRoot": false,
      "uuid": "dcd22160-ade7-4dde-a5a7-72671e14f4a1",
      "parentUUID": "530c6178-69bb-4dd2-9e10-7c998afbb95d",
      "isHook": false,
      "skipped": false
    },
    {
      "title": "2017/11/1的第-7天应该是2017/10/25",
      "fullTitle": "常规测试 2017/11/1的第-7天应该是2017/10/25",
      "timedOut": false,
      "duration": 0,
      "state": "passed",
      "speed": "fast",
      "pass": true,
      "fail": false,
      "pending": false,
      "code": "__cov_UJz7PfT_rMTJlTCgpG7q8g.f['2']++;__cov_UJz7PfT_rMTJlTCgpG7q8g.s['15']++;expect(nextNDays(y,m,d,v[1])).to.be.equal(v[2]);",
      "err": {},
      "isRoot": false,
      "uuid": "811c02d4-68b0-446c-abfa-f18fb57c2a3f",
      "parentUUID": "530c6178-69bb-4dd2-9e10-7c998afbb95d",
      "isHook": false,
      "skipped": false
    },
    {
      "title": "2017/11/1的第-30天应该是2017/10/2",
      "fullTitle": "常规测试 2017/11/1的第-30天应该是2017/10/2",
      "timedOut": false,
      "duration": 0,
      "state": "passed",
      "speed": "fast",
      "pass": true,
      "fail": false,
      "pending": false,
      "code": "__cov_UJz7PfT_rMTJlTCgpG7q8g.f['2']++;__cov_UJz7PfT_rMTJlTCgpG7q8g.s['15']++;expect(nextNDays(y,m,d,v[1])).to.be.equal(v[2]);",
      "err": {},
      "isRoot": false,
      "uuid": "070aa4ff-5020-404f-a649-811726349715",
      "parentUUID": "530c6178-69bb-4dd2-9e10-7c998afbb95d",
      "isHook": false,
      "skipped": false
    },
    {
      "title": "2017/11/1的第-365天应该是2016/11/1",
      "fullTitle": "常规测试 2017/11/1的第-365天应该是2016/11/1",
      "timedOut": false,
      "duration": 0,
      "state": "passed",
      "speed": "fast",
      "pass": true,
      "fail": false,
      "pending": false,
      "code": "__cov_UJz7PfT_rMTJlTCgpG7q8g.f['2']++;__cov_UJz7PfT_rMTJlTCgpG7q8g.s['15']++;expect(nextNDays(y,m,d,v[1])).to.be.equal(v[2]);",
      "err": {},
      "isRoot": false,
      "uuid": "c609b86d-ef1f-41a6-bd52-5be5d3f537ea",
      "parentUUID": "530c6178-69bb-4dd2-9e10-7c998afbb95d",
      "isHook": false,
      "skipped": false
    },
    {
      "title": "2017/11/1的第-730天应该是2015/11/2",
      "fullTitle": "常规测试 2017/11/1的第-730天应该是2015/11/2",
      "timedOut": false,
      "duration": 0,
      "state": "passed",
      "speed": "fast",
      "pass": true,
      "fail": false,
      "pending": false,
      "code": "__cov_UJz7PfT_rMTJlTCgpG7q8g.f['2']++;__cov_UJz7PfT_rMTJlTCgpG7q8g.s['15']++;expect(nextNDays(y,m,d,v[1])).to.be.equal(v[2]);",
      "err": {},
      "isRoot": false,
      "uuid": "a85c8743-ad07-4646-9381-8eeb073fca4c",
      "parentUUID": "530c6178-69bb-4dd2-9e10-7c998afbb95d",
      "isHook": false,
      "skipped": false
    },
    {
      "title": "2017/11/1的第1000天应该是2020/7/28",
      "fullTitle": "常规测试 2017/11/1的第1000天应该是2020/7/28",
      "timedOut": false,
      "duration": 0,
      "state": "passed",
      "speed": "fast",
      "pass": true,
      "fail": false,
      "pending": false,
      "code": "__cov_UJz7PfT_rMTJlTCgpG7q8g.f['2']++;__cov_UJz7PfT_rMTJlTCgpG7q8g.s['15']++;expect(nextNDays(y,m,d,v[1])).to.be.equal(v[2]);",
      "err": {},
      "isRoot": false,
      "uuid": "b0a84a05-96c7-420c-986e-ae34b74a6dbb",
      "parentUUID": "530c6178-69bb-4dd2-9e10-7c998afbb95d",
      "isHook": false,
      "skipped": false
    },
    {
      "title": "2017/11/1的第-1000天应该是2015/2/5",
      "fullTitle": "常规测试 2017/11/1的第-1000天应该是2015/2/5",
      "timedOut": false,
      "duration": 0,
      "state": "passed",
      "speed": "fast",
      "pass": true,
      "fail": false,
      "pending": false,
      "code": "__cov_UJz7PfT_rMTJlTCgpG7q8g.f['2']++;__cov_UJz7PfT_rMTJlTCgpG7q8g.s['15']++;expect(nextNDays(y,m,d,v[1])).to.be.equal(v[2]);",
      "err": {},
      "isRoot": false,
      "uuid": "bcc45393-6eb8-4cc8-8164-73b65f336f50",
      "parentUUID": "530c6178-69bb-4dd2-9e10-7c998afbb95d",
      "isHook": false,
      "skipped": false
    },
    {
      "title": "2017/11/1的第2000天应该是2023/4/24",
      "fullTitle": "常规测试 2017/11/1的第2000天应该是2023/4/24",
      "timedOut": false,
      "duration": 0,
      "state": "passed",
      "speed": "fast",
      "pass": true,
      "fail": false,
      "pending": false,
      "code": "__cov_UJz7PfT_rMTJlTCgpG7q8g.f['2']++;__cov_UJz7PfT_rMTJlTCgpG7q8g.s['15']++;expect(nextNDays(y,m,d,v[1])).to.be.equal(v[2]);",
      "err": {},
      "isRoot": false,
      "uuid": "0b5e9303-b002-471f-91bd-bfed1f8a6d52",
      "parentUUID": "530c6178-69bb-4dd2-9e10-7c998afbb95d",
      "isHook": false,
      "skipped": false
    },
    {
      "title": "2017/11/1的第-2000天应该是2012/5/11",
      "fullTitle": "常规测试 2017/11/1的第-2000天应该是2012/5/11",
      "timedOut": false,
      "duration": 0,
      "state": "passed",
      "speed": "fast",
      "pass": true,
      "fail": false,
      "pending": false,
      "code": "__cov_UJz7PfT_rMTJlTCgpG7q8g.f['2']++;__cov_UJz7PfT_rMTJlTCgpG7q8g.s['15']++;expect(nextNDays(y,m,d,v[1])).to.be.equal(v[2]);",
      "err": {},
      "isRoot": false,
      "uuid": "f7f0be1d-5354-4bca-9367-cf398d8c8cc5",
      "parentUUID": "530c6178-69bb-4dd2-9e10-7c998afbb95d",
      "isHook": false,
      "skipped": false
    },
    {
      "title": "2017/11/1的第3000天应该是2026/1/18",
      "fullTitle": "常规测试 2017/11/1的第3000天应该是2026/1/18",
      "timedOut": false,
      "duration": 0,
      "state": "passed",
      "speed": "fast",
      "pass": true,
      "fail": false,
      "pending": false,
      "code": "__cov_UJz7PfT_rMTJlTCgpG7q8g.f['2']++;__cov_UJz7PfT_rMTJlTCgpG7q8g.s['15']++;expect(nextNDays(y,m,d,v[1])).to.be.equal(v[2]);",
      "err": {},
      "isRoot": false,
      "uuid": "1f6fa221-6e99-4144-89d7-043375cb3deb",
      "parentUUID": "530c6178-69bb-4dd2-9e10-7c998afbb95d",
      "isHook": false,
      "skipped": false
    },
    {
      "title": "2017/11/1的第-3000天应该是2009/8/15",
      "fullTitle": "常规测试 2017/11/1的第-3000天应该是2009/8/15",
      "timedOut": false,
      "duration": 0,
      "state": "passed",
      "speed": "fast",
      "pass": true,
      "fail": false,
      "pending": false,
      "code": "__cov_UJz7PfT_rMTJlTCgpG7q8g.f['2']++;__cov_UJz7PfT_rMTJlTCgpG7q8g.s['15']++;expect(nextNDays(y,m,d,v[1])).to.be.equal(v[2]);",
      "err": {},
      "isRoot": false,
      "uuid": "8529991c-8dd1-4163-8d28-a93d79ae5075",
      "parentUUID": "530c6178-69bb-4dd2-9e10-7c998afbb95d",
      "isHook": false,
      "skipped": false
    },
    {
      "title": "2017/11/1的第5000天应该是2031/7/11",
      "fullTitle": "常规测试 2017/11/1的第5000天应该是2031/7/11",
      "timedOut": false,
      "duration": 0,
      "state": "passed",
      "speed": "fast",
      "pass": true,
      "fail": false,
      "pending": false,
      "code": "__cov_UJz7PfT_rMTJlTCgpG7q8g.f['2']++;__cov_UJz7PfT_rMTJlTCgpG7q8g.s['15']++;expect(nextNDays(y,m,d,v[1])).to.be.equal(v[2]);",
      "err": {},
      "isRoot": false,
      "uuid": "3beebc0f-7806-4921-9bc3-66d483f1a0d5",
      "parentUUID": "530c6178-69bb-4dd2-9e10-7c998afbb95d",
      "isHook": false,
      "skipped": false
    },
    {
      "title": "2017/11/1的第-5000天应该是2004/2/23",
      "fullTitle": "常规测试 2017/11/1的第-5000天应该是2004/2/23",
      "timedOut": false,
      "duration": 0,
      "state": "passed",
      "speed": "fast",
      "pass": true,
      "fail": false,
      "pending": false,
      "code": "__cov_UJz7PfT_rMTJlTCgpG7q8g.f['2']++;__cov_UJz7PfT_rMTJlTCgpG7q8g.s['15']++;expect(nextNDays(y,m,d,v[1])).to.be.equal(v[2]);",
      "err": {},
      "isRoot": false,
      "uuid": "980f2cdb-4059-41d0-8477-80b5f8ed42ff",
      "parentUUID": "530c6178-69bb-4dd2-9e10-7c998afbb95d",
      "isHook": false,
      "skipped": false
    }
  ],
  "allPending": [],
  "allPasses": [
    {
      "title": "2017/11/1的第1天应该是2017/11/2",
      "fullTitle": "常规测试 2017/11/1的第1天应该是2017/11/2",
      "timedOut": false,
      "duration": 2,
      "state": "passed",
      "speed": "fast",
      "pass": true,
      "fail": false,
      "pending": false,
      "code": "__cov_UJz7PfT_rMTJlTCgpG7q8g.f['2']++;__cov_UJz7PfT_rMTJlTCgpG7q8g.s['15']++;expect(nextNDays(y,m,d,v[1])).to.be.equal(v[2]);",
      "err": {},
      "isRoot": false,
      "uuid": "20e3fc89-7638-4d34-900c-4c240f2decbc",
      "parentUUID": "530c6178-69bb-4dd2-9e10-7c998afbb95d",
      "isHook": false,
      "skipped": false
    },
    {
      "title": "2017/11/1的第2天应该是2017/11/3",
      "fullTitle": "常规测试 2017/11/1的第2天应该是2017/11/3",
      "timedOut": false,
      "duration": 0,
      "state": "passed",
      "speed": "fast",
      "pass": true,
      "fail": false,
      "pending": false,
      "code": "__cov_UJz7PfT_rMTJlTCgpG7q8g.f['2']++;__cov_UJz7PfT_rMTJlTCgpG7q8g.s['15']++;expect(nextNDays(y,m,d,v[1])).to.be.equal(v[2]);",
      "err": {},
      "isRoot": false,
      "uuid": "3ba85865-467b-4b99-881e-a2e6e2b2afcb",
      "parentUUID": "530c6178-69bb-4dd2-9e10-7c998afbb95d",
      "isHook": false,
      "skipped": false
    },
    {
      "title": "2017/11/1的第3天应该是2017/11/4",
      "fullTitle": "常规测试 2017/11/1的第3天应该是2017/11/4",
      "timedOut": false,
      "duration": 0,
      "state": "passed",
      "speed": "fast",
      "pass": true,
      "fail": false,
      "pending": false,
      "code": "__cov_UJz7PfT_rMTJlTCgpG7q8g.f['2']++;__cov_UJz7PfT_rMTJlTCgpG7q8g.s['15']++;expect(nextNDays(y,m,d,v[1])).to.be.equal(v[2]);",
      "err": {},
      "isRoot": false,
      "uuid": "ec880e86-26f5-4333-976f-7394025c09c5",
      "parentUUID": "530c6178-69bb-4dd2-9e10-7c998afbb95d",
      "isHook": false,
      "skipped": false
    },
    {
      "title": "2017/11/1的第4天应该是2017/11/5",
      "fullTitle": "常规测试 2017/11/1的第4天应该是2017/11/5",
      "timedOut": false,
      "duration": 0,
      "state": "passed",
      "speed": "fast",
      "pass": true,
      "fail": false,
      "pending": false,
      "code": "__cov_UJz7PfT_rMTJlTCgpG7q8g.f['2']++;__cov_UJz7PfT_rMTJlTCgpG7q8g.s['15']++;expect(nextNDays(y,m,d,v[1])).to.be.equal(v[2]);",
      "err": {},
      "isRoot": false,
      "uuid": "61031ec3-f408-4927-b33a-b4ba3040dcad",
      "parentUUID": "530c6178-69bb-4dd2-9e10-7c998afbb95d",
      "isHook": false,
      "skipped": false
    },
    {
      "title": "2017/11/1的第5天应该是2017/11/6",
      "fullTitle": "常规测试 2017/11/1的第5天应该是2017/11/6",
      "timedOut": false,
      "duration": 1,
      "state": "passed",
      "speed": "fast",
      "pass": true,
      "fail": false,
      "pending": false,
      "code": "__cov_UJz7PfT_rMTJlTCgpG7q8g.f['2']++;__cov_UJz7PfT_rMTJlTCgpG7q8g.s['15']++;expect(nextNDays(y,m,d,v[1])).to.be.equal(v[2]);",
      "err": {},
      "isRoot": false,
      "uuid": "f9ad0c0e-9495-43e1-a53d-d607e8aedbbd",
      "parentUUID": "530c6178-69bb-4dd2-9e10-7c998afbb95d",
      "isHook": false,
      "skipped": false
    },
    {
      "title": "2017/11/1的第6天应该是2017/11/7",
      "fullTitle": "常规测试 2017/11/1的第6天应该是2017/11/7",
      "timedOut": false,
      "duration": 0,
      "state": "passed",
      "speed": "fast",
      "pass": true,
      "fail": false,
      "pending": false,
      "code": "__cov_UJz7PfT_rMTJlTCgpG7q8g.f['2']++;__cov_UJz7PfT_rMTJlTCgpG7q8g.s['15']++;expect(nextNDays(y,m,d,v[1])).to.be.equal(v[2]);",
      "err": {},
      "isRoot": false,
      "uuid": "48f74316-5dff-4906-9507-db8bb3010151",
      "parentUUID": "530c6178-69bb-4dd2-9e10-7c998afbb95d",
      "isHook": false,
      "skipped": false
    },
    {
      "title": "2017/11/1的第7天应该是2017/11/8",
      "fullTitle": "常规测试 2017/11/1的第7天应该是2017/11/8",
      "timedOut": false,
      "duration": 0,
      "state": "passed",
      "speed": "fast",
      "pass": true,
      "fail": false,
      "pending": false,
      "code": "__cov_UJz7PfT_rMTJlTCgpG7q8g.f['2']++;__cov_UJz7PfT_rMTJlTCgpG7q8g.s['15']++;expect(nextNDays(y,m,d,v[1])).to.be.equal(v[2]);",
      "err": {},
      "isRoot": false,
      "uuid": "112aafe8-a6f6-47fa-9230-05ab8daaa640",
      "parentUUID": "530c6178-69bb-4dd2-9e10-7c998afbb95d",
      "isHook": false,
      "skipped": false
    },
    {
      "title": "2017/11/1的第30天应该是2017/12/1",
      "fullTitle": "常规测试 2017/11/1的第30天应该是2017/12/1",
      "timedOut": false,
      "duration": 0,
      "state": "passed",
      "speed": "fast",
      "pass": true,
      "fail": false,
      "pending": false,
      "code": "__cov_UJz7PfT_rMTJlTCgpG7q8g.f['2']++;__cov_UJz7PfT_rMTJlTCgpG7q8g.s['15']++;expect(nextNDays(y,m,d,v[1])).to.be.equal(v[2]);",
      "err": {},
      "isRoot": false,
      "uuid": "8ffb1caf-9cbe-40eb-b813-a897dba5846c",
      "parentUUID": "530c6178-69bb-4dd2-9e10-7c998afbb95d",
      "isHook": false,
      "skipped": false
    },
    {
      "title": "2017/11/1的第365天应该是2018/11/1",
      "fullTitle": "常规测试 2017/11/1的第365天应该是2018/11/1",
      "timedOut": false,
      "duration": 0,
      "state": "passed",
      "speed": "fast",
      "pass": true,
      "fail": false,
      "pending": false,
      "code": "__cov_UJz7PfT_rMTJlTCgpG7q8g.f['2']++;__cov_UJz7PfT_rMTJlTCgpG7q8g.s['15']++;expect(nextNDays(y,m,d,v[1])).to.be.equal(v[2]);",
      "err": {},
      "isRoot": false,
      "uuid": "37ab106d-3e82-4402-ad90-4de247df0bc5",
      "parentUUID": "530c6178-69bb-4dd2-9e10-7c998afbb95d",
      "isHook": false,
      "skipped": false
    },
    {
      "title": "2017/11/1的第731天应该是2019/11/2",
      "fullTitle": "常规测试 2017/11/1的第731天应该是2019/11/2",
      "timedOut": false,
      "duration": 0,
      "state": "passed",
      "speed": "fast",
      "pass": true,
      "fail": false,
      "pending": false,
      "code": "__cov_UJz7PfT_rMTJlTCgpG7q8g.f['2']++;__cov_UJz7PfT_rMTJlTCgpG7q8g.s['15']++;expect(nextNDays(y,m,d,v[1])).to.be.equal(v[2]);",
      "err": {},
      "isRoot": false,
      "uuid": "0fbb0d60-f978-4bc4-af60-d6c1e1c4b562",
      "parentUUID": "530c6178-69bb-4dd2-9e10-7c998afbb95d",
      "isHook": false,
      "skipped": false
    },
    {
      "title": "2017/11/1的第-1天应该是2017/10/31",
      "fullTitle": "常规测试 2017/11/1的第-1天应该是2017/10/31",
      "timedOut": false,
      "duration": 0,
      "state": "passed",
      "speed": "fast",
      "pass": true,
      "fail": false,
      "pending": false,
      "code": "__cov_UJz7PfT_rMTJlTCgpG7q8g.f['2']++;__cov_UJz7PfT_rMTJlTCgpG7q8g.s['15']++;expect(nextNDays(y,m,d,v[1])).to.be.equal(v[2]);",
      "err": {},
      "isRoot": false,
      "uuid": "4f7ec1a3-915b-4078-a2d0-ceb07b444bdb",
      "parentUUID": "530c6178-69bb-4dd2-9e10-7c998afbb95d",
      "isHook": false,
      "skipped": false
    },
    {
      "title": "2017/11/1的第-2天应该是2017/10/30",
      "fullTitle": "常规测试 2017/11/1的第-2天应该是2017/10/30",
      "timedOut": false,
      "duration": 0,
      "state": "passed",
      "speed": "fast",
      "pass": true,
      "fail": false,
      "pending": false,
      "code": "__cov_UJz7PfT_rMTJlTCgpG7q8g.f['2']++;__cov_UJz7PfT_rMTJlTCgpG7q8g.s['15']++;expect(nextNDays(y,m,d,v[1])).to.be.equal(v[2]);",
      "err": {},
      "isRoot": false,
      "uuid": "87963899-efb4-4ffb-a545-ac8ac7fcd2cd",
      "parentUUID": "530c6178-69bb-4dd2-9e10-7c998afbb95d",
      "isHook": false,
      "skipped": false
    },
    {
      "title": "2017/11/1的第-3天应该是2017/10/29",
      "fullTitle": "常规测试 2017/11/1的第-3天应该是2017/10/29",
      "timedOut": false,
      "duration": 0,
      "state": "passed",
      "speed": "fast",
      "pass": true,
      "fail": false,
      "pending": false,
      "code": "__cov_UJz7PfT_rMTJlTCgpG7q8g.f['2']++;__cov_UJz7PfT_rMTJlTCgpG7q8g.s['15']++;expect(nextNDays(y,m,d,v[1])).to.be.equal(v[2]);",
      "err": {},
      "isRoot": false,
      "uuid": "a2366623-58f0-4586-a371-489c17b3596c",
      "parentUUID": "530c6178-69bb-4dd2-9e10-7c998afbb95d",
      "isHook": false,
      "skipped": false
    },
    {
      "title": "2017/11/1的第-4天应该是2017/10/28",
      "fullTitle": "常规测试 2017/11/1的第-4天应该是2017/10/28",
      "timedOut": false,
      "duration": 0,
      "state": "passed",
      "speed": "fast",
      "pass": true,
      "fail": false,
      "pending": false,
      "code": "__cov_UJz7PfT_rMTJlTCgpG7q8g.f['2']++;__cov_UJz7PfT_rMTJlTCgpG7q8g.s['15']++;expect(nextNDays(y,m,d,v[1])).to.be.equal(v[2]);",
      "err": {},
      "isRoot": false,
      "uuid": "a35bc310-7488-4ead-bb2e-04f3b92a4adb",
      "parentUUID": "530c6178-69bb-4dd2-9e10-7c998afbb95d",
      "isHook": false,
      "skipped": false
    },
    {
      "title": "2017/11/1的第-5天应该是2017/10/27",
      "fullTitle": "常规测试 2017/11/1的第-5天应该是2017/10/27",
      "timedOut": false,
      "duration": 0,
      "state": "passed",
      "speed": "fast",
      "pass": true,
      "fail": false,
      "pending": false,
      "code": "__cov_UJz7PfT_rMTJlTCgpG7q8g.f['2']++;__cov_UJz7PfT_rMTJlTCgpG7q8g.s['15']++;expect(nextNDays(y,m,d,v[1])).to.be.equal(v[2]);",
      "err": {},
      "isRoot": false,
      "uuid": "b78da5fc-81f3-4005-9d68-4a57ee38ad89",
      "parentUUID": "530c6178-69bb-4dd2-9e10-7c998afbb95d",
      "isHook": false,
      "skipped": false
    },
    {
      "title": "2017/11/1的第-6天应该是2017/10/26",
      "fullTitle": "常规测试 2017/11/1的第-6天应该是2017/10/26",
      "timedOut": false,
      "duration": 0,
      "state": "passed",
      "speed": "fast",
      "pass": true,
      "fail": false,
      "pending": false,
      "code": "__cov_UJz7PfT_rMTJlTCgpG7q8g.f['2']++;__cov_UJz7PfT_rMTJlTCgpG7q8g.s['15']++;expect(nextNDays(y,m,d,v[1])).to.be.equal(v[2]);",
      "err": {},
      "isRoot": false,
      "uuid": "dcd22160-ade7-4dde-a5a7-72671e14f4a1",
      "parentUUID": "530c6178-69bb-4dd2-9e10-7c998afbb95d",
      "isHook": false,
      "skipped": false
    },
    {
      "title": "2017/11/1的第-7天应该是2017/10/25",
      "fullTitle": "常规测试 2017/11/1的第-7天应该是2017/10/25",
      "timedOut": false,
      "duration": 0,
      "state": "passed",
      "speed": "fast",
      "pass": true,
      "fail": false,
      "pending": false,
      "code": "__cov_UJz7PfT_rMTJlTCgpG7q8g.f['2']++;__cov_UJz7PfT_rMTJlTCgpG7q8g.s['15']++;expect(nextNDays(y,m,d,v[1])).to.be.equal(v[2]);",
      "err": {},
      "isRoot": false,
      "uuid": "811c02d4-68b0-446c-abfa-f18fb57c2a3f",
      "parentUUID": "530c6178-69bb-4dd2-9e10-7c998afbb95d",
      "isHook": false,
      "skipped": false
    },
    {
      "title": "2017/11/1的第-30天应该是2017/10/2",
      "fullTitle": "常规测试 2017/11/1的第-30天应该是2017/10/2",
      "timedOut": false,
      "duration": 0,
      "state": "passed",
      "speed": "fast",
      "pass": true,
      "fail": false,
      "pending": false,
      "code": "__cov_UJz7PfT_rMTJlTCgpG7q8g.f['2']++;__cov_UJz7PfT_rMTJlTCgpG7q8g.s['15']++;expect(nextNDays(y,m,d,v[1])).to.be.equal(v[2]);",
      "err": {},
      "isRoot": false,
      "uuid": "070aa4ff-5020-404f-a649-811726349715",
      "parentUUID": "530c6178-69bb-4dd2-9e10-7c998afbb95d",
      "isHook": false,
      "skipped": false
    },
    {
      "title": "2017/11/1的第-365天应该是2016/11/1",
      "fullTitle": "常规测试 2017/11/1的第-365天应该是2016/11/1",
      "timedOut": false,
      "duration": 0,
      "state": "passed",
      "speed": "fast",
      "pass": true,
      "fail": false,
      "pending": false,
      "code": "__cov_UJz7PfT_rMTJlTCgpG7q8g.f['2']++;__cov_UJz7PfT_rMTJlTCgpG7q8g.s['15']++;expect(nextNDays(y,m,d,v[1])).to.be.equal(v[2]);",
      "err": {},
      "isRoot": false,
      "uuid": "c609b86d-ef1f-41a6-bd52-5be5d3f537ea",
      "parentUUID": "530c6178-69bb-4dd2-9e10-7c998afbb95d",
      "isHook": false,
      "skipped": false
    },
    {
      "title": "2017/11/1的第-730天应该是2015/11/2",
      "fullTitle": "常规测试 2017/11/1的第-730天应该是2015/11/2",
      "timedOut": false,
      "duration": 0,
      "state": "passed",
      "speed": "fast",
      "pass": true,
      "fail": false,
      "pending": false,
      "code": "__cov_UJz7PfT_rMTJlTCgpG7q8g.f['2']++;__cov_UJz7PfT_rMTJlTCgpG7q8g.s['15']++;expect(nextNDays(y,m,d,v[1])).to.be.equal(v[2]);",
      "err": {},
      "isRoot": false,
      "uuid": "a85c8743-ad07-4646-9381-8eeb073fca4c",
      "parentUUID": "530c6178-69bb-4dd2-9e10-7c998afbb95d",
      "isHook": false,
      "skipped": false
    },
    {
      "title": "2017/11/1的第1000天应该是2020/7/28",
      "fullTitle": "常规测试 2017/11/1的第1000天应该是2020/7/28",
      "timedOut": false,
      "duration": 0,
      "state": "passed",
      "speed": "fast",
      "pass": true,
      "fail": false,
      "pending": false,
      "code": "__cov_UJz7PfT_rMTJlTCgpG7q8g.f['2']++;__cov_UJz7PfT_rMTJlTCgpG7q8g.s['15']++;expect(nextNDays(y,m,d,v[1])).to.be.equal(v[2]);",
      "err": {},
      "isRoot": false,
      "uuid": "b0a84a05-96c7-420c-986e-ae34b74a6dbb",
      "parentUUID": "530c6178-69bb-4dd2-9e10-7c998afbb95d",
      "isHook": false,
      "skipped": false
    },
    {
      "title": "2017/11/1的第-1000天应该是2015/2/5",
      "fullTitle": "常规测试 2017/11/1的第-1000天应该是2015/2/5",
      "timedOut": false,
      "duration": 0,
      "state": "passed",
      "speed": "fast",
      "pass": true,
      "fail": false,
      "pending": false,
      "code": "__cov_UJz7PfT_rMTJlTCgpG7q8g.f['2']++;__cov_UJz7PfT_rMTJlTCgpG7q8g.s['15']++;expect(nextNDays(y,m,d,v[1])).to.be.equal(v[2]);",
      "err": {},
      "isRoot": false,
      "uuid": "bcc45393-6eb8-4cc8-8164-73b65f336f50",
      "parentUUID": "530c6178-69bb-4dd2-9e10-7c998afbb95d",
      "isHook": false,
      "skipped": false
    },
    {
      "title": "2017/11/1的第2000天应该是2023/4/24",
      "fullTitle": "常规测试 2017/11/1的第2000天应该是2023/4/24",
      "timedOut": false,
      "duration": 0,
      "state": "passed",
      "speed": "fast",
      "pass": true,
      "fail": false,
      "pending": false,
      "code": "__cov_UJz7PfT_rMTJlTCgpG7q8g.f['2']++;__cov_UJz7PfT_rMTJlTCgpG7q8g.s['15']++;expect(nextNDays(y,m,d,v[1])).to.be.equal(v[2]);",
      "err": {},
      "isRoot": false,
      "uuid": "0b5e9303-b002-471f-91bd-bfed1f8a6d52",
      "parentUUID": "530c6178-69bb-4dd2-9e10-7c998afbb95d",
      "isHook": false,
      "skipped": false
    },
    {
      "title": "2017/11/1的第-2000天应该是2012/5/11",
      "fullTitle": "常规测试 2017/11/1的第-2000天应该是2012/5/11",
      "timedOut": false,
      "duration": 0,
      "state": "passed",
      "speed": "fast",
      "pass": true,
      "fail": false,
      "pending": false,
      "code": "__cov_UJz7PfT_rMTJlTCgpG7q8g.f['2']++;__cov_UJz7PfT_rMTJlTCgpG7q8g.s['15']++;expect(nextNDays(y,m,d,v[1])).to.be.equal(v[2]);",
      "err": {},
      "isRoot": false,
      "uuid": "f7f0be1d-5354-4bca-9367-cf398d8c8cc5",
      "parentUUID": "530c6178-69bb-4dd2-9e10-7c998afbb95d",
      "isHook": false,
      "skipped": false
    },
    {
      "title": "2017/11/1的第3000天应该是2026/1/18",
      "fullTitle": "常规测试 2017/11/1的第3000天应该是2026/1/18",
      "timedOut": false,
      "duration": 0,
      "state": "passed",
      "speed": "fast",
      "pass": true,
      "fail": false,
      "pending": false,
      "code": "__cov_UJz7PfT_rMTJlTCgpG7q8g.f['2']++;__cov_UJz7PfT_rMTJlTCgpG7q8g.s['15']++;expect(nextNDays(y,m,d,v[1])).to.be.equal(v[2]);",
      "err": {},
      "isRoot": false,
      "uuid": "1f6fa221-6e99-4144-89d7-043375cb3deb",
      "parentUUID": "530c6178-69bb-4dd2-9e10-7c998afbb95d",
      "isHook": false,
      "skipped": false
    },
    {
      "title": "2017/11/1的第-3000天应该是2009/8/15",
      "fullTitle": "常规测试 2017/11/1的第-3000天应该是2009/8/15",
      "timedOut": false,
      "duration": 0,
      "state": "passed",
      "speed": "fast",
      "pass": true,
      "fail": false,
      "pending": false,
      "code": "__cov_UJz7PfT_rMTJlTCgpG7q8g.f['2']++;__cov_UJz7PfT_rMTJlTCgpG7q8g.s['15']++;expect(nextNDays(y,m,d,v[1])).to.be.equal(v[2]);",
      "err": {},
      "isRoot": false,
      "uuid": "8529991c-8dd1-4163-8d28-a93d79ae5075",
      "parentUUID": "530c6178-69bb-4dd2-9e10-7c998afbb95d",
      "isHook": false,
      "skipped": false
    },
    {
      "title": "2017/11/1的第5000天应该是2031/7/11",
      "fullTitle": "常规测试 2017/11/1的第5000天应该是2031/7/11",
      "timedOut": false,
      "duration": 0,
      "state": "passed",
      "speed": "fast",
      "pass": true,
      "fail": false,
      "pending": false,
      "code": "__cov_UJz7PfT_rMTJlTCgpG7q8g.f['2']++;__cov_UJz7PfT_rMTJlTCgpG7q8g.s['15']++;expect(nextNDays(y,m,d,v[1])).to.be.equal(v[2]);",
      "err": {},
      "isRoot": false,
      "uuid": "3beebc0f-7806-4921-9bc3-66d483f1a0d5",
      "parentUUID": "530c6178-69bb-4dd2-9e10-7c998afbb95d",
      "isHook": false,
      "skipped": false
    },
    {
      "title": "2017/11/1的第-5000天应该是2004/2/23",
      "fullTitle": "常规测试 2017/11/1的第-5000天应该是2004/2/23",
      "timedOut": false,
      "duration": 0,
      "state": "passed",
      "speed": "fast",
      "pass": true,
      "fail": false,
      "pending": false,
      "code": "__cov_UJz7PfT_rMTJlTCgpG7q8g.f['2']++;__cov_UJz7PfT_rMTJlTCgpG7q8g.s['15']++;expect(nextNDays(y,m,d,v[1])).to.be.equal(v[2]);",
      "err": {},
      "isRoot": false,
      "uuid": "980f2cdb-4059-41d0-8477-80b5f8ed42ff",
      "parentUUID": "530c6178-69bb-4dd2-9e10-7c998afbb95d",
      "isHook": false,
      "skipped": false
    }
  ],
  "allFailures": [],
  "copyrightYear": 2017
}