{"/Users/hekunyu/Code/homework/hekunyu/NextNDays.test.js":{"path":"/Users/hekunyu/Code/homework/hekunyu/NextNDays.test.js","s":{"1":1,"2":1,"3":1,"4":1,"5":1,"6":1,"7":1,"8":1,"9":1,"10":28,"11":28,"12":28,"13":28,"14":28,"15":28},"b":{},"f":{"1":1,"2":28},"fnMap":{"1":{"name":"(anonymous_1)","line":10,"loc":{"start":{"line":10,"column":17},"end":{"line":10,"column":29}}},"2":{"name":"(anonymous_2)","line":18,"loc":{"start":{"line":18,"column":49},"end":{"line":18,"column":61}}}},"statementMap":{"1":{"start":{"line":1,"column":0},"end":{"line":1,"column":42}},"2":{"start":{"line":2,"column":0},"end":{"line":2,"column":36}},"3":{"start":{"line":3,"column":0},"end":{"line":3,"column":32}},"4":{"start":{"line":4,"column":0},"end":{"line":4,"column":29}},"5":{"start":{"line":6,"column":0},"end":{"line":6,"column":33}},"6":{"start":{"line":8,"column":0},"end":{"line":8,"column":33}},"7":{"start":{"line":9,"column":0},"end":{"line":9,"column":12}},"8":{"start":{"line":10,"column":0},"end":{"line":22,"column":3}},"9":{"start":{"line":11,"column":4},"end":{"line":21,"column":5}},"10":{"start":{"line":13,"column":8},"end":{"line":13,"column":57}},"11":{"start":{"line":14,"column":8},"end":{"line":14,"column":23}},"12":{"start":{"line":15,"column":8},"end":{"line":15,"column":23}},"13":{"start":{"line":16,"column":8},"end":{"line":16,"column":23}},"14":{"start":{"line":18,"column":8},"end":{"line":20,"column":11}},"15":{"start":{"line":19,"column":12},"end":{"line":19,"column":63}}},"branchMap":{}},"/Users/hekunyu/Code/homework/hekunyu/NextNDays.js":{"path":"/Users/hekunyu/Code/homework/hekunyu/NextNDays.js","s":{"1":1,"2":1,"3":180,"4":180,"5":180,"6":0,"7":180,"8":0,"9":180,"10":0,"11":180,"12":0,"13":1,"14":183,"15":3,"16":180,"17":180,"18":180,"19":180,"20":180,"21":180,"22":180,"23":12,"24":29,"25":6,"26":6,"27":23,"28":23,"29":12,"30":25,"31":8,"32":8,"33":17,"34":17,"35":180,"36":73,"37":73,"38":73,"39":73,"40":48,"41":6,"42":6,"43":42,"44":48,"45":25,"46":107,"47":0,"48":107,"49":6,"50":6,"51":101,"52":107,"53":107,"54":25,"55":1,"56":414,"57":1},"b":{"1":[0,180],"2":[180,180,180],"3":[0,180],"4":[0,180],"5":[0,180],"6":[3,180],"7":[12,168],"8":[180,12],"9":[6,23],"10":[8,17],"11":[73,107],"12":[48,25],"13":[6,42],"14":[0,107],"15":[6,101],"16":[70,344],"17":[414,70,344]},"f":{"1":180,"2":183,"3":414},"fnMap":{"1":{"name":"validYearMonthDayAndN","line":13,"loc":{"start":{"line":13,"column":0},"end":{"line":13,"column":43}}},"2":{"name":"nextNDays","line":40,"loc":{"start":{"line":40,"column":0},"end":{"line":40,"column":31}}},"3":{"name":"isLeapYear","line":108,"loc":{"start":{"line":108,"column":0},"end":{"line":108,"column":23}}}},"statementMap":{"1":{"start":{"line":1,"column":0},"end":{"line":4,"column":2}},"2":{"start":{"line":13,"column":0},"end":{"line":30,"column":1}},"3":{"start":{"line":14,"column":2},"end":{"line":14,"column":28}},"4":{"start":{"line":15,"column":2},"end":{"line":15,"column":33}},"5":{"start":{"line":16,"column":2},"end":{"line":17,"column":34}},"6":{"start":{"line":17,"column":4},"end":{"line":17,"column":34}},"7":{"start":{"line":18,"column":2},"end":{"line":19,"column":29}},"8":{"start":{"line":19,"column":4},"end":{"line":19,"column":29}},"9":{"start":{"line":21,"column":2},"end":{"line":22,"column":33}},"10":{"start":{"line":22,"column":4},"end":{"line":22,"column":33}},"11":{"start":{"line":24,"column":2},"end":{"line":29,"column":18}},"12":{"start":{"line":25,"column":4},"end":{"line":29,"column":18}},"13":{"start":{"line":40,"column":0},"end":{"line":101,"column":1}},"14":{"start":{"line":41,"column":2},"end":{"line":41,"column":41}},"15":{"start":{"line":41,"column":14},"end":{"line":41,"column":41}},"16":{"start":{"line":42,"column":2},"end":{"line":42,"column":36}},"17":{"start":{"line":43,"column":2},"end":{"line":43,"column":18}},"18":{"start":{"line":44,"column":2},"end":{"line":44,"column":18}},"19":{"start":{"line":45,"column":2},"end":{"line":45,"column":18}},"20":{"start":{"line":46,"column":2},"end":{"line":46,"column":18}},"21":{"start":{"line":47,"column":2},"end":{"line":47,"column":10}},"22":{"start":{"line":50,"column":2},"end":{"line":69,"column":3}},"23":{"start":{"line":51,"column":4},"end":{"line":59,"column":5}},"24":{"start":{"line":52,"column":6},"end":{"line":58,"column":7}},"25":{"start":{"line":53,"column":8},"end":{"line":53,"column":20}},"26":{"start":{"line":54,"column":8},"end":{"line":54,"column":12}},"27":{"start":{"line":56,"column":8},"end":{"line":56,"column":20}},"28":{"start":{"line":57,"column":8},"end":{"line":57,"column":12}},"29":{"start":{"line":60,"column":4},"end":{"line":68,"column":5}},"30":{"start":{"line":61,"column":6},"end":{"line":67,"column":7}},"31":{"start":{"line":62,"column":8},"end":{"line":62,"column":20}},"32":{"start":{"line":63,"column":8},"end":{"line":63,"column":12}},"33":{"start":{"line":65,"column":8},"end":{"line":65,"column":20}},"34":{"start":{"line":66,"column":8},"end":{"line":66,"column":12}},"35":{"start":{"line":70,"column":2},"end":{"line":98,"column":3}},"36":{"start":{"line":71,"column":4},"end":{"line":71,"column":17}},"37":{"start":{"line":72,"column":4},"end":{"line":72,"column":10}},"38":{"start":{"line":73,"column":4},"end":{"line":73,"column":34}},"39":{"start":{"line":74,"column":4},"end":{"line":84,"column":5}},"40":{"start":{"line":75,"column":6},"end":{"line":80,"column":7}},"41":{"start":{"line":76,"column":8},"end":{"line":76,"column":12}},"42":{"start":{"line":77,"column":8},"end":{"line":77,"column":14}},"43":{"start":{"line":79,"column":8},"end":{"line":79,"column":12}},"44":{"start":{"line":81,"column":6},"end":{"line":81,"column":43}},"45":{"start":{"line":83,"column":6},"end":{"line":83,"column":13}},"46":{"start":{"line":86,"column":4},"end":{"line":97,"column":5}},"47":{"start":{"line":87,"column":6},"end":{"line":87,"column":13}},"48":{"start":{"line":89,"column":6},"end":{"line":94,"column":7}},"49":{"start":{"line":90,"column":8},"end":{"line":90,"column":12}},"50":{"start":{"line":91,"column":8},"end":{"line":91,"column":15}},"51":{"start":{"line":93,"column":8},"end":{"line":93,"column":12}},"52":{"start":{"line":95,"column":6},"end":{"line":95,"column":36}},"53":{"start":{"line":96,"column":6},"end":{"line":96,"column":43}},"54":{"start":{"line":100,"column":2},"end":{"line":100,"column":29}},"55":{"start":{"line":108,"column":0},"end":{"line":110,"column":1}},"56":{"start":{"line":109,"column":2},"end":{"line":109,"column":74}},"57":{"start":{"line":120,"column":0},"end":{"line":120,"column":27}}},"branchMap":{"1":{"line":16,"type":"if","locations":[{"start":{"line":16,"column":2},"end":{"line":16,"column":2}},{"start":{"line":16,"column":2},"end":{"line":16,"column":2}}]},"2":{"line":16,"type":"binary-expr","locations":[{"start":{"line":16,"column":8},"end":{"line":16,"column":22}},{"start":{"line":16,"column":26},"end":{"line":16,"column":40}},{"start":{"line":16,"column":44},"end":{"line":16,"column":58}}]},"3":{"line":18,"type":"if","locations":[{"start":{"line":18,"column":2},"end":{"line":18,"column":2}},{"start":{"line":18,"column":2},"end":{"line":18,"column":2}}]},"4":{"line":21,"type":"if","locations":[{"start":{"line":21,"column":2},"end":{"line":21,"column":2}},{"start":{"line":21,"column":2},"end":{"line":21,"column":2}}]},"5":{"line":24,"type":"if","locations":[{"start":{"line":24,"column":2},"end":{"line":24,"column":2}},{"start":{"line":24,"column":2},"end":{"line":24,"column":2}}]},"6":{"line":41,"type":"if","locations":[{"start":{"line":41,"column":2},"end":{"line":41,"column":2}},{"start":{"line":41,"column":2},"end":{"line":41,"column":2}}]},"7":{"line":50,"type":"if","locations":[{"start":{"line":50,"column":2},"end":{"line":50,"column":2}},{"start":{"line":50,"column":2},"end":{"line":50,"column":2}}]},"8":{"line":50,"type":"binary-expr","locations":[{"start":{"line":50,"column":5},"end":{"line":50,"column":11}},{"start":{"line":50,"column":15},"end":{"line":50,"column":21}}]},"9":{"line":52,"type":"if","locations":[{"start":{"line":52,"column":6},"end":{"line":52,"column":6}},{"start":{"line":52,"column":6},"end":{"line":52,"column":6}}]},"10":{"line":61,"type":"if","locations":[{"start":{"line":61,"column":6},"end":{"line":61,"column":6}},{"start":{"line":61,"column":6},"end":{"line":61,"column":6}}]},"11":{"line":70,"type":"if","locations":[{"start":{"line":70,"column":2},"end":{"line":70,"column":2}},{"start":{"line":70,"column":2},"end":{"line":70,"column":2}}]},"12":{"line":74,"type":"if","locations":[{"start":{"line":74,"column":4},"end":{"line":74,"column":4}},{"start":{"line":74,"column":4},"end":{"line":74,"column":4}}]},"13":{"line":75,"type":"if","locations":[{"start":{"line":75,"column":6},"end":{"line":75,"column":6}},{"start":{"line":75,"column":6},"end":{"line":75,"column":6}}]},"14":{"line":86,"type":"if","locations":[{"start":{"line":86,"column":4},"end":{"line":86,"column":4}},{"start":{"line":86,"column":4},"end":{"line":86,"column":4}}]},"15":{"line":89,"type":"if","locations":[{"start":{"line":89,"column":6},"end":{"line":89,"column":6}},{"start":{"line":89,"column":6},"end":{"line":89,"column":6}}]},"16":{"line":109,"type":"cond-expr","locations":[{"start":{"line":109,"column":68},"end":{"line":109,"column":69}},{"start":{"line":109,"column":72},"end":{"line":109,"column":73}}]},"17":{"line":109,"type":"binary-expr","locations":[{"start":{"line":109,"column":13},"end":{"line":109,"column":24}},{"start":{"line":109,"column":30},"end":{"line":109,"column":43}},{"start":{"line":109,"column":50},"end":{"line":109,"column":63}}]}}}}