{"/Users/hekunyu/Code/homework/hekunyu/NextNDays.test.js":{"path":"/Users/hekunyu/Code/homework/hekunyu/NextNDays.test.js","s":{"1":1,"2":1,"3":1,"4":1,"5":1,"6":1,"7":1,"8":1,"9":1,"10":28,"11":28,"12":28,"13":28,"14":28,"15":28},"b":{},"f":{"1":1,"2":28},"fnMap":{"1":{"name":"(anonymous_1)","line":10,"loc":{"start":{"line":10,"column":17},"end":{"line":10,"column":29}}},"2":{"name":"(anonymous_2)","line":18,"loc":{"start":{"line":18,"column":49},"end":{"line":18,"column":61}}}},"statementMap":{"1":{"start":{"line":1,"column":0},"end":{"line":1,"column":42}},"2":{"start":{"line":2,"column":0},"end":{"line":2,"column":36}},"3":{"start":{"line":3,"column":0},"end":{"line":3,"column":32}},"4":{"start":{"line":4,"column":0},"end":{"line":4,"column":29}},"5":{"start":{"line":6,"column":0},"end":{"line":6,"column":33}},"6":{"start":{"line":8,"column":0},"end":{"line":8,"column":33}},"7":{"start":{"line":9,"column":0},"end":{"line":9,"column":12}},"8":{"start":{"line":10,"column":0},"end":{"line":22,"column":3}},"9":{"start":{"line":11,"column":4},"end":{"line":21,"column":5}},"10":{"start":{"line":13,"column":8},"end":{"line":13,"column":57}},"11":{"start":{"line":14,"column":8},"end":{"line":14,"column":23}},"12":{"start":{"line":15,"column":8},"end":{"line":15,"column":23}},"13":{"start":{"line":16,"column":8},"end":{"line":16,"column":23}},"14":{"start":{"line":18,"column":8},"end":{"line":20,"column":11}},"15":{"start":{"line":19,"column":12},"end":{"line":19,"column":63}}},"branchMap":{}},"/Users/hekunyu/Code/homework/hekunyu/NextNDays.js":{"path":"/Users/hekunyu/Code/homework/hekunyu/NextNDays.js","s":{"1":1,"2":1,"3":828,"4":828,"5":828,"6":0,"7":828,"8":0,"9":828,"10":0,"11":828,"12":0,"13":1,"14":831,"15":3,"16":828,"17":828,"18":828,"19":828,"20":828,"21":828,"22":828,"23":421,"24":421,"25":421,"26":421,"27":396,"28":35,"29":35,"30":361,"31":396,"32":25,"33":407,"34":0,"35":407,"36":31,"37":31,"38":376,"39":407,"40":407,"41":25,"42":1,"43":1656,"44":1},"b":{"1":[0,828],"2":[828,828,828],"3":[0,828],"4":[0,828],"5":[0,828],"6":[3,828],"7":[421,407],"8":[396,25],"9":[35,361],"10":[0,407],"11":[31,376],"12":[393,1263],"13":[1656,393,1263]},"f":{"1":828,"2":831,"3":1656},"fnMap":{"1":{"name":"validYearMonthDayAndN","line":13,"loc":{"start":{"line":13,"column":0},"end":{"line":13,"column":43}}},"2":{"name":"nextNDays","line":40,"loc":{"start":{"line":40,"column":0},"end":{"line":40,"column":31}}},"3":{"name":"isLeapYear","line":86,"loc":{"start":{"line":86,"column":0},"end":{"line":86,"column":23}}}},"statementMap":{"1":{"start":{"line":1,"column":0},"end":{"line":4,"column":2}},"2":{"start":{"line":13,"column":0},"end":{"line":30,"column":1}},"3":{"start":{"line":14,"column":2},"end":{"line":14,"column":28}},"4":{"start":{"line":15,"column":2},"end":{"line":15,"column":33}},"5":{"start":{"line":16,"column":2},"end":{"line":17,"column":34}},"6":{"start":{"line":17,"column":4},"end":{"line":17,"column":34}},"7":{"start":{"line":18,"column":2},"end":{"line":19,"column":29}},"8":{"start":{"line":19,"column":4},"end":{"line":19,"column":29}},"9":{"start":{"line":21,"column":2},"end":{"line":22,"column":33}},"10":{"start":{"line":22,"column":4},"end":{"line":22,"column":33}},"11":{"start":{"line":24,"column":2},"end":{"line":29,"column":18}},"12":{"start":{"line":25,"column":4},"end":{"line":29,"column":18}},"13":{"start":{"line":40,"column":0},"end":{"line":79,"column":1}},"14":{"start":{"line":41,"column":2},"end":{"line":41,"column":41}},"15":{"start":{"line":41,"column":14},"end":{"line":41,"column":41}},"16":{"start":{"line":42,"column":2},"end":{"line":42,"column":36}},"17":{"start":{"line":43,"column":2},"end":{"line":43,"column":18}},"18":{"start":{"line":44,"column":2},"end":{"line":44,"column":18}},"19":{"start":{"line":45,"column":2},"end":{"line":45,"column":18}},"20":{"start":{"line":46,"column":2},"end":{"line":46,"column":18}},"21":{"start":{"line":47,"column":2},"end":{"line":47,"column":10}},"22":{"start":{"line":48,"column":2},"end":{"line":76,"column":3}},"23":{"start":{"line":49,"column":4},"end":{"line":49,"column":17}},"24":{"start":{"line":50,"column":4},"end":{"line":50,"column":10}},"25":{"start":{"line":51,"column":4},"end":{"line":51,"column":34}},"26":{"start":{"line":52,"column":4},"end":{"line":62,"column":5}},"27":{"start":{"line":53,"column":6},"end":{"line":58,"column":7}},"28":{"start":{"line":54,"column":8},"end":{"line":54,"column":12}},"29":{"start":{"line":55,"column":8},"end":{"line":55,"column":14}},"30":{"start":{"line":57,"column":8},"end":{"line":57,"column":12}},"31":{"start":{"line":59,"column":6},"end":{"line":59,"column":43}},"32":{"start":{"line":61,"column":6},"end":{"line":61,"column":13}},"33":{"start":{"line":64,"column":4},"end":{"line":75,"column":5}},"34":{"start":{"line":65,"column":6},"end":{"line":65,"column":13}},"35":{"start":{"line":67,"column":6},"end":{"line":72,"column":7}},"36":{"start":{"line":68,"column":8},"end":{"line":68,"column":12}},"37":{"start":{"line":69,"column":8},"end":{"line":69,"column":15}},"38":{"start":{"line":71,"column":8},"end":{"line":71,"column":12}},"39":{"start":{"line":73,"column":6},"end":{"line":73,"column":36}},"40":{"start":{"line":74,"column":6},"end":{"line":74,"column":43}},"41":{"start":{"line":78,"column":2},"end":{"line":78,"column":29}},"42":{"start":{"line":86,"column":0},"end":{"line":88,"column":1}},"43":{"start":{"line":87,"column":2},"end":{"line":87,"column":74}},"44":{"start":{"line":97,"column":0},"end":{"line":97,"column":27}}},"branchMap":{"1":{"line":16,"type":"if","locations":[{"start":{"line":16,"column":2},"end":{"line":16,"column":2}},{"start":{"line":16,"column":2},"end":{"line":16,"column":2}}]},"2":{"line":16,"type":"binary-expr","locations":[{"start":{"line":16,"column":8},"end":{"line":16,"column":22}},{"start":{"line":16,"column":26},"end":{"line":16,"column":40}},{"start":{"line":16,"column":44},"end":{"line":16,"column":58}}]},"3":{"line":18,"type":"if","locations":[{"start":{"line":18,"column":2},"end":{"line":18,"column":2}},{"start":{"line":18,"column":2},"end":{"line":18,"column":2}}]},"4":{"line":21,"type":"if","locations":[{"start":{"line":21,"column":2},"end":{"line":21,"column":2}},{"start":{"line":21,"column":2},"end":{"line":21,"column":2}}]},"5":{"line":24,"type":"if","locations":[{"start":{"line":24,"column":2},"end":{"line":24,"column":2}},{"start":{"line":24,"column":2},"end":{"line":24,"column":2}}]},"6":{"line":41,"type":"if","locations":[{"start":{"line":41,"column":2},"end":{"line":41,"column":2}},{"start":{"line":41,"column":2},"end":{"line":41,"column":2}}]},"7":{"line":48,"type":"if","locations":[{"start":{"line":48,"column":2},"end":{"line":48,"column":2}},{"start":{"line":48,"column":2},"end":{"line":48,"column":2}}]},"8":{"line":52,"type":"if","locations":[{"start":{"line":52,"column":4},"end":{"line":52,"column":4}},{"start":{"line":52,"column":4},"end":{"line":52,"column":4}}]},"9":{"line":53,"type":"if","locations":[{"start":{"line":53,"column":6},"end":{"line":53,"column":6}},{"start":{"line":53,"column":6},"end":{"line":53,"column":6}}]},"10":{"line":64,"type":"if","locations":[{"start":{"line":64,"column":4},"end":{"line":64,"column":4}},{"start":{"line":64,"column":4},"end":{"line":64,"column":4}}]},"11":{"line":67,"type":"if","locations":[{"start":{"line":67,"column":6},"end":{"line":67,"column":6}},{"start":{"line":67,"column":6},"end":{"line":67,"column":6}}]},"12":{"line":87,"type":"cond-expr","locations":[{"start":{"line":87,"column":68},"end":{"line":87,"column":69}},{"start":{"line":87,"column":72},"end":{"line":87,"column":73}}]},"13":{"line":87,"type":"binary-expr","locations":[{"start":{"line":87,"column":13},"end":{"line":87,"column":24}},{"start":{"line":87,"column":30},"end":{"line":87,"column":43}},{"start":{"line":87,"column":50},"end":{"line":87,"column":63}}]}}}}