TN:
SF:/Users/hekunyu/Code/homework/hekunyu/NextNDays.test.js
FN:10,(anonymous_1)
FN:18,(anonymous_2)
FNF:2
FNH:2
FNDA:1,(anonymous_1)
FNDA:28,(anonymous_2)
DA:1,1
DA:2,1
DA:3,1
DA:4,1
DA:6,1
DA:8,1
DA:9,1
DA:10,1
DA:11,1
DA:13,28
DA:14,28
DA:15,28
DA:16,28
DA:18,28
DA:19,28
LF:15
LH:15
BRF:0
BRH:0
end_of_record
TN:
SF:/Users/hekunyu/Code/homework/hekunyu/NextNDays.js
FN:13,validYearMonthDayAndN
FN:40,nextNDays
FN:86,isLeapYear
FNF:3
FNH:3
FNDA:828,validYearMonthDayAndN
FNDA:831,nextNDays
FNDA:1656,isLeapYear
DA:1,1
DA:13,1
DA:14,828
DA:15,828
DA:16,828
DA:17,0
DA:18,828
DA:19,0
DA:21,828
DA:22,0
DA:24,828
DA:25,0
DA:40,1
DA:41,831
DA:42,828
DA:43,828
DA:44,828
DA:45,828
DA:46,828
DA:47,828
DA:48,828
DA:49,421
DA:50,421
DA:51,421
DA:52,421
DA:53,396
DA:54,35
DA:55,35
DA:57,361
DA:59,396
DA:61,25
DA:64,407
DA:65,0
DA:67,407
DA:68,31
DA:69,31
DA:71,376
DA:73,407
DA:74,407
DA:78,25
DA:86,1
DA:87,1656
DA:97,1
LF:43
LH:38
BRDA:16,1,0,0
BRDA:16,1,1,828
BRDA:16,2,0,828
BRDA:16,2,1,828
BRDA:16,2,2,828
BRDA:18,3,0,0
BRDA:18,3,1,828
BRDA:21,4,0,0
BRDA:21,4,1,828
BRDA:24,5,0,0
BRDA:24,5,1,828
BRDA:41,6,0,3
BRDA:41,6,1,828
BRDA:48,7,0,421
BRDA:48,7,1,407
BRDA:52,8,0,396
BRDA:52,8,1,25
BRDA:53,9,0,35
BRDA:53,9,1,361
BRDA:64,10,0,0
BRDA:64,10,1,407
BRDA:67,11,0,31
BRDA:67,11,1,376
BRDA:87,12,0,393
BRDA:87,12,1,1263
BRDA:87,13,0,1656
BRDA:87,13,1,393
BRDA:87,13,2,1263
BRF:28
BRH:23
end_of_record
