TN:
SF:/Users/hekunyu/Code/homework/hekunyu/NextNDays.test.js
FN:10,(anonymous_1)
FN:18,(anonymous_2)
FNF:2
FNH:2
FNDA:1,(anonymous_1)
FNDA:28,(anonymous_2)
DA:1,1
DA:2,1
DA:3,1
DA:4,1
DA:6,1
DA:8,1
DA:9,1
DA:10,1
DA:11,1
DA:13,28
DA:14,28
DA:15,28
DA:16,28
DA:18,28
DA:19,28
LF:15
LH:15
BRF:0
BRH:0
end_of_record
TN:
SF:/Users/hekunyu/Code/homework/hekunyu/NextNDays.js
FN:13,validYearMonthDayAndN
FN:40,nextNDays
FN:108,isLeapYear
FNF:3
FNH:3
FNDA:180,validYearMonthDayAndN
FNDA:183,nextNDays
FNDA:414,isLeapYear
DA:1,1
DA:13,1
DA:14,180
DA:15,180
DA:16,180
DA:17,0
DA:18,180
DA:19,0
DA:21,180
DA:22,0
DA:24,180
DA:25,0
DA:40,1
DA:41,183
DA:42,180
DA:43,180
DA:44,180
DA:45,180
DA:46,180
DA:47,180
DA:50,180
DA:51,12
DA:52,29
DA:53,6
DA:54,6
DA:56,23
DA:57,23
DA:60,12
DA:61,25
DA:62,8
DA:63,8
DA:65,17
DA:66,17
DA:70,180
DA:71,73
DA:72,73
DA:73,73
DA:74,73
DA:75,48
DA:76,6
DA:77,6
DA:79,42
DA:81,48
DA:83,25
DA:86,107
DA:87,0
DA:89,107
DA:90,6
DA:91,6
DA:93,101
DA:95,107
DA:96,107
DA:100,25
DA:108,1
DA:109,414
DA:120,1
LF:56
LH:51
BRDA:16,1,0,0
BRDA:16,1,1,180
BRDA:16,2,0,180
BRDA:16,2,1,180
BRDA:16,2,2,180
BRDA:18,3,0,0
BRDA:18,3,1,180
BRDA:21,4,0,0
BRDA:21,4,1,180
BRDA:24,5,0,0
BRDA:24,5,1,180
BRDA:41,6,0,3
BRDA:41,6,1,180
BRDA:50,7,0,12
BRDA:50,7,1,168
BRDA:50,8,0,180
BRDA:50,8,1,12
BRDA:52,9,0,6
BRDA:52,9,1,23
BRDA:61,10,0,8
BRDA:61,10,1,17
BRDA:70,11,0,73
BRDA:70,11,1,107
BRDA:74,12,0,48
BRDA:74,12,1,25
BRDA:75,13,0,6
BRDA:75,13,1,42
BRDA:86,14,0,0
BRDA:86,14,1,107
BRDA:89,15,0,6
BRDA:89,15,1,101
BRDA:109,16,0,70
BRDA:109,16,1,344
BRDA:109,17,0,414
BRDA:109,17,1,70
BRDA:109,17,2,344
BRF:36
BRH:31
end_of_record
